<?xml version='1.0' encoding='UTF-8'?>

<xmi:XMI xmlns:uml='http://www.omg.org/spec/UML/20131001' xmlns:xmi='http://www.omg.org/spec/XMI/20131001' xmlns:DSL_Customization='http://www.magicdraw.com/schemas/DSL_Customization.xmi' xmlns:MagicDraw_Profile='http://www.omg.org/spec/UML/20131001/MagicDrawProfile' xmlns:Validation_Profile='http://www.magicdraw.com/schemas/Validation_Profile.xmi' xmlns:ete='http://www.magicdraw.com/schemas/ete.xmi' xmlns:StandardProfile='http://www.omg.org/spec/UML/20131001/StandardProfile'>
	<xmi:Documentation>
		<xmi:exporter>MagicDraw UML</xmi:exporter>
		<xmi:exporterVersion>18.0</xmi:exporterVersion>
	</xmi:Documentation>
	<uml:Model xmi:type='uml:Model' xmi:id='eee_1045467100313_135436_1' name='Data'>
		<ownedComment xmi:type='uml:Comment' xmi:id='_18_0_1243039e_1405844820198_461353_3986' body='Author:jldeleage.&#10;Created:20/07/14 10:27.&#10;Title:.&#10;Comment:.&#10;'>
			<annotatedElement xmi:idref='eee_1045467100313_135436_1'/>
		</ownedComment>
		<packagedElement xmi:type='uml:Model' xmi:id='_18_0_1243039e_1405846253406_189650_4229' name='essai'>
			<packagedElement xmi:type='uml:Package' xmi:id='_18_0_1243039e_1405846278282_591208_4232' name='mesentites'>
				<xmi:Extension extender='MagicDraw UML 18.0'>
					<modelExtension>
						<ownedDiagram xmi:type='uml:Diagram' xmi:id='_18_0_1243039e_1406498732775_80111_4224' name='Sans Titre1' visibility='public' ownerOfDiagram='_18_0_1243039e_1405846278282_591208_4232'>
							<xmi:Extension extender='MagicDraw UML 18.0'>
								<diagramRepresentation>
									<diagram:DiagramRepresentationObject ID='_18_0_1243039e_1406498732867_633268_4245' diagramStyleID='_18_0_1243039e_1411019687369_792333_4363' initialFrameSizeSet='true' requiredFeature=';UML_Standard_Profile.mdzip^UML_FEATURE' type='Class Diagram' umlType='Class Diagram' xmi:id='_IQBQQBXaEeSPY5F1pgNt1A' xmi:version='2.0' xmlns:binary='http://www.nomagic.com/ns/cameo/client/binary/1.0' xmlns:diagram='http://www.nomagic.com/ns/magicdraw/core/diagram/1.0' xmlns:xmi='http://www.omg.org/XMI' xmlns:xsi='http://www.w3.org/2001/XMLSchema-instance'>
										<diagramContents contentHash='c6e50118-abf2-4df4-851d-c990b1a8be4d' exporterName='MagicDraw UML' exporterVersion='18.0' xmi:id='_IQBQQRXaEeSPY5F1pgNt1A'>
											<binaryObject streamContentID='BINARY-cb58862e-c3d6-4faf-9523-35c3c07c15c9' xmi:id='_IQBQQhXaEeSPY5F1pgNt1A' xsi:type='binary:StreamIdentityBinaryObject'/>
											<usedObjects href='#_18_0_1243039e_1406498756291_294616_4257'/>
											<usedObjects href='#_18_0_1243039e_1406498732775_80111_4224'/>
											<usedObjects href='#_18_0_1243039e_1406498824226_994354_4363'/>
											<usedObjects href='#_18_0_1243039e_1406498858220_265577_4406'/>
											<usedObjects href='#_18_0_1243039e_1405891794479_104019_4346'/>
											<usedObjects href='#_18_0_1243039e_1406498824226_474616_4364'/>
											<usedObjects href='#_18_0_1243039e_1406498764608_392115_4258'/>
											<usedObjects href='#_18_0_1243039e_1406498774402_799856_4259'/>
											<usedObjects href='#_18_0_1243039e_1406498854093_33592_4403'/>
											<usedObjects href='#_18_0_1243039e_1406498824226_984901_4362'/>
											<usedElements>_18_0_1243039e_1406498858220_265577_4406</usedElements>
											<usedElements>_18_0_1243039e_1406498774402_799856_4259</usedElements>
											<usedElements>_18_0_1243039e_1406498824226_994354_4363</usedElements>
											<usedElements>_18_0_1243039e_1406498764608_392115_4258</usedElements>
											<usedElements>_18_0_1243039e_1406498732775_80111_4224</usedElements>
											<usedElements>_18_0_1243039e_1406498824226_984901_4362</usedElements>
											<usedElements>_18_0_1243039e_1406498756291_294616_4257</usedElements>
											<usedElements>_18_0_1243039e_1406498854093_33592_4403</usedElements>
											<usedElements>_18_0_1243039e_1406498824226_474616_4364</usedElements>
											<usedElements>_18_0_1243039e_1405891794479_104019_4346</usedElements>
										</diagramContents>
									</diagram:DiagramRepresentationObject>
								</diagramRepresentation>
							</xmi:Extension>
						</ownedDiagram>
					</modelExtension>
				</xmi:Extension>
				<packagedElement xmi:type='uml:Class' xmi:id='_18_0_1243039e_1405890481079_968739_4343' name='Pilote'>
					<ownedAttribute xmi:type='uml:Property' xmi:id='_18_0_1243039e_1405890803858_436453_4481' name='nom' visibility='private'>
						<type href='http://www.omg.org/spec/UML/20131001/PrimitiveTypes.xmi#String'>
							<xmi:Extension extender='MagicDraw UML 18.0'>
								<referenceExtension referentPath='UML Standard Profile::UML2 Metamodel::PrimitiveTypes::String' referentType='PrimitiveType'/>
							</xmi:Extension>
						</type>
					</ownedAttribute>
					<ownedAttribute xmi:type='uml:Property' xmi:id='_18_0_1243039e_1405890835543_61687_4483' name='prenom' visibility='private'>
						<type href='http://www.omg.org/spec/UML/20131001/PrimitiveTypes.xmi#String'>
							<xmi:Extension extender='MagicDraw UML 18.0'>
								<referenceExtension referentPath='UML Standard Profile::UML2 Metamodel::PrimitiveTypes::String' referentType='PrimitiveType'/>
							</xmi:Extension>
						</type>
					</ownedAttribute>
					<ownedOperation xmi:type='uml:Operation' xmi:id='_18_0_1243039e_1405890850070_660307_4485' name='toString' visibility='public'>
						<postcondition xmi:idref='_18_0_1243039e_1405891398766_673474_4490'/>
						<ownedRule xmi:type='uml:Constraint' xmi:id='_18_0_1243039e_1405891398766_673474_4490' name='post-condition-toString'>
							<specification xmi:type='uml:OpaqueExpression' xmi:id='_18_0_1243039e_1405891398767_509714_4491'>
								<body>result = prenom + &#39; &#39; + nom</body>
								<language>OCL2.0</language>
							</specification>
						</ownedRule>
						<ownedParameter xmi:type='uml:Parameter' xmi:id='_18_0_1243039e_1406975937452_411174_4416' visibility='public' direction='return'>
							<type href='http://www.omg.org/spec/UML/20131001/PrimitiveTypes.xmi#String'>
								<xmi:Extension extender='MagicDraw UML 18.0'>
									<referenceExtension referentPath='UML Standard Profile::UML2 Metamodel::PrimitiveTypes::String' referentType='PrimitiveType'/>
								</xmi:Extension>
							</type>
						</ownedParameter>
					</ownedOperation>
				</packagedElement>
				<packagedElement xmi:type='uml:Class' xmi:id='_18_0_1243039e_1405890511138_693709_4344' name='Vol'>
					<xmi:Extension extender='MagicDraw UML 18.0'>
						<modelExtension/>
					</xmi:Extension>
					<ownedRule xmi:type='uml:Constraint' xmi:id='_18_0_1243039e_1405890634556_663869_4475' name='equipage'>
						<constrainedElement xmi:idref='_18_0_1243039e_1405890511138_693709_4344'/>
						<specification xmi:type='uml:OpaqueExpression' xmi:id='_18_0_1243039e_1405890634556_435509_4476'>
							<body>       self.commandant &lt;&gt; self.second</body>
							<language>OCL2.0</language>
						</specification>
					</ownedRule>
					<ownedAttribute xmi:type='uml:Property' xmi:id='_18_0_1243039e_1405890545910_859530_4430' name='commandant' visibility='private' type='_18_0_1243039e_1405890481079_968739_4343' association='_18_0_1243039e_1405890545910_800676_4429'/>
					<ownedAttribute xmi:type='uml:Property' xmi:id='_18_0_1243039e_1405890567372_842147_4455' name='second' visibility='private' type='_18_0_1243039e_1405890481079_968739_4343' association='_18_0_1243039e_1405890567372_440587_4454'/>
				</packagedElement>
				<packagedElement xmi:type='uml:Association' xmi:id='_18_0_1243039e_1405890545910_800676_4429'>
					<memberEnd xmi:idref='_18_0_1243039e_1405890545910_859530_4430'/>
					<memberEnd xmi:idref='_18_0_1243039e_1405890545910_926114_4431'/>
					<ownedEnd xmi:type='uml:Property' xmi:id='_18_0_1243039e_1405890545910_926114_4431' visibility='private' type='_18_0_1243039e_1405890511138_693709_4344' association='_18_0_1243039e_1405890545910_800676_4429'/>
				</packagedElement>
				<packagedElement xmi:type='uml:Association' xmi:id='_18_0_1243039e_1405890567372_440587_4454'>
					<memberEnd xmi:idref='_18_0_1243039e_1405890567372_842147_4455'/>
					<memberEnd xmi:idref='_18_0_1243039e_1405890567373_832977_4456'/>
					<ownedEnd xmi:type='uml:Property' xmi:id='_18_0_1243039e_1405890567373_832977_4456' visibility='private' type='_18_0_1243039e_1405890511138_693709_4344' association='_18_0_1243039e_1405890567372_440587_4454'/>
				</packagedElement>
				<packagedElement xmi:type='uml:Class' xmi:id='_18_0_1243039e_1405891794479_104019_4346' name='Compte'>
					<ownedAttribute xmi:type='uml:Property' xmi:id='_18_0_1243039e_1405891804506_750485_4347' name='solde' visibility='private'>
						<type href='UML_Standard_Profile.mdzip#eee_1045467100323_848034_66'>
							<xmi:Extension extender='MagicDraw UML 18.0'>
								<referenceExtension referentPath='UML Standard Profile::MagicDraw Profile::datatypes::double' referentType='DataType'/>
							</xmi:Extension>
						</type>
					</ownedAttribute>
					<ownedAttribute xmi:type='uml:Property' xmi:id='_18_0_1243039e_1406498824226_474616_4364' name='operations' visibility='private' type='_18_0_1243039e_1406498756291_294616_4257' association='_18_0_1243039e_1406498824226_984901_4362'>
						<lowerValue xmi:type='uml:LiteralInteger' xmi:id='_18_0_1243039e_1406498844458_684074_4395'/>
						<upperValue xmi:type='uml:LiteralUnlimitedNatural' xmi:id='_18_0_1243039e_1406498844458_828761_4396' value='*'/>
					</ownedAttribute>
					<ownedOperation xmi:type='uml:Operation' xmi:id='_18_0_1243039e_1405891830389_113707_4348' name='crediter' visibility='public'>
						<postcondition xmi:idref='_18_0_1243039e_1405891945812_689881_4614'/>
						<precondition xmi:idref='_18_0_1243039e_1405892070447_513651_4616'/>
						<ownedRule xmi:type='uml:Constraint' xmi:id='_18_0_1243039e_1405891945812_689881_4614' name='posr-condition-crediter'>
							<specification xmi:type='uml:OpaqueExpression' xmi:id='_18_0_1243039e_1405891945812_5052_4615'>
								<body>solde = solde@pre + montant</body>
								<language>OCL2.0</language>
							</specification>
						</ownedRule>
						<ownedRule xmi:type='uml:Constraint' xmi:id='_18_0_1243039e_1405892070447_513651_4616' name='pre-condition-crediter'>
							<specification xmi:type='uml:OpaqueExpression' xmi:id='_18_0_1243039e_1405892070447_842815_4617'>
								<body>montant &gt; 0</body>
								<language>OCL2.0</language>
							</specification>
						</ownedRule>
						<ownedParameter xmi:type='uml:Parameter' xmi:id='_18_0_1243039e_1405891846871_430781_4350' name='montant' visibility='public'>
							<type href='UML_Standard_Profile.mdzip#eee_1045467100323_848034_66'>
								<xmi:Extension extender='MagicDraw UML 18.0'>
									<referenceExtension referentPath='UML Standard Profile::MagicDraw Profile::datatypes::double' referentType='DataType'/>
								</xmi:Extension>
							</type>
						</ownedParameter>
						<ownedParameter xmi:type='uml:Parameter' xmi:id='_18_0_1243039e_1405891881507_659632_4351' name='resultat' visibility='public' direction='return'>
							<type href='UML_Standard_Profile.mdzip#eee_1045467100323_848034_66'>
								<xmi:Extension extender='MagicDraw UML 18.0'>
									<referenceExtension referentPath='UML Standard Profile::MagicDraw Profile::datatypes::double' referentType='DataType'/>
								</xmi:Extension>
							</type>
						</ownedParameter>
					</ownedOperation>
				</packagedElement>
				<packagedElement xmi:type='uml:Class' xmi:id='_18_0_1243039e_1406498746788_639957_4256' name='Brevet'/>
				<packagedElement xmi:type='uml:Class' xmi:id='_18_0_1243039e_1406498756291_294616_4257' name='Operation'>
					<ownedAttribute xmi:type='uml:Property' xmi:id='_18_0_1243039e_1406498824226_994354_4363' name='compte' visibility='private' type='_18_0_1243039e_1405891794479_104019_4346' association='_18_0_1243039e_1406498824226_984901_4362'>
						<xmi:Extension extender='MagicDraw UML 18.0'>
							<modelExtension>
								<lowerValue xmi:type='uml:LiteralInteger' xmi:id='_18_0_1243039e_1406498839391_745849_4389' value='1'/>
							</modelExtension>
						</xmi:Extension>
						<xmi:Extension extender='MagicDraw UML 18.0'>
							<modelExtension>
								<upperValue xmi:type='uml:LiteralUnlimitedNatural' xmi:id='_18_0_1243039e_1406498839392_534225_4390' value='1'/>
							</modelExtension>
						</xmi:Extension>
					</ownedAttribute>
					<ownedAttribute xmi:type='uml:Property' xmi:id='_18_0_1243039e_1406498895839_574832_4407' name='dateValeur' visibility='private'>
						<type href='UML_Standard_Profile.mdzip#_be00301_1073305590699_364818_1'>
							<xmi:Extension extender='MagicDraw UML 18.0'>
								<referenceExtension referentPath='UML Standard Profile::MagicDraw Profile::datatypes::date' referentType='DataType'/>
							</xmi:Extension>
						</type>
					</ownedAttribute>
					<ownedAttribute xmi:type='uml:Property' xmi:id='_18_0_1243039e_1406498925154_99910_4410' name='montant' visibility='private'>
						<type href='UML_Standard_Profile.mdzip#eee_1045467100323_848034_66'>
							<xmi:Extension extender='MagicDraw UML 18.0'>
								<referenceExtension referentPath='UML Standard Profile::MagicDraw Profile::datatypes::double' referentType='DataType'/>
							</xmi:Extension>
						</type>
					</ownedAttribute>
				</packagedElement>
				<packagedElement xmi:type='uml:Class' xmi:id='_18_0_1243039e_1406498764608_392115_4258' name='Retrait'>
					<generalization xmi:type='uml:Generalization' xmi:id='_18_0_1243039e_1406498854093_33592_4403' general='_18_0_1243039e_1406498756291_294616_4257'/>
				</packagedElement>
				<packagedElement xmi:type='uml:Class' xmi:id='_18_0_1243039e_1406498774402_799856_4259' name='Versement'>
					<generalization xmi:type='uml:Generalization' xmi:id='_18_0_1243039e_1406498858220_265577_4406' general='_18_0_1243039e_1406498756291_294616_4257'/>
				</packagedElement>
				<packagedElement xmi:type='uml:Association' xmi:id='_18_0_1243039e_1406498824226_984901_4362'>
					<memberEnd xmi:idref='_18_0_1243039e_1406498824226_994354_4363'/>
					<memberEnd xmi:idref='_18_0_1243039e_1406498824226_474616_4364'/>
				</packagedElement>
			</packagedElement>
			<packagedElement xmi:type='uml:Package' xmi:id='_18_0_1243039e_1411019670245_650906_4361' name='monIHM'>
				<xmi:Extension extender='MagicDraw UML 18.0'>
					<modelExtension>
						<ownedDiagram xmi:type='uml:Diagram' xmi:id='_18_0_1243039e_1411023468245_76466_4368' name='gestion_vol' visibility='public' ownerOfDiagram='_18_0_1243039e_1411019670245_650906_4361'>
							<xmi:Extension extender='MagicDraw UML 18.0'>
								<diagramRepresentation>
									<diagram:DiagramRepresentationObject ID='_18_0_1243039e_1411023468255_809297_4388' diagramStyleID='_18_0_1243039e_1411019687369_792333_4363' initialFrameSizeSet='true' requiredFeature=';UML_Standard_Profile.mdzip^UML_FEATURE' type='Class Diagram' umlType='Class Diagram' xmi:id='_GXTOAD8BEeSHz7JIAPIyBw' xmi:version='2.0' xmlns:binary='http://www.nomagic.com/ns/cameo/client/binary/1.0' xmlns:diagram='http://www.nomagic.com/ns/magicdraw/core/diagram/1.0' xmlns:xmi='http://www.omg.org/XMI' xmlns:xsi='http://www.w3.org/2001/XMLSchema-instance'>
										<diagramContents contentHash='d407ed1e-0aaa-445f-8cb1-d67abbb8c23f' exporterName='MagicDraw UML' exporterVersion='18.0' xmi:id='_GXTOAT8BEeSHz7JIAPIyBw'>
											<binaryObject streamContentID='BINARY-5ccef1bc-49c5-4072-9df0-06127f4743e2' xmi:id='_GXTOAj8BEeSHz7JIAPIyBw' xsi:type='binary:StreamIdentityBinaryObject'/>
											<usedObjects href='#_18_0_1243039e_1411023545094_417783_4460'/>
											<usedObjects href='#_18_0_1243039e_1411023514541_242926_4432'/>
											<usedObjects href='#_18_0_1243039e_1411023468245_76466_4368'/>
											<usedObjects href='#_18_0_1243039e_1411023496863_598331_4410'/>
											<usedObjects href='#_18_0_1243039e_1411019670245_650906_4361'/>
											<usedElements>_18_0_1243039e_1411019670245_650906_4361</usedElements>
											<usedElements>_18_0_1243039e_1411023514541_242926_4432</usedElements>
											<usedElements>_18_0_1243039e_1411023545094_417783_4460</usedElements>
											<usedElements>_18_0_1243039e_1411023468245_76466_4368</usedElements>
											<usedElements>_18_0_1243039e_1411023496863_598331_4410</usedElements>
										</diagramContents>
									</diagram:DiagramRepresentationObject>
								</diagramRepresentation>
							</xmi:Extension>
						</ownedDiagram>
					</modelExtension>
				</xmi:Extension>
				<packagedElement xmi:type='uml:Class' xmi:id='_18_0_1243039e_1411023514541_242926_4432' name='Accueil'>
					<ownedAttribute xmi:type='uml:Property' xmi:id='_18_0_1243039e_1411023532439_270481_4457' name='volsNonPlanifies' visibility='private'/>
				</packagedElement>
				<packagedElement xmi:type='uml:Class' xmi:id='_18_0_1243039e_1411023545094_417783_4460' name='PlanificationUnVol'/>
			</packagedElement>
			<packagedElement xmi:type='uml:Actor' xmi:id='_18_0_1243039e_1411023496863_598331_4410' name='GestionnairePlanning'/>
		</packagedElement>
	</uml:Model>
	<xmi:Extension extender='MagicDraw UML 18.0'>
		<stereotypesHREFS>
			<stereotype name='MagicDraw_Profile:DiagramInfo' stereotypeHREF='local:/PROJECT-877558e9224f114d50dea1f39a1c119?resource=com.nomagic.magicdraw.uml_umodel.shared_umodel#_9_0_be00301_1108044380615_150487_0'/>
			<tag name='MagicDraw_Profile:DiagramInfo:base_Element' tagID='_10_0EAPbeta_be00301_1123081772098_411862_275' tagURI='local:/PROJECT-877558e9224f114d50dea1f39a1c119?resource=com.nomagic.magicdraw.uml_umodel.shared_umodel#_10_0EAPbeta_be00301_1123081772098_411862_275'/>
			<tag name='MagicDraw_Profile:DiagramInfo:Creation_date' tagID='_be00301_1073306188629_537791_2' tagURI='local:/PROJECT-877558e9224f114d50dea1f39a1c119?resource=com.nomagic.magicdraw.uml_umodel.shared_umodel#_be00301_1073306188629_537791_2'/>
			<tag name='MagicDraw_Profile:DiagramInfo:Author' tagID='_be00301_1077726770128_871366_1' tagURI='local:/PROJECT-877558e9224f114d50dea1f39a1c119?resource=com.nomagic.magicdraw.uml_umodel.shared_umodel#_be00301_1077726770128_871366_1'/>
			<tag name='MagicDraw_Profile:DiagramInfo:Modification_date' tagID='_be00301_1073394345322_922552_1' tagURI='local:/PROJECT-877558e9224f114d50dea1f39a1c119?resource=com.nomagic.magicdraw.uml_umodel.shared_umodel#_be00301_1073394345322_922552_1'/>
			<tag name='MagicDraw_Profile:DiagramInfo:Last_modified_by' tagID='_16_8beta_8ca0285_1257244649124_794756_344' tagURI='local:/PROJECT-877558e9224f114d50dea1f39a1c119?resource=com.nomagic.magicdraw.uml_umodel.shared_umodel#_16_8beta_8ca0285_1257244649124_794756_344'/>
			<stereotype name='ete:boundary_package' stereotypeHREF='local:/PROJECT-a520009f-1bba-46c9-b608-b5676726ab2f?resource=com.nomagic.magicdraw.uml_umodel.shared_umodel#_18_0_1243039e_1405844327959_952148_4041'/>
			<stereotype name='ete:entity_package' stereotypeHREF='local:/PROJECT-a520009f-1bba-46c9-b608-b5676726ab2f?resource=com.nomagic.magicdraw.uml_umodel.shared_umodel#_18_0_1243039e_1405844262958_708769_4030'/>
			<stereotype name='ete:ete' stereotypeHREF='local:/PROJECT-a520009f-1bba-46c9-b608-b5676726ab2f?resource=com.nomagic.magicdraw.uml_umodel.shared_umodel#_18_0_1243039e_1405843768751_735012_3995'/>
		</stereotypesHREFS>
	</xmi:Extension>
	<ete:boundary_package xmi:id='_18_0_1243039e_1411019687357_888389_4362' base_Package='_18_0_1243039e_1411019670245_650906_4361'/>
	<ete:entity_package xmi:id='_18_0_1243039e_1405846299957_999600_4233' base_Package='_18_0_1243039e_1405846278282_591208_4232'/>
	<ete:ete xmi:id='_18_0_1243039e_1405846270882_500447_4230' base_Element='_18_0_1243039e_1405846253406_189650_4229'/>
	<MagicDraw_Profile:DiagramInfo xmi:id='_18_0_1243039e_1406498732856_186793_4236' base_Diagram='_18_0_1243039e_1406498732775_80111_4224' Creation_date='28/07/14 00:05' Modification_date='28/07/14 00:08' Author='jldeleage' Last_modified_by='jldeleage'/>
	<MagicDraw_Profile:DiagramInfo xmi:id='_18_0_1243039e_1411023468250_878480_4379' base_Diagram='_18_0_1243039e_1411023468245_76466_4368' Creation_date='18/09/14 08:57' Modification_date='18/09/14 08:58' Author='jldeleage' Last_modified_by='jldeleage'/>
	<xmi:Extension extender='MagicDraw UML 18.0'>
		<filePart name='BINARY-cb58862e-c3d6-4faf-9523-35c3c07c15c9' type='XML' header='&lt;?xml version=&#39;1.0&#39; encoding=&#39;UTF-8&#39;?&gt;'>

<mdOwnedViews>
	<mdElement elementClass='DiagramFrame' xmi:id='_18_0_1243039e_1406498732869_262139_4246'>
		<elementID xmi:idref='_18_0_1243039e_1406498732775_80111_4224'/>
		<geometry>5, 5, 716, 690</geometry>
		<compartment compartmentID='TAGGED_VALUES'/>
		<mdOwnedViews/>
	</mdElement>
	<mdElement elementClass='Class' xmi:id='_18_0_1243039e_1406498789782_777506_4262'>
		<elementID xmi:idref='_18_0_1243039e_1405891794479_104019_4346'/>
		<geometry>28, 252, 185, 87</geometry>
		<compartment compartmentID='TAGGED_VALUES'/>
		<mdOwnedViews/>
	</mdElement>
	<mdElement elementClass='Class' xmi:id='_18_0_1243039e_1406498795996_898193_4286'>
		<elementID xmi:idref='_18_0_1243039e_1406498756291_294616_4257'/>
		<geometry>490, 259, 147, 84</geometry>
		<compartment compartmentID='TAGGED_VALUES'/>
		<mdOwnedViews/>
	</mdElement>
	<mdElement elementClass='Class' xmi:id='_18_0_1243039e_1406498808293_533440_4310'>
		<elementID xmi:idref='_18_0_1243039e_1406498764608_392115_4258'/>
		<geometry>287, 462, 80, 24</geometry>
		<compartment compartmentID='TAGGED_VALUES'/>
		<mdOwnedViews/>
	</mdElement>
	<mdElement elementClass='Class' xmi:id='_18_0_1243039e_1406498812831_3290_4334'>
		<elementID xmi:idref='_18_0_1243039e_1406498774402_799856_4259'/>
		<geometry>588, 469, 80, 24</geometry>
		<compartment compartmentID='TAGGED_VALUES'/>
		<mdOwnedViews/>
	</mdElement>
	<mdElement elementClass='Association' xmi:id='_18_0_1243039e_1406498823024_855123_4361'>
		<elementID xmi:idref='_18_0_1243039e_1406498824226_984901_4362'/>
		<linkFirstEndID xmi:idref='_18_0_1243039e_1406498789782_777506_4262'/>
		<linkSecondEndID xmi:idref='_18_0_1243039e_1406498795996_898193_4286'/>
		<geometry>213, 294; 490, 294; </geometry>
		<compartment compartmentID='TAGGED_VALUES'/>
		<nameVisible xmi:value='true'/>
		<mdOwnedViews>
			<mdElement elementClass='Role' xmi:id='_18_0_1243039e_1406498824232_793659_4365'>
				<elementID xmi:idref='_18_0_1243039e_1406498824226_994354_4363'/>
				<geometry>213, 289, 10, 10</geometry>
				<compartment compartmentID='TAGGED_VALUES'/>
				<mdOwnedViews>
					<mdElement elementClass='TextBox' xmi:id='_18_0_1243039e_1406498833292_158184_4385'>
						<geometry>216, 278, 41, 13</geometry>
						<mdOwnedViews/>
						<text>-compte</text>
					</mdElement>
					<mdElement elementClass='TextBox' xmi:id='_18_0_1243039e_1406498839398_731792_4391'>
						<geometry>216, 297, 24, 13</geometry>
						<mdOwnedViews/>
						<text>1</text>
					</mdElement>
				</mdOwnedViews>
				<roleNameID xmi:idref='_18_0_1243039e_1406498833292_158184_4385'/>
				<roleMultiplicityID xmi:idref='_18_0_1243039e_1406498839398_731792_4391'/>
			</mdElement>
			<mdElement elementClass='Role' xmi:id='_18_0_1243039e_1406498824232_50002_4368'>
				<elementID xmi:idref='_18_0_1243039e_1406498824226_474616_4364'/>
				<geometry>480, 289, 10, 10</geometry>
				<compartment compartmentID='TAGGED_VALUES'/>
				<mdOwnedViews>
					<mdElement elementClass='TextBox' xmi:id='_18_0_1243039e_1406498827001_370883_4379'>
						<geometry>431, 278, 56, 13</geometry>
						<mdOwnedViews/>
						<text>-operations</text>
					</mdElement>
					<mdElement elementClass='TextBox' xmi:id='_18_0_1243039e_1406498844463_147086_4397'>
						<geometry>463, 297, 24, 13</geometry>
						<mdOwnedViews/>
						<text>0..*</text>
					</mdElement>
				</mdOwnedViews>
				<roleNameID xmi:idref='_18_0_1243039e_1406498827001_370883_4379'/>
				<roleMultiplicityID xmi:idref='_18_0_1243039e_1406498844463_147086_4397'/>
			</mdElement>
		</mdOwnedViews>
		<associationFirstEndID xmi:idref='_18_0_1243039e_1406498824232_793659_4365'/>
		<associationSecondEndID xmi:idref='_18_0_1243039e_1406498824232_50002_4368'/>
	</mdElement>
	<mdElement elementClass='Generalization' xmi:id='_18_0_1243039e_1406498852476_873235_4402'>
		<elementID xmi:idref='_18_0_1243039e_1406498854093_33592_4403'/>
		<linkFirstEndID xmi:idref='_18_0_1243039e_1406498795996_898193_4286'/>
		<linkSecondEndID xmi:idref='_18_0_1243039e_1406498808293_533440_4310'/>
		<geometry>508, 343; 508, 473; 367, 473; </geometry>
		<compartment compartmentID='TAGGED_VALUES'/>
		<nameVisible xmi:value='false'/>
	</mdElement>
	<mdElement elementClass='Generalization' xmi:id='_18_0_1243039e_1406498857151_664059_4405'>
		<elementID xmi:idref='_18_0_1243039e_1406498858220_265577_4406'/>
		<linkFirstEndID xmi:idref='_18_0_1243039e_1406498795996_898193_4286'/>
		<linkSecondEndID xmi:idref='_18_0_1243039e_1406498812831_3290_4334'/>
		<geometry>567, 343; 567, 480; 588, 480; </geometry>
		<compartment compartmentID='TAGGED_VALUES'/>
		<nameVisible xmi:value='false'/>
	</mdElement>
</mdOwnedViews></filePart>
	</xmi:Extension>
	<xmi:Extension extender='MagicDraw UML 18.0'>
		<filePart name='com.nomagic.ci.proxy.snapshot.descriptor.descriptors' type='XML' header='&lt;?xml version=&quot;1.0&quot; encoding=&quot;ASCII&quot;?&gt;'>
<snapshot:SnapshotInfoContainer xmi:version="2.0" xmlns:xmi="http://www.omg.org/XMI" xmlns:snapshot="http://www.nomagic.com/ns/cameo/client/snapshot/1.0" xmi:id="_w_oCgJnOEeG5IL63JP9cFw">
  <snaphotDescriptors xmi:id="_xwW74JnOEeG5IL63JP9cFw" originalResourceURI="local:/PROJECT-5d6756d4ab7fcc1b9be2b6b7ce3f4f23?resource=com.nomagic.magicdraw.uml_umodel.model"/>
  <snaphotDescriptors xmi:id="_xwW74ZnOEeG5IL63JP9cFw" originalResourceURI="local:/PROJECT-877558e9224f114d50dea1f39a1c119?resource=com.nomagic.magicdraw.uml_umodel.shared_umodel">
    <sharePointObjects>magicdraw_uml_standard_profile_v_0001</sharePointObjects>
  </snaphotDescriptors>
  <snaphotDescriptors xmi:id="_nsbT0A_nEeS6K94cWixg1g" originalResourceURI="local:/PROJECT-17774796-0604-4438-a00a-d26ff07ccd4e?resource=com.nomagic.magicdraw.uml_umodel.model"/>
  <snaphotDescriptors xmi:id="_FEhH0A_rEeS6K94cWixg1g" originalResourceURI="local:/PROJECT-a520009f-1bba-46c9-b608-b5676726ab2f?resource=com.nomagic.magicdraw.uml_umodel.shared_umodel">
    <sharePointObjects>_18_0_1243039e_1405843756022_653382_3993</sharePointObjects>
  </snaphotDescriptors>
</snapshot:SnapshotInfoContainer>
</filePart>
	</xmi:Extension>
	<xmi:Extension extender='MagicDraw UML 18.0'>
		<filePart name='proxy.local__PROJECT$ha520009f$h1bba$h46c9$hb608$hb5676726ab2f_resource_com$dnomagic$dmagicdraw$duml_umodel$dshared_umodel$dsnapshot' type='XML' header='&lt;?xml version=&quot;1.0&quot; encoding=&quot;ASCII&quot;?&gt;'>
<xmi:XMI xmi:version="2.0" xmlns:xmi="http://www.omg.org/XMI" xmlns:xsi="http://www.w3.org/2001/XMLSchema-instance" xmlns:uml="http://www.nomagic.com/magicdraw/UML/2.5">
  <uml:Package xmi:id="magicdraw_uml_standard_profile_v_0001" ID="magicdraw_uml_standard_profile_v_0001" name="UML Standard Profile">
    <owningPackage href="PROJECT-17774796-0604-4438-a00a-d26ff07ccd4e?resource=com.nomagic.magicdraw.uml_umodel.model#eee_1045467100313_135436_1"/>
    <appliedStereotypeInstance xmi:id="_12_1_8f90291_1174411598625_504587_98" ID="_12_1_8f90291_1174411598625_504587_98">
      <classifier xsi:type="uml:Stereotype" href="#_12_1_8f90291_1173963323875_662612_98"/>
    </appliedStereotypeInstance>
    <packagedElement xsi:type="uml:Profile" xmi:id="_be00301_1073394351331_445580_2" ID="_be00301_1073394351331_445580_2" name="MagicDraw Profile">
      <packagedElement xsi:type="uml:Stereotype" xmi:id="_12_1_8f90291_1173963323875_662612_98" ID="_12_1_8f90291_1173963323875_662612_98" name="auxiliaryResource">
        <generalization xmi:id="_15_0_8f90291_1196866634537_680603_98" ID="_15_0_8f90291_1196866634537_680603_98">
          <general xsi:type="uml:Stereotype" href="#_9_0_be00301_1108044721245_236588_411"/>
        </generalization>
        <ownedAttribute xmi:id="_12_1_8f90291_1173963939937_52316_99" ID="_12_1_8f90291_1173963939937_52316_99" name="base_Package" visibility="private">
          <type xsi:type="uml:Class" href="#_9_0_62a020a_1105704885298_713292_7913"/>
        </ownedAttribute>
      </packagedElement>
      <packagedElement xsi:type="uml:Extension" xmi:id="_10_0EAPbeta_be00301_1123081772098_323897_274" ID="_10_0EAPbeta_be00301_1123081772098_323897_274">
        <memberEnd href="#_10_0EAPbeta_be00301_1123081772108_624594_276"/>
        <memberEnd href="#_10_0EAPbeta_be00301_1123081772098_411862_275"/>
        <ownedEnd xsi:type="uml:ExtensionEnd" xmi:id="_10_0EAPbeta_be00301_1123081772108_624594_276" ID="_10_0EAPbeta_be00301_1123081772108_624594_276" name="extension_InvisibleStereotype" visibility="private" aggregation="composite">
          <type xsi:type="uml:Stereotype" href="#_9_0_be00301_1108044721245_236588_411"/>
        </ownedEnd>
      </packagedElement>
      <packagedElement xsi:type="uml:Extension" xmi:id="_12_1_8f90291_1173963939937_323574_98" ID="_12_1_8f90291_1173963939937_323574_98">
        <memberEnd href="#_12_1_8f90291_1173963939937_399630_100"/>
        <memberEnd href="#_12_1_8f90291_1173963939937_52316_99"/>
        <ownedEnd xsi:type="uml:ExtensionEnd" xmi:id="_12_1_8f90291_1173963939937_399630_100" ID="_12_1_8f90291_1173963939937_399630_100" name="extension_auxiliaryResource" visibility="private" aggregation="composite">
          <type xsi:type="uml:Stereotype" href="#_12_1_8f90291_1173963323875_662612_98"/>
        </ownedEnd>
      </packagedElement>
      <packagedElement xsi:type="uml:Stereotype" xmi:id="_9_0_be00301_1108044721245_236588_411" ID="_9_0_be00301_1108044721245_236588_411" name="InvisibleStereotype">
        <ownedAttribute xmi:id="_10_0EAPbeta_be00301_1123081772098_411862_275" ID="_10_0EAPbeta_be00301_1123081772098_411862_275" name="base_Element" visibility="private">
          <type xsi:type="uml:Class" href="#_9_0_62a020a_1105704884807_371561_7741"/>
        </ownedAttribute>
      </packagedElement>
    </packagedElement>
    <packagedElement xsi:type="uml:Model" xmi:id="_9_0_be00301_1108053761194_467635_11463" ID="_9_0_be00301_1108053761194_467635_11463" name="UML2 Metamodel">
      <appliedStereotypeInstance xmi:id="_10_0EAPbeta_be00301_1123081771126_233373_95" ID="_10_0EAPbeta_be00301_1123081771126_233373_95">
        <classifier xsi:type="uml:Stereotype" href="#magicdraw_1046861421236_601240_36"/>
      </appliedStereotypeInstance>
      <packagedElement xsi:type="uml:Class" xmi:id="_9_0_62a020a_1105704885298_713292_7913" ID="_9_0_62a020a_1105704885298_713292_7913" name="Package"/>
      <packagedElement xsi:type="uml:Class" xmi:id="_9_0_62a020a_1105704884807_371561_7741" ID="_9_0_62a020a_1105704884807_371561_7741" name="Element"/>
      <packagedElement xsi:type="uml:Class" xmi:id="_9_0_62a020a_1105704920340_825592_9329" ID="_9_0_62a020a_1105704920340_825592_9329" name="Model"/>
    </packagedElement>
    <packagedElement xsi:type="uml:Profile" xmi:id="_9_0_be00301_1108050582343_527400_10847" ID="_9_0_be00301_1108050582343_527400_10847" name="StandardProfile">
      <packagedElement xsi:type="uml:Stereotype" xmi:id="magicdraw_1046861421236_601240_36" ID="magicdraw_1046861421236_601240_36" name="Metamodel">
        <ownedAttribute xmi:id="_10_0EAPbeta_be00301_1123081771136_271406_98" ID="_10_0EAPbeta_be00301_1123081771136_271406_98" name="base_Model" visibility="private">
          <type xsi:type="uml:Class" href="#_9_0_62a020a_1105704920340_825592_9329"/>
        </ownedAttribute>
      </packagedElement>
      <packagedElement xsi:type="uml:Extension" xmi:id="_10_0EAPbeta_be00301_1123081771136_824883_97" ID="_10_0EAPbeta_be00301_1123081771136_824883_97">
        <memberEnd href="#_10_0EAPbeta_be00301_1123081771136_580423_99"/>
        <memberEnd href="#_10_0EAPbeta_be00301_1123081771136_271406_98"/>
        <ownedEnd xsi:type="uml:ExtensionEnd" xmi:id="_10_0EAPbeta_be00301_1123081771136_580423_99" ID="_10_0EAPbeta_be00301_1123081771136_580423_99" name="extension_metamodel" visibility="private" aggregation="composite">
          <type xsi:type="uml:Stereotype" href="#magicdraw_1046861421236_601240_36"/>
        </ownedEnd>
      </packagedElement>
    </packagedElement>
  </uml:Package>
  <uml:Profile xmi:id="_18_0_1243039e_1405843756022_653382_3993" ID="_18_0_1243039e_1405843756022_653382_3993" name="ete">
    <packagedElement xsi:type="uml:Stereotype" xmi:id="_18_0_1243039e_1405843768751_735012_3995" ID="_18_0_1243039e_1405843768751_735012_3995" name="ete">
      <ownedAttribute xmi:id="_18_0_1243039e_1405843768757_875288_3997" ID="_18_0_1243039e_1405843768757_875288_3997" name="base_Element" visibility="private">
        <type xsi:type="uml:Class" href="#_9_0_62a020a_1105704884807_371561_7741"/>
      </ownedAttribute>
    </packagedElement>
    <packagedElement xsi:type="uml:Extension" xmi:id="_18_0_1243039e_1405843768756_39692_3996" ID="_18_0_1243039e_1405843768756_39692_3996" memberEnd="_18_0_1243039e_1405843768757_875288_3997 _18_0_1243039e_1405843768757_211298_3998">
      <ownedEnd xsi:type="uml:ExtensionEnd" xmi:id="_18_0_1243039e_1405843768757_211298_3998" ID="_18_0_1243039e_1405843768757_211298_3998" name="extension_sans nom1" visibility="private" type="_18_0_1243039e_1405843768751_735012_3995" aggregation="composite"/>
    </packagedElement>
    <packagedElement xsi:type="uml:Stereotype" xmi:id="_18_0_1243039e_1405844262958_708769_4030" ID="_18_0_1243039e_1405844262958_708769_4030" name="entity-package">
      <ownedAttribute xmi:id="_18_0_1243039e_1405844291051_683210_4037" ID="_18_0_1243039e_1405844291051_683210_4037" name="base_Package" visibility="private">
        <type xsi:type="uml:Class" href="#_9_0_62a020a_1105704885298_713292_7913"/>
      </ownedAttribute>
    </packagedElement>
    <packagedElement xsi:type="uml:Extension" xmi:id="_18_0_1243039e_1405844291051_532965_4036" ID="_18_0_1243039e_1405844291051_532965_4036" memberEnd="_18_0_1243039e_1405844291051_683210_4037 _18_0_1243039e_1405844291051_930867_4038">
      <ownedEnd xsi:type="uml:ExtensionEnd" xmi:id="_18_0_1243039e_1405844291051_930867_4038" ID="_18_0_1243039e_1405844291051_930867_4038" name="extension_sans nom1" visibility="private" type="_18_0_1243039e_1405844262958_708769_4030" aggregation="composite"/>
    </packagedElement>
    <packagedElement xsi:type="uml:Stereotype" xmi:id="_18_0_1243039e_1405844327959_952148_4041" ID="_18_0_1243039e_1405844327959_952148_4041" name="boundary-package">
      <ownedAttribute xmi:id="_18_0_1243039e_1405844649285_7402_4048" ID="_18_0_1243039e_1405844649285_7402_4048" name="base_Package" visibility="private">
        <type xsi:type="uml:Class" href="#_9_0_62a020a_1105704885298_713292_7913"/>
      </ownedAttribute>
    </packagedElement>
    <packagedElement xsi:type="uml:Extension" xmi:id="_18_0_1243039e_1405844649285_158965_4047" ID="_18_0_1243039e_1405844649285_158965_4047" memberEnd="_18_0_1243039e_1405844649285_7402_4048 _18_0_1243039e_1405844649285_18628_4049">
      <ownedEnd xsi:type="uml:ExtensionEnd" xmi:id="_18_0_1243039e_1405844649285_18628_4049" ID="_18_0_1243039e_1405844649285_18628_4049" name="extension_boundary-package" visibility="private" type="_18_0_1243039e_1405844327959_952148_4041" aggregation="composite"/>
    </packagedElement>
  </uml:Profile>
</xmi:XMI>
</filePart>
	</xmi:Extension>
	<xmi:Extension extender='MagicDraw UML 18.0'>
		<filePart name='proxy.local__PROJECT$ha520009f$h1bba$h46c9$hb608$hb5676726ab2f_resource_com$dnomagic$dci$dmetamodel$dproject$dsnapshot' type='XML' header='&lt;?xml version=&quot;1.0&quot; encoding=&quot;ASCII&quot;?&gt;'>
<project:Project xmi:version="2.0" xmlns:xmi="http://www.omg.org/XMI" xmlns:project="http://www.nomagic.com/ns/cameo/client/project/1.0" xmi:id="_sVhegA_qEeS6K94cWixg1g" description="" id="_sVg3cA_qEeS6K94cWixg1g">
  <ownedSections xmi:id="_sVsdoA_qEeS6K94cWixg1g" name="shared_model" shared="true" featuredBy="_sVrPgA_qEeS6K94cWixg1g">
    <sharePoints xmi:id="_sVu54A_qEeS6K94cWixg1g" ID="_sVtrwA_qEeS6K94cWixg1g">
      <object href="PROJECT-a520009f-1bba-46c9-b608-b5676726ab2f?resource=com.nomagic.magicdraw.uml_umodel.shared_umodel#_18_0_1243039e_1405843756022_653382_3993"/>
      <options xmi:id="_sVu54Q_qEeS6K94cWixg1g" key="preferredPath" value="::"/>
    </sharePoints>
  </ownedSections>
  <ownedSections xmi:id="_sVvg8A_qEeS6K94cWixg1g" name="commonprojectoptions" shared="true" featuredBy="_sVu54g_qEeS6K94cWixg1g"/>
  <ownedSections xmi:id="_sVwIAg_qEeS6K94cWixg1g" name="personalprojectoptions" shared="true" belongsTo="_sVwIAQ_qEeS6K94cWixg1g" featuredBy="_sVu54g_qEeS6K94cWixg1g"/>
  <ownedSections xmi:id="_sXqMgA_qEeS6K94cWixg1g" name="model" featuredBy="_sVrPgA_qEeS6K94cWixg1g"/>
  <userParts xmi:id="_sVwIAQ_qEeS6K94cWixg1g" user="_sVwIAA_qEeS6K94cWixg1g" sections="_sVwIAg_qEeS6K94cWixg1g"/>
  <projectUsages xmi:id="_sWuYYA_qEeS6K94cWixg1g" usedProjectURI="file:/Applications/MagicDraw/profiles/UML_Standard_Profile.mdzip" reshared="true" readonly="true" preferredProjectRepositoryType="" loadedAutomatically="true">
    <usedProject href="PROJECT-877558e9224f114d50dea1f39a1c119?resource=com.nomagic.ci.metamodel.project#_VWTUgU_TEeCNOP_jel_PNg"/>
    <mountPoints xmi:id="_sWu_cA_qEeS6K94cWixg1g" sharePointID="magicdraw_uml_standard_profile_v_0001" featureName="UML Model">
      <mountedPoint href="PROJECT-877558e9224f114d50dea1f39a1c119?resource=com.nomagic.magicdraw.uml_umodel.shared_umodel#magicdraw_uml_standard_profile_v_0001"/>
      <options xmi:id="_sWu_cQ_qEeS6K94cWixg1g" key="preferredPath" value="::"/>
      <mountedSharePoint href="PROJECT-877558e9224f114d50dea1f39a1c119?resource=com.nomagic.ci.metamodel.project#_VbhywE_TEeCNOP_jel_PNg"/>
    </mountPoints>
    <properties xmi:id="_sWuYYQ_qEeS6K94cWixg1g" key="usedVersion" value="18.0"/>
    <properties xmi:id="_sWuYYg_qEeS6K94cWixg1g" key="LOCAL_PROJECT_ID" value="PROJECT-877558e9224f114d50dea1f39a1c119"/>
  </projectUsages>
  <features xmi:id="_sVrPgA_qEeS6K94cWixg1g" name="UML Model" namespace="com.nomagic.magicdraw.uml_model" version="17.0" sections="_sVsdoA_qEeS6K94cWixg1g _sXqMgA_qEeS6K94cWixg1g" internalVersion="1"/>
  <features xmi:id="_sVu54g_qEeS6K94cWixg1g" name="Project Options" namespace="com.nomagic.magicdraw.core.project.options" version="1.0" sections="_sVvg8A_qEeS6K94cWixg1g _sVwIAg_qEeS6K94cWixg1g" internalVersion="1"/>
  <features xmi:id="_sXRyAA_qEeS6K94cWixg1g" name="Language Properties" namespace="com.nomagic.magicdraw.ce.languageproperties" version="1.0" internalVersion="1"/>
  <features xmi:id="_sXRyAQ_qEeS6K94cWixg1g" name="Code Engineering" namespace="com.nomagic.magicdraw.ce" version="1.0" internalVersion="1"/>
  <properties xmi:id="_sXo-YA_qEeS6K94cWixg1g" key="fileVersion" value="0"/>
  <properties xmi:id="_sXqzkA_qEeS6K94cWixg1g" key="MODEL_ROOT_HREF" value="local:/PROJECT-a520009f-1bba-46c9-b608-b5676726ab2f?resource=com.nomagic.magicdraw.uml_umodel.model#_18_0_1243039e_1405846140232_156041_4345"/>
  <properties xmi:id="_sX75UA_qEeS6K94cWixg1g" key="MODULES_DIRS" value="&lt;project.dir>&lt;>&lt;install.root>/profiles&lt;>&lt;install.root>/modelLibraries"/>
  <properties xmi:id="_sYaacA_qEeS6K94cWixg1g" key="CI_VERSION" value="V1702_SP1"/>
  <projectUsers xmi:id="_sVwIAA_qEeS6K94cWixg1g" userId="default"/>
</project:Project>
</filePart>
	</xmi:Extension>
	<xmi:Extension extender='MagicDraw UML 18.0'>
		<filePart name='personal-Binaries.properties' type='BINARY'>H4sIAAAAAAAAAFPmUg7JKFUITi1QMLRQMLCwMrW0MrZQcHYNDlEwMjA04QIAQ+ua0CEAAAA=</filePart>
	</xmi:Extension>
	<xmi:Extension extender='MagicDraw UML 18.0'>
		<filePart name='com.nomagic.magicdraw.core.project.options.commonprojectoptions' type='XML' header='&lt;?xml version=&quot;1.0&quot; encoding=&quot;ASCII&quot;?&gt;'>
<project.options:CommonProjectOptions xmi:version="2.0" xmlns:xmi="http://www.omg.org/XMI" xmlns:project.options="http://www.nomagic.com/ns/magicdraw/core/project/options/1.0" xmi:id="_HB4Y4FYDEeCyhsLctII43A" optionsString="UEsDBBQACAgIAHNHMkUAAAAAAAAAAAAAAAAAAAAA7VzbepvGFr5On4Kr+mrHkuXjrpJ+GCGHBoEKyKl6Ad8IRjItApWDG/eN+hx9sb3mAAJJSCiWneyvukksMbNmzb/+dUID3R8/zwPhEceJH4XvTtpvWycCDt3I88PZu5OR1f/P9cmP77/7rjuMowWO06d7P/HTKBZdFy/g//ffvenOPTnAcxymAmb/SwFKkncnpj9fBNhMnwJ8AuPedEM0x+9Na6zKzsiUDWdo6EPZsBTZ7J7Sa2SQh6coC1Lh89z/7yMKMvzuZIqCBJ+c0st1i+X6DVCIZjimC/IVYZmfZMly7mRNNkR147JvuouqAKX33mlfOy2nfXbeaXVusNM+b7dbZ61W56pzc+lcty9arXPnvHN50T1dn0tF1ulK/xui9EH1kzRXnGm81AOEDPTeSJVNp6cY5nIRLn05socTN/YXKVhwZZLTk03JUIaWomtLAdXxTFadqn0/wCsavulSs7z/Pkh/AJG/YTd96/nx97P0h+4pu8THJSDLJcsMIg+XDdoCmp3mozw/WQToqZ8FAcGkPC6NM7wcmCWYqYMfffwnjmsoUpIpBgGZkdTLnMJl62mB3/cVYKU1HsqOqI27p8X3DJ7TAp/n4eWHSYqC4G0cRSkBjNiELJUckdsXuTkgE6j+JEaxf8RvX089naNHHB5R24La6SiBtHj6WwA8wxDWTz38iINosaDzTymgaQIroX8bmOCH0Z9rsstarM6pxf82igDccEsSND/on5yebjmabokkkTl93XBE09QlhX5unhp3i2qaMA+4P+mDqN3Jjv4JihPzgzKkOmnivXIn3iqqYo0bb2+npOblADVpDXEa7116iHx31bvKW/9ZEwcyFCrmUBXHDi0MG292w9w9t7dRhCGrwIR7ueLMXZfupIzHprniramrI0u2N12EskxWC/Ebh2y9yOaDQVXl1hCNcTE6d+euH3r4c1nHsyLQHJCu4sjSHXOsSR8MXVN+lZ2haIC2FlAOgkfPEY270UDWrOZe2VjiK9OXf7ujRhclYgTnXlSVHosppgTtxZbd38VRtlift5zBBmyFbPOizQHiKQJNWKCvxHH58wKFpB3UIHHZJHsF9h0OcYwC/y9ExNhSFKZxFPQhDdg5NraB/ATLn0lfCGNEmvvsno9mMZrbPbzAwM/QfbIHOJ5hKtvAyFMSCrc/9bGnT0iJwmdKMUYpVv3wd/7FELm/QxpW5osoTuETiMUpjk2c2ibY100z0LAPk7IYUw39MGPqEgGPfvoEc1KffqOEiywd+qFN5Muh10Mpsk3QsKJCdddkIYVUoaGL7wlUtunPQhTYoufdQxFKwKTf89kD6GL9ReC7sDLnEgGLJFebjjMX2IV9u4irBJtBdCoUHhQb+XMKk7g4E/+RAX4MuSGBoLQtBgW9RP+hmMLmiMgA0IFufsOaOdLg8vEahPlFZmoqlaoILLEZSvQ7MUki1y9okaQx8mGjFobeH+xHQMk3P0rAfHbJorm80jx+pe+HRG8QYCtzMqu0DNubHLpokWRkDa9gUFxgQgVQBYHOMU4In23Ln2P5kajycwZmJROYIQ3s4SnMKCkrRfN5FnKgSGlGKBxET+Ri1XAG5pS3b/EDevSjGIbCfqKn0laXKubIFFaz2b0UqhgfDYxas0eZWv0o/p1vDrtZSvTmH4Ewnk2InetSQYdaOudq2folePnX+Xy2AqF/ZdNqFC2WS1J0NdhOHkqJHQAHCSpFHaJDWXAxYRj5FGf44OFYmYWgbD9GM8aVcI7i5AHmF1wBzy1MynXSXTeLY+IVK9ox4hN+zWDbNXvQs5RHgRJEAxT6UzBfLmiKAz/Edi9jm9AnCaHskr5T5OIi/mAv5x/zDQg3cJ26fRq5ESH6NIrnJILY+gL9URjUiknIZX5OvbXEWh73aNi0CzTXaUTYXVWPrkX+poG6B52DS5z4Maq6P4DMvEIOszkXzxGkMZGFuZx6tPTPnQu8ZALweIXdrNifEchJ+CL0Z5ECImzZ5VmUK3m9gWc0WXCQC7xKsFCXytxtVudALVMD1WKF7ktTlYwOkSZOl59z7uc5jKtVhD8OzigM/Dn86WmIOirhcogp8UtI2iyMWaC/AgkQEtDTWoarZJ2CrXL46MdRyHCFLF04F8lW5AsW0gmBeabSY/AkEutLtldSPLclmAbXb7PplKeJPFGWDFIYkSlWUcoMomVQp4Sgs2/jCHkuStIKRwoDlAPqih0+xYBcXdJZhlp7nefMcUoOkkumMZvqHyBol5f+CTQoSpfcQZnN2R5X7Q2kKuofqmcpkA9gUSAZMNruZyH9rgj7kLclBAvn9KWWHyD3gUQQzs4yJAaeR494U+1gguY4SomN2XaLNYrwSTQgLl+wkv4RZ5CKOMpkm9yzhjFhqv9Iq70C01toGQhbOG9Lqq2jTjhnArVZopGWgfmOsJujYksPKJzxHAt5kXnUU4VJ5RAFeTdzccF7XndynddCSJG0l6VJyG6x0FRiYOA2iQpLPyQYVSIyQ3xrbmVMZlsgKS1ZICbSo4EoT0GFCYvKYd07+CBWYxBblUJeEciLmnK1qkDrNUCxcaiBQ0y2XCU2sGJzqmMXi6o3x4R2GkUNvIywtBwmNl7xDOoMq/XDGnmW+uWRkreV5WADg4IATSIGAql4GeR8hpYFATQPMUjGnoEDOip58Bc5qLwNyGNzCdll8LAQpMy0vCpFHUhhZpMEInG2DNC5m9Yll4q6dkWjn4B9lBQ5Wss2hENLA2qOqxg+kZIRnLGyY2JLu+Keyxanqu1mUgwTnHlRQpNNmRfMfWgFkMcuuuwyiZO2CGIeMRpPtpR8OJhy0bknFsEJ1oAygvCgwBtKn7zaMeCLPMcpoRtkpBSaEPO45epslaGkCC7FlXtoKvHngqqyNyvCTJ2NeNldCTe05i8VU6wBExekMUM87vD6/QMwI8BxcUOF3cE99sjHHvnYIx975GOPfOyRjz3ysUc+9sj+sUc+9sjHHvnYIx975H99j+xC6wOMoj+f15wz6kYk42Kv9sQSP46BMXbarfOL88urdqvVaXecdufivHPptMuHMQ54lEEVx/rIckxJ1kRD0Z2eIt4Z4qDxwYWa+V/hDNH6eQD5F0kd9WRHVmV2dqJv6APHkMWerqljhx8Sfu1TCs20euVzHk2OaMnSR3qaShpLqiKBgkNZ68mapDTAsBg8dqgg2XDuDH003AfKrRocnHA7D26VtmTK97JBzpap8If6KmDUrr7vATBF6+u7DnqRMfYn0dAU7c6WDUM36g9ctV7iwJVyp+mG7JiWqPVEo0eeXiDHNV+Hd3WLf3Muuh5rBqLx0VE0dnDutQNdZfFvDyxy4k4bDW7Bd7S7ndgUI/fnT3Wlr5AZ80OUPONwXYhpbg39kykbL7n7nYt/lePGJJOsaDTSlJ9H4NWWbom7feUZiOxe/eCQNDvGyXRY0Wx3jH0GFJtXPMwRTvaDVP5DCr+r0uR3re0T/5+L/ZEpO0r7WnMs+ReLuCCv1hvkUT7wC0xct+Y3lxHySCWqqjNUNPOVANq27Lf2sIKkG7eiUNwvTQT6dCuRAGxHyU6UpCieIEHpqXvFy+2L7lvwjgbqUtiuypcMZr8jVqbVl7/t/cvfDY9flTGXB30HFj9zoM8eQqut6tJKcVYD9t0/f4f//B2jYB+w61ZrjnLtM19LaBo/8tX8ia+mD3w1e97rwImVdRA9Z8MjCyPFeulbELtWb27amtxXNcSO5PdC0JZ2Zbz8XZ26Vb9tKPdqHfO7Cq/+EE9+N6MxlBAjRmHCbvBuK7oaQU5+SstBrB20QDE5g8HuDW8byJKL0247F8706qzVubyGDxc3F2c3V9c3N52Oc3F5dXF547TPWltqvtWPz3j/g6LdK6ZyC6HvIG+A6Nx0zq/a5A0Ql3u/AULL5hMcbyGlpeuqYynDPZ+KrE57RglVeki5++DPHgzym+UzHy5kpza2bHoAOVc0LfADFewFMcYyRM3s68ZgV9ZfeQXGdjlfoesGjVZ0gEoXSl+puWnrRbxUy7x9P7CopWhMk6EofRTv9trLhun71lkbO9hy+fRthsaX9BdS0g3EYX6f9hkesyLp6/jMLp0UA648LzLUynzl/nNnRlC0nvwLvaHceLfLKQfJBIf8UYNqxh5ahuZ/zx0V877SzcKSFl+k+UHu8TW5nbdfkHu9kpuBQXyv+WsCSnOOiWL/+3vsaAL5NdORRqalD/YLJXUCDu6BqgLhmdfn4107KcL4R3n8STd6zdm0Xcy+99X4ExwC6SWqt9XY32KWPkTxpiv5qSfBQ+nGqYPIKw7v1A5SUZIKczoSGDx5+qJ76DvLjU0c+GANmkfvOgH7wv0y26Na5czbIyyVZu27kbNzod0WzqbCudDpCFc3wkS4PBMup8K14N4IZy3Bc4XphXAxEaZIaE+EyVTwJsKZcNURcEe4ES7aAm4JnTOh3RIu4IuJ0HGFDjDgSsACbgvXbTL3xhUwXGmTIZNz4YvQ21mesAcFSJQ185ugQxTi4C1drDGc28W8ZEPbfpFCJ7/3cC8bJijNXtHUawzH5umvHnTze36SrpnQhCqa9QWOUi/j4PvZ6evr995y9fThjobiRe78VVd/dfuaQxmKaX7Yhwxu/kq11Zn7hsABmvluL0Z/jkgi+YLI1JS7vdFQVSSRpPndpx83U3ddxOszV9Wlj6YDraolk5e7DZqXcGsz9zWVqI3pe3tfJv3msY3VBcqvO9/td4DDKJtWPGAxUv1Y+dQ9zaFYfaHy/wBQSwcIl/BjU/ENAACSWQAAUEsBAhQAFAAICAgAc0cyRZfwY1PxDQAAklkAAAAAAAAAAAAAAAAAAAAAAAAAAFBLBQYAAAAAAQABAC4AAAAfDgAAAAA=" modelElementStyleString="UEsDBBQACAgIAHNHMkUAAAAAAAAAAAAAAAAAAAAA7ZZdj5pAFIav9Vd4x1VBEN2hGd24OiY2KEbYJns1mcJZOwkMdACr/34HdEvtxqSxJr3hhsnJvOfjPXkyAT8ekri3B5nzVIw1U+9rPRBhGnGxG2vPweIT0h4n3S7eyDQDWRy/8pwXqZyGIWTqnHQ7OIlIDAmIogencxazPB9rPk+yGPziGIOmdB0sWAITP3hxCV15c+JS4pIVWQd0ThbTZzfwsVFLKm0Er6yMi94h4Z/3LC5hrL2yOAfNqK+v9Xwfc8UE24Gs+54bL0oRFsrlE3xne57KplkHZ5dpy/mEmoj2KQKzbyGHmgMHoaGJLGugIjS0Rw61rZGJjY+ZdcFr83lPX8gsoO7SD+hm623INng5DdkMoWrETOxKVa+pfy7cqOaQh5JnlaPfEtQq/dl2uQmW3rpJvtSe6oTVQOtqA2Ga6CJN2I6Hev2NJPupn3M55LpfSIXD+2qx0aTWXo1fZu/i/VsaHf/adyX+/57/DG+g08vYjxKmNaG3k/ngIGtkVWhaLZotmvdE89+fzQfbHvUrNgctmy2b92STHDIJeX770+koLgdoiIYVnnaLZ4vnBzwvImxc+x9+A1BLBwgZ6A6lugEAAFELAABQSwECFAAUAAgICABzRzJFGegOpboBAABRCwAAAAAAAAAAAAAAAAAAAAAAAAAAUEsFBgAAAAABAAEALgAAAOgBAAAAAA==" symbolStylesString="UEsDBBQACAgIAHNHMkUAAAAAAAAAAAAAAAAAAAAA7L1dd9u4kjZ6vedX9F2fczG7+f1xVs9+FyXRNrtpSqEop50LYSmOkviMY2dsp3v3/PoXICWRkvgBkCAJ0rVmzU7bJohCEXhQ9aBQ9ev/+fe3h5/+3D6/3D89/tfP8j+ln3/aPt49fbp//PJfP6+ii/+0fv4///qP//h18fz0ffv8+vfN/cv969Ozc3e3/Y7//dd//OPXb5/ch+237ePrT9vk3+nD5uXlv35evv79sL3ePG6+bJ9/xg+WPHn/7fvDNn4+fvAfvz5uvm3/Ndt+3vx4eP31l/in+Pefkl/99O9v9//fn5uHH9v/+vn1+cf251+SPxd14P77dfv4afPxWB7c4Hn77elP8vvsGz9vHl72r/zHr9tD28nfs/vNl+fNt4Luj59dvm6ft0+vf38veXc8MOfjy+vz5u4Vf4HMUP/x6/edyncie7N/IdlCEpIVTZVUe4tkTZYl2VYt1TR0ZNiKJVlIlq1ffzlvunvl5hkrZXH817LXKshUJNuwkYpfmts4eXGR4qdPD0/P+yY7pacjw3ItIzd059HtwkXTuT8PU9n3QqePz7Yvd8/334miclqimbucht4i8uZB+pbjNrsXxt8i+1X+U/6nYZqmIhuuefg4vxwGVTHIi6dULRVjvJgHUa0hkoYMI/yMRQriyfV8v3n49ZfDz7u/v9z/75ECZLLyfzn8lazE7J+l9K/0apk8PT1sN49lmnkfOgv0fh7OlvRKSdtQ64OrzMur+XsUONcuw3fcN2kyR4+AhnpA069P93dbutmJFeotF75zi67nM5bhFbyBdbTZ+X70nsj9I0JOMEPelLwpeXjX8i4eYFZRVG9Zlz1V+MfSlrM5CubR4XcZraQr6/7x0/bfjVdW9UedLX1UICf9dy15CfOnLXuX4/uVH7Wi/brs776zjEofCOaBy/sb0SJJ5FxeujN04/grlwEFz9t2jy20Q3R999rF29cinC/cMPKYx3n+gh6hH0PAjXuL1e4wjiJtKO6nOsg4qTu4idCDW0ah4wUR6wTMtGxreGc/D9OXif1C908srtPQo9GQbpmKoSJL5urQGJJlKRpSWnJoLjzfZ3Vl0jbNnBjbVC1FrmVRVA1r4Qasozo0aTQow5QlW7OG7YB0aM7PvNCdHgtUaeftmzBbdb57EVWabqF3eRWtyaMlNlbJrB0LMjaFQ1VTJEVBliQQHI5xiQHCC4bw1ABwMncPK3mPA5+SHyO8WuP1+Of9698/7Z759ZfsX0twoxAKcmCjGGOYcONYzgoEMfFa1z5uXzfIlnVJsWUkq7qp2vj/LFlVCaEr6SpS8C84AomOZFmTLPKP1BqUJDza6nrihsT3rcXCHbcWcQffe7s7UetxNyUvYd7ly941cS/moVtpA5S9wpnMb9x1dSeljwTz/c/1jIwmH8z3gt8R/h8XLaNbn+EjnTRk/jCx2UbaO2G1FZY+u55PfO/dyl1P3A+eG3bPTg6AchaaaV5eOfhX3rVz6cbdlL4p8zBf6lp5CyY72XoXG/zqLW4VPH3aNrHgbcu2ZB2ZPDdeIDTGZu42N5Hmk98w2qOp7yxZmc5sU3GZ3IsVnl8EnxhHd2jX4/nBMnIiVrnjNuJ+jtoHOzUOdLo8GSciOthsuvGiW7RwQuww4J0Rb5XE4CTew07+W8ZhU72T3ZSJNZq+MXaOqiyY8zbrQ7RCX0eiB/XESqlBaJa9RciJ5mJrb+aEtxmbrvHpPcNLmada3huXlZMtt9U6+9/Hdmi9+Tca2/PpuRFbbCqqZiKTbzRgy7Zmb0YZtjElw1ANuU78Hw2urRaL0MUm1cS9cm68eVi6U14+P/34/q+cR5M/lC/7s54EpNBT2Sq/dhNdnHTTcIZosq6bZq0IUdqdLxXYC67c0ItcjJXeZenW12iylHUqrr15PQ/dRMQL/FXbX1IlfYqrpFREOvOc4zwSIk4ru/ip4n44KqBOvBBPgzJPkoSVrLIhecHtea/sxw5/xBsZsdkTqSvMy9h7Ik+uT1qu47+c/JL3MQH7tCRg4kSrsLXvUdTfIDBr75MuM67b714w6wrCivpvYT1X3R9Jpaq6PsJn9Y7zrsnpaji4nV0tv4zvLR4FcRJKXotxKH4HM/bjxRafW1WC/v7BtUfcwGu8bCNyRsyFSRj5EWfeKSIceZYeeaqd3QQ5JtaYiM/C94i7779bOb534WGpY1MNr+Um12Iq3lZ7Bx8Js/j8ev95c/fahFxUFMtWJGSaQyIX+zzIVmXdHt0xti1rsHvC7tnu7kl5THvtkpjAJessOW3KPD1o7q6S+6nzwL9Fi9XE96ZrorlF6N04UW9HrAeml1FXKUPcD7G3P9xI4lOcKAq9ySqiITbznmU5TjntUcBTlYNwtKcqNXVy0k9/xypVxEkqKB1x0lgfI2ZOjs8/ulh5Zb2KSKEs52F0DhN0hHtdHRV2ybyRBXNE3lbNsifPrSe3SbTQJLv7k59uvKU38Xwv6oN1iQN/lsv51HNixtYNZm1/gsIu2XNkHBlVVGbFey+6mq+irAD01FdJADeHIK50PqYzouWvkNeluKRHRlzW035OWhrKeX9G5AzHW3n9i6uuTjsehLbojjc4aaifo40aWmE5+uGkmz4Pf2poiCVihJOG+gwFr4VDDDEl3CCo36iSXFFYwkqa+lcQWFJK6XhRcsLR7oRM+xFzoR4TNgRUYrOYYpnmPctOEaVvEVM/8S2vVEZ2g6qumio6FpBQO0hLS6jVVM1JPxwy2crtEGqpoHSEWmN9jJhQyywFhkhATotvALGAx9RfFzhe1qvghGNGUDpTrK6OCrscI+FYYymzcF2c1vIQuK6MuKxcFyctDYXryoI0A0/Ba18YAE+REZeFp+CkoSHwFEdWNgNPwc2y75enyBWFhadoarYCTzG+3B2rpYuc2Y0TTPEWErtpXnBJP4Tc5oNAkAY3cXhBbod3ceCmRD8mNAS/Cx783mic+xBLktIXkeS+9IM6a9pz5CEkcIAEDpDAARI4QAIHSOAACRzeoP8KCRwggQMkcIAEDkKuPzzR3UXdwI60MbuaSjqGimml17FfXp7u7jdED42qP1uSripIlvleyYbqz1D9Gao/n6IsVH/u8qY9VH9m/ahQ/RmqPwtjkkL1Z6j+LMjgxK3+zOFuUuYKckp4JFsm02iLX/TWE2elnlosbhN3zZR1y7awu2aAuwbuGrhr4K6BuwbuGrhr4K71bUeCuwbumiCDA3cN3LWzZ6ndtenm4WGy/br58/7pmVTybXK+piFTVyVDRSZff61ZxmNxbPbuAk+hGvFezt6rEVcbtlNs7B0CKOKCnDFI1TFvK19Vr1zqZB5d0RVJ3XWZVkg9CJP5FX4b73x7UD10pz2oHsq2983xZ4jJyuabn25Iim7jPVCgzQ92iuHsFDVvQtHn/ai+B9V3No/B2mojAUQs5/PmYfLj8+ftc/D0aduotLKk2ZKJTA3gEOCwzbQyk9+wO5+k22FEv2xTIcFO2FQAoziDKT7dEPZARowSNXqb63kZORHrVI/bCHkSCV4neJ0nRlazqBgNGbKkWQYyVTCs6AwrKCs3tp0byspBWTkoKwdl5Xh6NFA3DurGQd04qBuX0RHUjSsPyYG6cVA3TlTWFOrGQd24lrUFdePytAJ146o0BHXjqnEI6sZB3TiR8tlB3bg8DmgQdeOgMFxPUehQGK5QIVAYjuMahMJwlYwiFIYrZRShMBwUhhOZzILCcFAYDgrDQWG4TogIKAwnMhEhYjQ4FIYrwVgoDHekHygM18aEg8JwUBguVxjRCsMlzu8Ce6QUBtXJY+xscfwCcaduIh47hVxDL8XdCUgc7wWlIo3ZlZF5vbjRlYmQdDxxXRWMmB4+JiLbw5uCvgTnO4mMlM5cDZ3k9DNGerNuwGQyQVrTfkWfbztuMtEDC8vcaK+twS23NWZW3rjRuIfCFifS0lHEjRQiNiWcyMjClzdSxhBY8kRSFoK8kUqGQIvvzWYGRryho9IvD34uBQMHXt8ryekOqO80Nm63sdJF4tWcf6cd9cyZtF/5+6wnAUmBkyr3benipJv+CAL2Wq+sJh6Xeq9DMfUKCtu3qqWCPsVVUl5t+47mkRCJ8HNL23ekgL7NnfKy9l3ALZz5V05LhlBXPtW8xQ90pShm3xWEdXjQXnV8cFzmvv3VO+KjhLza9l0tP8GZkr3fEMOEnylvX62fvGdZXJWzLgV0WQ7C0bosNZVy0o+4F2BSQelQqbE+RgxL5wuAwTiou/oqOhYTpc5dsS6AqqxXwY+HM4LS2f51dVTYZRfnxbt5LOqtmPNlxnJsyXeBC3GOmZGHlelqoo3CbsUFuyw004WCclXTIMJGM/KycF2cVDSE876MuExsGCcV9c2HFYjCwIg1tV7hNJB2Adcnfnit5w6pHybHPApX0yqXoMjD3rcdCESxRlFzw6lu4qlHkv3+6eFh8/EpqbnWJAu+pWmKgUwlVbH4SfB7yxcv/1M2ZcU2rbYOogeONyKXL1Bt2YBs5MVTDqJjIDoGomMgOgaiYyA6BqJj3iARANExEB0D0TEQHQOcCw3nsnppVNVZUzVDMpApA+8iAu8CBZBLRtdqAeQRMkZQznanQShny7K5fPt4/7j9dPG8+UJkbrS5aPj3NjIlgTYXytx2dZb7cTuo0g61XsWu9Tp/H7hhzWly3pZ5grxLTleLtVM5KyrfsM4RcxnN8n4992dvHPYbo71taTKGZ1sgtIdF0M0iaLTfxmkMSUJDBncnbSOkn3MVXfu7nY12RIcmb8y7MRXVVLS3gK8/Hu/vYs5msXn9Wh9pdaQqtqWYSJZ1rlBrKpJt2EhtibXJmESMM+20JYcLUYrcyoWojKRVTHThEMdJLncE8vzZqqrgwxyiqqc0rGPwDo8cOmHdwlpeXEtJKWdLvzlnV/IS9gSTJe9yfL/yo1a0X5f93XeWUekDwTwoO9juLqk7I6TUy1reObXv+m4cOE0XUJMzzvMX9Aj9GAJu3FusdodxFGlDcT/VQcZJ3cFNhB4cTUBT/uiYA5O6L62cyQecBl8kWybTaItfVHvZjcZf+/702JQRkw3FRoYlEiEm7Nm6YcqSrVktHXSKb/nCuYgo5yJJNPOu0ArjLDltyjw9aCxkYgXPA/8WLVYT35uuieYWoXfjRL3ZtkO/dZKEzORVei8KeatbFb6oRwEvoRyEo72EUlMnJ/2IW8QlFZQuzrSxPsbJBeZcF+li5ZX1KiRdl6bTyQhKdz+hro4Ku4SKL7FrFFdfafcTFHb5tku9ZOYjS+KkRl8hr0uBWYFUXNbLkZy0NJTrkRmR2fNMcNJV/3X7amiL7jYIJw2Jmyf1RFCWmzKcdCN6JtkTcVku2HLS0BBSch3BAcMVXG4Q1O8l3FxRWG7hNvWv4B5uVXkeysI8TSZk2o+YC/WYsMkr4l6klboF34t6FFM/J+Xp2Q2qumqq6FhAQu0gLS2hVlM1J/2Im0A8FZSOUGusjxETapmlwJA4gdPiG0DqhGPqrwscL+tVcMIxIyidKVZXR4VdjpFwrLGUWbguTmt5CFxXRlxWrouTlobCdWVBmoGn4LUvDICnyIjLwlNw0tAQeIojK5uBp+Bm2ffLU+SKwsJTNDVbgacYWDoRyiwDzuzGCaZ4C4ndNC+4pB9CbvNBIEiDxGW8ILfD1GXV6HIS2l8rOrH4HcwggVURB+xVosP+wbUXZLkXLrlUOF+2oC2bUnnxYhClUN6tHN+78LDUMUzjz9Pk5knF2/oBz32IJbkciMg1QfpBnTUVIvLwpLJ9EQCePMZOJscvEHfqJuKxU8g19FLcnYDE8V5QKtKYXRmZ14sbfJkISccT11XBiOnhYyKyPbwp6EtwvpPISOnM1dBJTj9jpDfrxlMmE6Q17Vf0+bbDKhM9sLDMjfZaISpPJqKw8saNxj0UtjiRlo4ibqQQsSnhREYWvryRMobAkieSshDkjVQyBFp8bzYzMOINHZV+efBzKRg48PpeCdTMLJqAcejcbmOlC9SrOf9OO4IaYQKQAlAjLH9VQI0wqBEGNcJ4jx9qhEGNMGEMH6gRBjXCoEYY1AgTbv0dil8TmPBRXk36Iv3UrV9f2KWALstBOFqXpaZSTvoR9wJMKigdKjXWx4hh6XwBMBgHdVdfRcdiotS5K9YFUJX1KvjxcEZQOtu/ro4Ku+zivHg3j0W9FXO+zFiOLfkucCHOMTPysDJdTbRR2K24YJeFZrpQUK5qGkTYaEZeFq6Lk4qGcN6XEZeJDeOkor75sAJRGBixptYrnAbSLuD6xA+v9dwh9cPkmEfhalrlEhR52Pu2A4Eo1ihqbjjVdzy1OPWIeiGfMDq64YUzZbrrcd5Y7EGGruN7H6pTOBQMM9tc7IHipeTh78FUyeKsrZhDjCNzDyKyAFZeiG/hi8Qd/NEsbDj+0ne1pYKxVPt4/HRPtLB5CJ4+bZvU/NANU1MNZJiplnsv+jHC7VDkiqaybaqWUsvUH3B5ltEgweP2jihj8XT/+BpuP+OGj3eNIEHWdINAgiEQJAi9flpykknKhAvvjzhfQhDsXNLFnK1IWMlLhDzDEL/wUXHpH2HLH3VXrUjMgnfgiQtZ7nP0xY9HZWM8PTepAS+r2Mg0kCxrXK0KqAEPNeChBrzgMDhygxBqwLN+VKgBDzXghbF7oQY81IAXZHBjrgFPH/GXe597GHF7O44Nm/tuUGsJZlsPZZg1FmO2NTjfVM63+/ipCalvGmZM6usCkfrUp85z30XXKz/yFr43rYiezjtpPm0v7sqauRdeQDIju+WxbzmjzDaFNVWxpl5enzf3j6+NGC1bV2z8V1kViNEaHUMwZprGCcP5e+aooTBe692HU/te8DvC/+NiR/XWZ5g9Jw3ZM3xPfO/dqjrqOY7aJf044XrXZj1xP3huWC/CeTRg94qhjojbBO0UWbd0BaOdIhDawaQd8aTFoi6/br43CmVRJUOTdGTwPXRq3epNgjbYA1qO29XeJcYzh56fHi4env5qAnyqbtiWhoFPFgn44OASDi5HaBEPxi2Bg0s4uISDSzi4hINLOLiEg8uxHlx6SxTOV8HMZeDi0zZAwpe5Z7PN62b5+vS8bXqDDbtRiol9fL40/Iivq7zJ614cSoJOfnOnu2xXjDiXbSok0A25MG2S8SpyIla54zZCuo4u3hhnTniLvGvn0o2dq8ZeB8NLmb2QvDdW34bKbbXO/jeP0qzj2S2jv5uR4ZYkaRbeKPme4LS8Ufa5o9iyVo9HEHn3V2XdbrFY3r5cLSM4nTZlhiAasoMQGvPAv0WL1cT3pmuCLYvQu8HbQF80xSGwsXZApAjVgJ0oCr3JKqLJv5f3LHtd4PQtAuZyOAhHmzW6pk5O+hG3FG4qKF3W6Mb6GOexTk5G4i5WXlmvQprPaVLijKB0GR/r6qiwS6ibG2eciGvYtvsJCrt82wVzM/ORJf10o6+Q16W4vEdGXNa01Jy0NJTrLRmR2bN1ctLVcJLlZYSmqzjDSUPiVps5EZSlGg8n3Yhej+dEXJbE5pw0NITE5kdwwJDYnBsE9ZvYPFcUlrzmTf0rqPVXVeSYsrxxkwmZ9iPmQj0mbAioVCc/Tsae9yw7RZS+RUz9xAeDqYzsBlVdNVV0LCChdpCWllCrqZqTfsQtw5YKSkeoNdbHiAm1zFJgqL/GafENrvBaFzhe1qvghGNGUDpTrK6OCrscI+FYYymzcF2c1vIQuK6MuKxcFyctDYXryoI0A0/Ba18YAE+REZeFp+CkoSHwFEdWNgNPwc2y75enyBWFhadoarYCTzG+cE9yx9mZ3TjBNM5pj900L7ikH0Ju80EgSIMaebwgt8MaedXocnJLq1ZQbPE72BM+BGh55Syq0WH/4NoLstwLl2BXzvfmaIvPVt6hG0RB2Xcrx/cuPCx1DNP48zS5RFjxtn7Acx9iSe55I3Ljm35QZ017WfQDuFUdL+5MkD2xO4S9XJ0nLM3DnZUaGUn4/vbu/gXPoaZ33RRZVQwJGXxzkYz3rptiGqoqmVCg6S0BMBRo4mAMQYEm4exTKNAk0pl0bxfTLEM2DbnkDtdYTKbvuNH28e7vRkl6ZU2yyD8SV4sJsrdB9jbI3jZccB+DmQvZ21g/KmRvg+xtwljzkL0NsrcJMrghZm+D1O/j9fsenv4m0jbx+yxDlXT8V8kGvw/8PvD7wO8Dvw/8PvD7wO/r294Gvw/8PkEGJ67fNxJXJnlpwyKTlmEiWebrxxiKqqgyklvyY2aecxk612jiTH+/jLOhs/ozRW9o6Ne0FweEpZ15BJbJdUUSvcQWAXTWXEjgIJIur5wZuQWA5YzjARlDnc6aCznQGOcuQ481LSdp0sJuHPz49nFbuuLijpfeBwaD9tCkyRcws57yw9Nf4ebxy9EDSvaBr/dfvp49obZlUSbrCg+STLaFE10xTtXjtkLO0yMx6yzHk8ZCDnKXHHi5JEHKwSoOQ2dclyethRzm0c2kRND6N5sO7YUcapJQaRqR1MtVqQTyUjGlLcUd3t6C8YKLOeP4sk179O32YszfBy4LFX3WVoAxXIRUKXUKHqe9K3fUXNyp6UwmoXvjOXH68J3IdLfbG+qnqGMBJghdyiVO80PsvJWdTglBpkF6tbX1EWdv0Yo6BabzID4g6GRVZDsTXyWdrIpsZz2uimQfq9z/uQw505eQk8BZRfMqB7upIvZ99JdZYV+6cDoPg5bBMKc7OBGGE2E4EX4TJ8LV3yhmi6kyb+WwzLXTZ501T/Ct8gOcNNtt4Ov8t/FO+QOBZceSvqXAMgqw23MxITlhco7HRXsQl2nMDm4577ghoQtThwLZShqv8/54hX/4gL+j43ePWXHU8G+r6wXC6DlliznONmRW8Wn7VAmVCj5tStB+Xfy+sz/tP8abDlrevXT5ddOsRqciq4ZiI4PvddXxJvhoNUOeyBfuR+G4QKqkbpJ+gLHNvC/xPWWpkWbztPkAzkgGe+JBx/7z4fL7I+t5Ue/9ceviMuW0Z2a8TsA6XyKURwGciP0Wgxmwu3LjubuJw0QTlL2mn5HF5wXY9XI5DK/6XeJOzuNiIZw+Nd1Le5zSk3k4Y16NSSNxP+Vez1euwz6448ZwOYGCsvAePz/VJyxUpBmKZFpI53w/AQiLGoe3dYZ13K7HbYwpdp35oPwtL3F/+wW3bbLITUUyLBPpFizyt7zIR7IqfjxvyCinT48vr8+b+2aJRjRFlTUkS3yXBuQZgeNgyDNy6htAnhGIKoOoMogqG+LJLuQZaXpCANkq2rWLdyJ7374/PTcyiU3JtLHTKEsm2MRgE4NNDDYx2MRgE4NNDDYx2MScbWLIvVc8OMi996a9mccf37YJ0d/k5EuVVUWzkM7XlRnxyZcq6yWlyYZYb80wZVvWWjKPBmDzQpC+KEH6u1RmSQozxlly2pR5etDYxsT+nQf+LVqsJr43XRPNLUKSq6s3q9YLrtzQi1zWTI6Hdj0ZeKvFInSXSzTFPsMSOVEUepNVVG6wJkkX8p6lScJR1KOAtTcPwlXvCI10ctJPQ2JPk3XdNFsh9lJBq3g9TvoYJwuYE/fbxcor61VIom4eRucwUbUhNdNRYZfMG1kwR+RtlZvZ7rn15DZmTMm/6e5Pfrrxlt7E873otntaLbkitlzOp15y690NZm1/gsIu2Tm4I6OKyqx470VX81WUFWB9/JqSj6C0es8vnY/pjGj5K+R1KS7dkRE3NasI1nWmpeNuB6Gp6fx64YRRTDfSpeHjpKvTjgehLbqsfJw0JPZNvYygdDe6ueqm/mXwXjREdxLAVUM1zg76xSEqrpozBLGz3Dytq1xREu6qVROrol9mO8v9I3bpibGWyF1l8hK4J0+uT1qu47+c/LKvxApe4EXJUWO7EzLtR8yFekzYEFCpzqafjD3vWXaKKH2LmPoh3zAjI7tBVVdNFR0LSKgdpKUl1Gqq5qQfDpFycjuEWiooHaHWWB8jJtQyS4F4X060CrtbfIcexcWoY+qvCxwv61VwwjEjKJ0pVldHhV2OkXCssZRZuC5Oa3kIXFdGXFaui5OWhsJ1ZUGagafgtS8MgKfIiMvCU3DS0BB4iiMrm4Gn4GbZ98tT5IrCwlM0NVuBpyhLmbby/ToJ4Q7t+isDcqgjGLtp9csQ7psPAkGyyRy90J3GftnvXlAaOsQXcosk6AVdToL6a0UnFr+DGSSwKuKAvUp02D+49oIs90J/XNzdNYtsPGGjKxdHUaCirrV3K8f3LjxSnpTANP48Te6cVLytH/Dch1iSa4GIXBCkH9RZ054jD91gdb1np7DPhf/Tp7CsyluxkMx5b+rxtk2uOOyccnP9UAsjIM+cIzct49xYcYV99xfW2WDusfk7rc26Li4kNbFhqkRm8JVamoA5soD/VDjdWHiQ9ib9EKiRPLlZeLb2tNcn9VZ17pcnL90JYCvwMMBTQcrTnFwLpiMgLhegn/OdvtzRXDWwnly0aNR2c5oxkjvP/77bxlq42jx+etg+N0nipJi2JClIloxUz5DECZI4ibyviH+Xenxpg2pdrYG0QZA2CNIGQdogSBs0nrRBjYbnLVE4XwUzljQNaRvwCsq9gu+bxxesheDpU4PaxCpS8L+ajXS+HkGzXEiDrC4z0NROtqlaSi3GV+jkTpKtWW/WISm2+YV1U8RI8aS3aVMLltR3ZPtguP1y3ywroG3jHw2k68PaCTtKcg274Wh3w7EgwWujgng6siVLM2QkS3wRANhxYMehxIHg1tDIPQIocQBnFXBWAWcVcFYBZxVv76yiGu19L/gd4f9xMcLd+gwIf9KQ/f7TxPferaqDe+N7Y6QfJ1zv2qwn7gfPDXsL5P0jcoM4nHgx95hs8pzWQHJVurYvjegtHVn4v2X8V0kD7xa8W/BuwbsF7xa8W/Buwbvt26sA7xa8W0EGN0Tvljr9c6bKQ5qIJNkymUZb/KIelx0JHHTfrbA4zEWh0pbghlK5oSH+JE0iLTRLsyQZ6Xw90dYjLeLZEs59t455f2jX4xqJZaBL8Vg0giFka4wFvV75kbfwvWnNgWbb9/3JdnYN8RnY0nYVvgKArgzoLu4fNw8/LV83r81gzrQ1w0K6KhDMCR191ZIfRZLXXXh/xJnrgmBnrsS0M4OdV/ISYG3eSpRyd3VjxfRZhkjudm5+dM/YjJ6/HpFZ0fS+librsVGhCGRUDHRWgZUEVhJYSW/BShrDltyvpTeSHfjh6a/p0+Pj9u71qUEiJRUZlmVJEtJlgXZhoTet+her3uTWNcgb8OPBCC6WuqnYuqUhXRIII8BSF91SB6MVjFYwWsFozWxIT8///dvT/ePiZfvj09NL01Mpw1B1SUaaLdC2BCgOKA5pZIYAqXDiM9KdejgWfzW03gbTKzRxQjQPPTeInGPhKseW15wZVK9w4w9z3Lo6dj19dH1Dwpenjl8v2nw89k7jUzLTNrA5olkiGTkwcd9McjWwDIvmDPj3Y7IawL9vvt9dbh+3z5uH+//dvDa84m2oqirbSJb4RpzCFW+44v12rniPYoOGG9GsHxVuRMONaGEIJbgRDTeiBRncmG9EX7oBqUfofUiYkqXLmsXq/AUQW0Pv6iy3r004PtXQNdVAmikQx0cdrMZ+nHncrkc4X8zfk5uk5eWGcxbLoZ24gDCdXy98N4qNnd9qZLU7aw/+Cf05rbBuihiHyiVc5Dg2B+8blmj5dfO90cmPren4X6SJVM/q4v6hdMHGs4V+dSYzkX4pvmBp7sivrp8+FXE6//j10/3L94fN3xc/Hh4Wm9evRd/2H7/+eNkmA9r+eb/9a/tc+FkP73QeHkiLl+J3fsZ/jvAUIUE7eKmSFeMEt7/+cvj9mOf9493DjybHnTqybUuxSW5PvrcCgfgF4vftEL9w1CyipQhMNjDZwGQDkw1MNjDZb4/JhsoVo3X6Pj89f4tpcHLhtInzp5qybJOoH76X0cH5A+cPnD9w/qimKTh/4PyB8wfO38idP3FdiNFZxd7r9luTc0BFlTVbQRrfWt4jvuauyro9usL3tqy1tNGeQHCtfbb4HezeeJBEHlTup/sH114Qh6s4YUQgdn1sxAixKR7fK2uwQR7ZqaJulu9Wju9deFjq2GHAn6eJhVDxNohLgrgkiEuiNUruX++bp4OTNcPQsEEyxKI3g2E93mSyyFEgL1wpHySnMHQ3e6xb1vcfr4v7BpfJVaQrsqEjTaTiRYPMigu77zlMsV8eYbo3wl/ii5Xv1xH70K4f2Udo64hModVPci40iSbZmtWm1VL7eKDGsQAY3QM3usUgPVrN8AlWPFjxiRX/8rp5vNsuv2/v7j/f3zXMD6UiS1Z0U0XawGqHDS1trMg2imrLxugMFE1SWj2Vmk9+w2YvmvrOkhXNsk3FdcgG6t7EMiwX7tS78KZJCo5442McRc4behrParEIXTxRdrPGiaLQm6wiJiug8B09fqNEp/FEWQUes0lw2lxIaz+eST62JGM58UTysB3jBFPm2Zj3DnaL/0CaHALdqk368zbr098512e/Oz5q7j7kcelik3HmhLcZr6BxCCTDS5m/Td4bqx2u3Fbr7H/zCOEYi+WMn9zEOQ9WL82KeFmWrRhIG1ShvyGSRaPgUyB8pJvz0OrJMn8fuGHNaXLelnmCvEsOYIq1UzkrKt+wzhFzGc3yfj33Z29+N/i8uWu0EeiGpJHwHZGqOYpMNGiqathjiyiW/ymZkmWoap3bgrDDwQ7H2+G8dq8nbrhknSWnTZmnB83NLXI7ax74t2ixmvjedE00twi9Gyfq7c6VF1y5oRe5M0ZdHdr1zAslNCIdLXT5/PTj+7/ynk3+QscinfYoIJt+EK56T2ikk5N+Gm4kmqzrptnKtfNU0Kpb55z0Mc476glKzkO8NXiXAR5k2MnKK+tVSOJzHkbnMFG1ITXTUWGXzBtZMEfkbZWb2e659eQ24UAn2d2f/HTjLb2J53sR97tTlKYA1sZ86iVnGG4wa/sTFHbJfkOczTEmZsV7L7qar6KsAPTsp9ImXmTmYzojWv4KeV2Ke9aYETc1qwjWdaal424HoanMTc3KcGCuujrteBDaqjrJ5qohsTPaZwRN96vOdJP1owegIbpAVK4a6jOEtRYOUYX1cYagNsuWV1tXuaIk3FWrJlZFv8x2lvtH7NITYy2Ru8rkJXBPnlyftFzHfzn5Zb1kfjwoHS+qjvppPiHTfsRcqMeEDQGV2CymWKZ5z7JTROlbeowzygjBbjHV1UNFxwIyZgdpaRmzmqo56YdDoka5HcYsFZSOMWusjxEzZpmlQNwrJ1qF3S2+Q49igvQ5t9cFUJf1KjijmBGUztaqq6PCLsfIKNZYyixkFqe1PAQyKyMuK5nFSUtDIbOyIM1ARPDaFwZARGTEZSEiOGloCETEkZXNQERws+z7JSJyRWEhIpqarUBEjO8OFcnu4MxuyCWTWeKmecEl/RBymw8CQbCTjmdPREKgZl64S2vxuxeUxgbxhdwiCXpBF0ho2saEg4Smg01oSjHOfQwluWiOyJVz+kGdNe05tHDiXjk33jykMKdyHmXhiw/NBWRGU9komdF6ujjppr9QQtq1nArM6ubWnCxlnYoLeccsW/tLqqRPcZWUisji5nKZR0LUkcgufgYnlosC+nZh8yRh8WCbwy34r5XTkuHYhsukHMChTQZC6ruNfCCsQ6ex6tg0lYru2LTp6h3xqWlmNTCw43yWn+Dc+N5viGHCR3jOuwvKE9O8Z1lclbMuBXRZDsLRuiw1lXLSj7jBHKmgdKjUWB8jhqXzBcBgHNRdfRUdi4lS565YF0BV1qvgoR0ZQels/7o6Kuyyi9CO3TwWNcLjfJmxBHrwXeA14j34KyQjDyvT1UQbhd2KC3ZZaKY71uCqpkEcgWTkZeG6OKloCCEdGXGZ2DBOKuqbDysQhYERa2q9FnQMpNjZaqpP/PBazx1SP7XWL+uNC26LuO8bFxTacgNn4rtode0jBUkkNME5lq/qwLjgBVBQmir1W7jdPNz/b8MM+joyDFuSNSRLfNPAmYpkGzYitbbaSAOXYfgY06adtuTA+ihyK6xPRtIq2qdwiOMkcjoqn/CG656NIrPfUTI+YVP61crA11LandnSb55ovOQl7Jl0St5Fk7Gvov267O++s4xKHyDp5IWIwmwUeSmiaRmL6fpubADXLqZ2/oJ+y0fduLdY7Q7jKNKG4n6qg4yTuoObCD24Dgt/dbiF+17wO8L/Q7Js3/oMCH/SkD0SfuJ771bVjErMCJB+nHC9a7OeuB88N6zHnozIA3z+gTWL2zl3r/d/3r/+HW6/NHIEVfxrxdSRanN1A6GS2oASnL/Naq/jAIXfnu4fg6dPjQoCWJKsyki1BEIACj/0NpheoYkTonnoYWuPkYPMbc68oV3hxh/muHW1R5I+ur4hRunU8fvyIYCN6JKNGGBl4u6KA4jr9g7dnxjndufff94+3D822u5kRdZ1bPGag9rvoAwUjzJQwzTQNUnSbGl0FYiw36mqSqu3PQeaymLYtZqh0OlOfVDolH1n/3/uH39abv/nx/YR63LX0//bqNydJOm2hlRDpO0eNpsBbTZgnPVtnMF2D9s9bPfcDtiDyAuxoNOIlDBko01z2795UuLxv5uEYmqSrmsmsvkewUEkJkRiQiQmnH1QTVOIxIRITIjEFPxICiIxIRKzcnAQiSlMJCZLSqCdC09Xlrkgx8/ZO8Qccnznce67zOswadTnFVEiAOsCSxr1avLeeJdOdSaMXNM3bQpO/n//5Ly+Pt9//PHaIP5AR5ZhqZaEbL7xdg3dfQgaH+m0fXr63jQ+VNEsTUGqLtABmjgUBUSINxwWRIi3iwBYpPvP25fXxhkDZFOzbGTzDZsDlhpYamCpgaWmmqbAUgNLDSw1sNTAUgNLLeTgxGWpR+LLbJ+/bJvSGbZsmrKCVE0gPkNk51/BSlMls6VdipTdvPD+iGtuBsEuFeRizraKSl4CNjHcWu3r1mq/Nz6H4Dp3vkmP4SLxcNgBYblfy5BNQy655DIWe+nlBcvUxFoyFMWSJKSqAllL1GYFu8103K6FRR78+PZxW7oo4rPS994sumI6ZN21abIsjljah6e/ws3jl+IHvt5/+Xr+hASpS8AIBCNwXBbHgA3ZWIpF6M7cqbtcVpQwzhlAtmmfI0grJhBAYx7FSXNxDXRvFhf/OhB+XuReMw427xXAq1HYidzv3muWbqoaUhUwHsF47N14HBi0NBqwt0ThfBXM3NKiPsdCpm2A3IADPTjQG4jNNRIT5OnT9qHRsZ4t2TJSZYFMDaFP9SzFMPVanq+4tK6NrU1Tr5W7qCrKki20su14SpV/PGU1Y7Vwpr+TDCdXrjNzQ7SYLz227CEFL2Dmq6L5opKAws+svQBFzqSv0KtV6DHuGLiFuLvhLkpqiXxvyRJkfNb2jV8kC/5z8/z3T87Ly9PdfcOYfBWZimYbSOVbw68j/3p4MR8jmYAN46d0SbIUCykiVQwR2dLSVNWw6xkl4lpa8j8lU7IMVW0noeIADseWVw7+VZrzjZxZCXsslicszcMCnLNRTBZiYly71xPiajPOktOmzNOD5nYBuUEwD/xbtFhNfG+6JppbhCR5Xm/3Arzgyg29iIUePG7XE0W4z3WR5LqkS5eRFOLOe5amRHdRjwKGUx2Eq94TGunkpJ+GG4km67pptnI1MhW0yn3npI9x3qNMUHIe4q3BuwziE5AuVl5Zr0JG9MzD6BwmqjakZjoq7JJ5IwvmiLytcjPbPbee3Ma0Nvk33f3JTzfe0ktSxnR/MTGeM1gb86mXZKZ1g1nbn6CwS/ZbjGxJu4lZ8d6LruarKCsAfZZhpU28yMzHdEa0/BXyuhSXUcuIm5pVBOs609Jxt4PQ1HR+vXDCKL6wWXVWzFVXpx0PQltVufC5aogpgX6fWkn3q850k/WjB6AhurvUXDVU4/Z1vzhEFRLLGYLaDKattq5yRUm4q1ZNrIp+me0s94/YpSfGWiJ3lclL4J48uT5puY7/cvLLeunmeFA6XpSEirc7IdN+xFyox4QNAZXYLKZYpnnPslNE6VvE1E9cMSaVkd2gqqumio4FJNQO0tISajVVc9IPh1xjcjuEWiooHaHWWB8jJtQyS4F4X060CrtbfIcexcWoY+qvCxwv61VwwjEjKJ0pVldHhV2OkXCssZRZuC5Oa3kIXFdGXFaui5OWhsJ1ZUGagafgtS8MgKfIiMvCU3DS0BB4iiMrm4Gn4GbZ98tT5IrCwlM0NVuBpxhfkVYSb+rMbpxgGoecYjfNCy7ZwlXPmg8CQTL3mGZeuAu0/d0LSkOH+EJukQS9oMtJUoZa0YnF72CvjxEkAXuV6LB/kFyLyHAvghSlPdbIUaoRJpQofI+4a+3dyvG9Cw9LHcN0fGulfs6Qirf1A577EEuSHQ6RPHH0gzprKkTk4QJ7pBQG1clj7GRy/AJxp24iHjuFXEMvxd0JSBzvBaUijdmVkXm9uMGXiZB0PHFdFYyYHj4mItvDm4K+BOc7iYyUzlwNneT0M0Z6s248ZTJBWtN+RZ9vO6wy0QMLy9xor63BLbc1ZlbeuNG4h8IWJ9LSUcSNFCI2JZzIyMKXN1LGEFjyRFIWgryRSoZAi+/NZgZGvKGj0i8Pfi4FAwde3yvJ6Q6o7zR0brex0gXq1Zx/px31zJlM3CvnxqtIvpqMLedRFtbk0FxAUiCVjZIYqKeLk276IwhoV0UqMKuJV3OylHUq7u517KS3v6RK+hRXSamILJYPl3kkRPm47OJnMHO4KKBvcydPEhaLpzncwpl/5bRkCHXlMikHEOiagZD6R+18IKzDg/aq44NUKrojhKard8RHCZnVwMCQ8Fl+gjMle78hhgkf4TnvLiijzPOeZXFVzroU0GU5CEfrstRUykk/4l6ASQWlQ6XG+hgxLJ0vAAbjoO7qq+hYTJQ6d8W6AKqyXgU/Hs4ISmf719VRYZddnBfv5rGot2LOlxnLsSXfBS7EOWZGHlamq4k2CrsVF+yy0EwXCspVTYMIG83Iy8J1cVLREM77MuIysWGcVNQ3H1YgCgMj1tR6hdNA2gVcn/jhtZ47pH6YHPMoXE2rXIIiD3vfdiAQxRpFzQ2n+o6nHmFB+jdfT4Zlkc/chT8n1cD2hUJqLPazdwg5jeO1dy4qy9rPWczVL4SSGFUlMbzHl9fN412j0hiabFiGhRQrVXHvpTFGiK0iV/tQbdkYV6kPw5Q1Sam1B8AmSHvdevIbNrkTJpER+7NNxd3yBnrpP2ETF+7Uu/CmyW2UysDNPD7y/A09u1W7WUOXxr/A4jp7R89jAisSrMh+rcjXZtajbssatvNMsB57Xl9X0bW/K+hFO6JDk35yksQd10tFctqUvUJaUtD7msBEdQW0zMPrBHbm0xX5KbllGcyD3opi+V7gookbvXfdoxQprCZZ4XuEnOz7euw05yM5g233lKNW+hjGEQiQH+V8ITRIgVP4HnGnH2T/GXP2n2wNaMqz6pyhnb8AmCdgnupHi0GJ2bdVYnY8TuZPziP+7s/1fU0dqYqiItvg6mmaimQbNlLreZrVKxab1b8ntvUyuvUZFupJQ/YUixPfe7eqDjuJwyZIP0643rVZT9wPnhvWCzEZx4ydf/z/t3evFw9PfzWZsIokq7aNbF2kKVu1c2agjXEDPW3J4UaEIrdyIyIjKdtxzknD8V1y6IgY42+q1+COe8rDOAYr78gwE9a8q2WNtWS6z5Y+KpCT/ruWvIQ9w1zJuxzfr/yoFe3XZX/3nWVU+kCfjGr3tFzn/E2fvEYrPPCNS84AHXYaeNdQ3E91kHFSd3AToQfXIYPf5fC8JQrnq2DmlkbDHwuZtoEz61Ln7Pvmf35snTuiiPrumYIU29Kwk8aXUICj6wHRz7JtqpZS68KM0Ay0ZGtWO2bsfOG8W2EDL7lrU8+KLX5HvWP8yXxWnSE5ydCcdBlfPj40fdM814/X7z9eF/eNcNSUJImwXXxprtaB1FlF86X3gWHi7lsIaXEMiwWhdsbYw297jrwdaNQwqfV14f0RF/oKgt1dysWczTQveQkYHmB4cMiGXZew6DUAYwyMbzGXKiz9K8bpvj4urnLoJNA47fjF5u6/sUxNrHhsbcuSghRNICte5C1csRTD1Etid4a4hWOzRDN1G+5NtkKeLJzp72QzunKdmUtqli2947FVfuT8FzBv8tF8Ublr42fWcSjupK+DuFXoMW4IuIW4ruzhhprvLVlCTs7awl5H9jrv2/en59cm4VmySXIfIJvvjgfhWRCeBeFZgyUmR+GsQ3gWhGdBeBaEZ0F4FoRnDYaZe5OxTDtn5nr73IS905FuKbqhIVsFXwZ8GfBlwJcBXwZ8GfBlwJfp24YEXwZ8GUEGB75M275Mk/MYBemybKoWUvj6MC1HIAwx0Qxk+B12rG4sA301rpwB9F1TiyI75LF5Uy9NZOE72NOpBEmEYKWtun+QxE5k0iiujx0EIQxOyFk3xpx1M/fCWfkRKY4U1Ur8ff4CAUaTyNE4WXTZy8Scuv3UlOLKMcXZ5H0MfvGOSW6EOCFrANRZ+3pXBeM3HNx+ukuDx23Wp7873CVMf3cMDt0TQEsX+ywzJ7zNBL83JoQYXsr8bfLeWH2vILfVOvvfPDZdEXyz4ocZnLPXry+NbnmmZ0EcnTNFVVQZyfWcs+DHt4/bUu8sTqD33ptFV/QTPW3TZEc4OlN5ePor3Dx+KX7g6/2Xr+dPSG3Zgsk9PfbQ+eN2fTo/s7i294F4wq7MNasLlPMKER2h3jJIZjJDtpNFsq3Z3VHuFZ4fOeUY6UrdHouT13oU9WpF2Hs58KKN4tTxziurtqIjRQFelCqaQzIly1DVOtEcowsBGF6eBYod0Zm4fl1OMKcxM1TmvWO+ipYeBWyWtF3n/W1HLxX+3cHWWPLnvjhFINH7ItEFvh2rqaph17tIOoqoJUiXAOkS2hnD0KteLcL5jUf8LCyHG1440zq5XE7f0ON4QvfdygubjCfnDW/9iu/z/bf71/s/txF+tlFSC1VRJew6yUNynfrMS6XKNTdtYf1Bw5RtWYOCTFCQiUdBpsYHodfu9cQNl6yz5LQp8/SgibMmsdTzwL9Fi9XE96ZrorlF6N04UW/O5cHHqu2b9VvfOwmAoytZfvn89OP7v/KeTf5SPuqiHgX0Sw/CVe8IjXRy0k9DWlGTdd00W7kklgpadUeMkz7GeaMsQcl56CaEDDne62LllfUq4onich5G5zBRtSE101Fhl8wbWTBH5G3V51PJc+vJbRKjM8nu/uSnG2/pTTzfi7hHY1KaAlgb86mXVDx2g1nbn6CwS/b7XEdGFZVZ8d6LruarKCsAfXSO0iZeZOZjOiNa/gp5XYp7NpQRl54v56qlvpn2GppiCVXlqqthhLWeCF11fMRVQ0xnTn1qJd2vOtNN1o8egIbobpVy1VCfmcRr4RDVcQFnCGrzoKHausoVhS6wio9/ld/vKEKyeFA6HsXFlOYTMu1HzIV6TNgQUInNYoplmvcsO0WUvkVM/cTXSFMZ2Q2qumqq6FhAQu0gLS2hVlM1J/1wyLokt0OopYLSEWqN9TFiQi2zFIj35VRdQuO6+A49iotRx9RfFzhe1qvghGNGUDpTrK6OCrscI+FYYymzcF2c1vIQuK6MuKxcFyctDYXryoI0A0/Ba18YAE+REZeFp+CkoSHwFEdWNgNPwc2y75enyBWFhadoarYCTzG+ew3kjq4zu3GCaVyGE7tpXnBJP4Tc5oNAEOyk49kTkQipmRfuio/+7gWloUN8IbdIgl7QBTIotTHhIIPSmDMo7UMsSYppRJJN0w/qrOmbj+F/+nz/sHW+f3+4v9uQ8TbJb28rsmzb+B+ugfyQ3x7y20N++1OcH8zl9lHcz4D89qwfFfLbQ357YYxiyG8P+e0FGRzkt2/do3l9unt6+Cl63jy+3Dd1aRRV1zUZ2XzvJoNLAy4NuDTg0lBNU3BpwKUBlwZcGnBpwKURcnDg0nTu0kRPy+3D5yaOjaWppiohWwLHBhwbcGzAsQHHBhwbcGzAsenboATHBhwbQQYnrmPTaHjOKpovvQ8M2L5v0V+w9IX3RxzqHAS7iN3FnO3LlLzkrccAvmx/fHp6ed28Nsria9iSoWlI4etQNsviK45T0Tl8DcfnEDnTcqul3QRANPAcB14PorvUyeK6KEO3/cZpVoTbzcP9/za+U6AYqiLLyLKBpwaeGnhq4KlHY20ATw08NfDUwFMDTw089WB8lbdQU31XG72deuqjL6Qdbu9eN49ffjxsnpdfN80qwxmSptgKkvk6fyOuDNcqX8k+rON2/WxvIyT4r6Jrf1cijnZEhyb9ZLkhHS/mS++41yqhj5qxFwB3L6rzQU5dUs5zTZ5dh97lVcQ7kRXVPldni6u7u82c5RWp1FblmsSPrZdz35utZ/Mocmc9OBPhfBXMWOrK7RpAQHHpFo313mRbNiVJs/ATAu3K1IWA53jJ1OC5Du2E3BCyIt54l051ztjiIabtBR8qXXLcooEOIc9tLOj1yo+8he9Naw40217woe6YEMIysuVDLHwF7ANV+8AE7+X3j1+aHdEZlqQji+9+AEd0cEQHR3SnOAlHdHBEB0d0cEQHR3RwRMd8igVHdL0NTtwjunG4MkvcZHn/5XHz4Nw1CzlUkGbLhmIh2RSI3xL61Mk2VUupx45XDWvhUpTLO5bz0KTRoAxTlmzNGrb/0aE1f6ilwGDmHcovsBp18UlN9fk8eSo+2qlnY40FGTHebF6fnhsdxMuWbchINgAS4SD+jWAeHMS/sYP4pUtqA0WkUmfoYXEcNiXlNmdW1hVu/GGOW1dTE+mj6xvinU4dv3vCZ+TRC2OxAf7nx/bxbhs8fWp4x1uTJQXJukBmwAh3HqEtmzfp7IkAA8UP0+MACch9aRaRe1irHAFAURUVexetAQBkPOGU8aQ5F3rlOjM3JJXkJnOfIbAvp7GAwAxRBXRDHGBUARxod3agHVcWRd61c+nG3ZS+KfMwnJDDCflbObZrMgXfJSFBtWbeeVvmCZf3iqMFWjnlKt+wznli4vq7aKi8v167IUab9150VfiIM5nfJEHgPczIwUasDTjOpHolpQs92RTZ1lJea+bV5P6xCN3lkhj3Se8Vayee1+TJ9UnLdfyXk1/yZmGHGLojgvPPgQOMoyOa+P6yptkK/qsmEPsnNKdky1pb2wFx7p3ZjRNMY/8eC8t0YSK3uZBHbPFivlj5PiLGISMIHNr1ctgWi7CvOM/oCJ42Zd4WaCx3Yp3PA/8WLVYT35uuiQG1CL0bJ+rN5vaCKzf0IpYrn8fterJ0Vot420RT7NEskRNFoTdZReW71uXz04/v/8p7NvlL+aiLehSQFTsIV43EjXRy0k9DCk2Tdd00W6HQUkGrGDRO+hgg30aLGNfz0EVL7zLAgww7WXllvYropCznYXQOE1UbUjMdFXbJvJEFc0TeVu3XJM+tJ7eJAz/J8nzkp/TGb/ekXzxnsDbmUy8JC3GDWdufoLBLdoaQjZ0hZgUhUuarKCvA+vg1JR9BaRMvMvOR7gY5h6+Q16W41nZG3NSsIljXmZaOux2Epqbz64UTRjHnUHVJk6uuTjsehLaqfDmuGmJyAPvUSrpfdaab7LnLADRERwdy1VANArFfHKI6tOIMQc2T3jexrnJFoSPk+fhX+f0Clb+jZrwoOcJpd0Km/QhIgfQZsanKut2OW3NyPlfrQLn4HeyJW4MkGqRy4ewfXHtB1n6i91DebgRRXmwOBBIJUm7nuGQRE4Fe+B5xrZ53K8f3Ljwsdbzd4bXcJNag4m39nCvsj4BIEAci4Rz0gzpr+tbPv5sWOJQVXVFVJKsCHX+LEzjU6erfn30tIyfCyB6HtrOs99z2bbguIkcntJjeIMnH6F4S16NOstW0JYDW69Z7/HPzfL95fG2Us1fVTZ38dVjoJUA5PjDowaCnNujHAjv7B5tAjm7JMeTIw4IcCK3rPbRujGYTxAu2Qy5DvGBH8YIQEAgBgRAQWAi+EBBYqiMICISAQAgIhIDAelqCgEB6XUFAIAQE1tcNBARCQCAEBEJAIAQEdrJQJ87STfwi5oCVbFMRvUwIDuTsMsJZ4ts6S4TgQAgOLBsnBAdWPpx/4n00804OvBtlx1U1U9E1xDlBDkV2XBG+Ao+wg+cfd68/nrefSBGnP+9f/26asFzRZFVHsjSsCIShhWwKffsF8pUPFw9+fHx5vX/9QdRRHwU0ZCu6bCKLbz03qE8NmaQh2+ep2Q31qbv0t4eRzhuyb5cdpUP27XwkGXDe4CEmuYX61HSDg/rUTe/XvM361H/df3vYPDa7gKpZlqkgG8gMIDPayiktZHHZarOOHNLtipPWsujy27Pb6cntVXLKTsqZYov6Arl/eEuCq1XG+UnTdfG7kj+lIsfRrcmR8Dy66uFUPxUlvhWUFXpvoZCwPSdahbW+SfVbhfQfXbw7zpzwNnPG2Nj1YHgp8+zNe2P1xM1ttc7+N4+DcxGsAB4FGP/+9vGpURGGzGlQgREwxI1NbyvCu+M9rTsrpLezB/mfeGJqlmnVYYQrhxVzUYzjStuIS3Wz8dvjJLUTtndFIg8IQ1OLKz5u3YutuTc+drLU28dLXsIeJVryrmBOfUun7DVx6bN12RMT92Ielj+SylLvqo8INkBzJiDafvv+sHndTvDQ7x+/NDnXVGxd0ixkGXCwKRbaw8Fmz2wQHGxSzU442ISDTTjYhINNONikOvuDg0042BRkeISfii8nTSM08YIZyTGG9yLnWEgalqvoLYO+EcDDTfv36+Tp382Cz23NRhYc1wqwVoQ816SQ/Sq69nfX6GjFPjR56yv4/tt2+vT48vq8uW+SOxevNtW2FRlZOvAswLMAzwI8C/AswLMAzwI8S9/+7eh4liF66yLH1ZRE/I3EyH/ePL7cN70gaimWrevI4ntxHwx8MPDBwAcDn2qagoEPBj4Y+GDgj9zAh4NUOEgVanjeEoXzVTBjqSCTtoFLr3TOWfS03D58buKimbZl6iay+FZfBRcNXDRw0cBFo5qm4KKBiwYuGrho4KKBiybk4EbqojmraL70PjBg+75FPwspiRv8Iy7/GwTuNI6mXczZvkzJS956XN/ztlkaJVkxZRPxzQbbLC43+PHt47bUk/S9wEXvvVl0RT+F0jZNlvWR7/Tw9Fe4efxS/MDX+y9fz5+QWjUyLt3ADR3f+5DErS9dFic0/wXA65StwNULlqjRebup4+WCLAXIHCBzgMwBMgfIHCBzgMwBMqdvJxrIHCBzBBncEMmcarTHPunvKHZMl9Gtz4DwJw3Zyz9OfO/dqrr6Y0ioFtKPE653bdYT94PnhvUSq47F49tONy/NaBfbkk0Z8c1VBdehB5Q3UpIMQzXkOn4rDW6uFnF1YzRxr5wbbx5SlLvOeZSmuPBZTwJ+51S2yq/dRBcn3TScIZqs66ZZi9mgLrh8ENgLrtzQI+mkSRrp1iZLWafiGiDX89BNRLzAX7X9JVXSp7hKSkWk8xc4ziMh/Ivs4qeyVzkqoI6dy9OQzZMk4W2qmAtecHveK3vm2D/ijYwceiRSVxjHMTFInlyftFzHfzn5ZQ+VCE4mCVXVAY6Tssd6BDUwywnxR4tIGeiZF+5OmH/3gtJAaJ4QVtR/C+u56twjlarq2IPP6h3nGcnpajhwmF0tvwxpKur6OxiAjLxOajj2s9/vfR6817gBgXiKjf7w7Fn0C4uXlfbYo6lzOpQkbV4YJcnOK47YeGiDSggB/VBim8TS0vqhjdR00lt/7mjVhpMKSrfhcNLKiPeds8XB6t+3sD678fbHQTHfkL8s7hvk8VCQokq2bCO+efpa55g7iG/t3MwZTNQJ9eF3hRmbd+bNYojylziumldD7EO7Nx49/TYSRNWvKCruUZNhypKtWW1aG7UDRGoQtxBhRxe7Jmy43fLKwb9KC2WWvinzMN/4PX1csWFDD7qpsOJPfywa3PL+2/eH7ZK4Wj/HX/v+03/9nG/PGpapGjYybUVVVaSphpqoIrG/r93wkrBSB+v710/bz5sfD69Fdvsw3QznI0kIfke+RH1PQ0eGrViShWSZb3p/uMIAVxjgCsNgnclRGFhwhYH1o8IVBrjCIAxRBVcY4AqDIIMT9wrDOI5MnLu77fdX908srtPQo9GQbpmKoSJLFujwBJjTUTGng7tMUW357QPXGOy8Q6wbq1XnuxdR9f0l7/IqWpNH3/J9peZwqGqKpCjIkgAOAQ7fEhxSA8DJ3D2s5D0OfEp+jPBqjdfjn/evf/+0e+bXX7J/LcGNQijIgY1ijGHCjWM5KxDExGtd+7h93SBb1iXFlpGs6qZq4/+zZFUlhK6kq0jBv+AIJDqSZU2yyD9Sa2EpCY+2up64IfF9a7Fwx61F3MH33u5O1HrcTclL2O9klLxr4l7Mw+prGmWvcCbzG3dd3UnpI8F8/zPvOx4C3yDP3Axv5xZ5S+zkAChnoZlmMU7vFQ4mO+zYeFNVkIysz3ayV8sm3q5VQ7ctxUKaZhqyvdtTeW3VGrIVHZsJltmSzd/jhf4Gp7iDrcwx7oNppe7BNGAQHwzSZeJHIFniGVeC/QRTs2xkAwYNxNbsK1sRADYANgB2NWArtqFKliTryFB0Q8F/1myet450ZOEO4o3ABswGGAIYAhjKhSHdxEChqUhVJFtWMVzwzK93EuYMKAQo9MZRSPhDbwIniw1+9Ra3Cp4+NSrTYFu2hU0ck+fRFZyBDwwoO7hMOZ/8hv1YNPWdJWusYLapuLGQA72KHcuwjJyIVe64jbifY6yXd4mIzjTybrzoNk2vhoL4yJacv+/kv2UcNtU72Q8DY42mb4zDC6rOAM/brA/3ffq6VHBQT6yUGiGBZW8RcqK503kwc8LbzKlo4/svDC9lnmp5b6y+Lp7bap397+OT3HrzbzS259Nzo3hLU1E1E5l879O2bGsOM5n6KEJG8qIyIISkNIREbWsThMz7WXVA5v18Mwky70Pmfci8z3v8kHkfMu9D5n3IvM8EYZB5f2Spfd5y5v3qHeMkc0cth7b4HezBfUHi41WC/v7BtRdkU71zoZ0451I5JtaYiM/C94gL5e9Wju9deFjqePfFn6dJYpmKt/HKKDhUZvH59f7z5u61CbmoKJatSMg0h0Qu9nmQrcq6PbpjbFvW3u4VO+BLu+FLKY9pr11yq3bJOktOmzJPD5rsbyTD2zzwb9FiNfG96ZpobhF6N07U2xHr0KsmJfEpThSF3mQV0XBVec+yMOSnPQpIlB+EoyXKa+rkpB9xiwKlgtL5wo31MWJn+JjS7mLllfUqole8nIfROUzQcah1dVTYJfNGFswReVs1cZo8t57cJtFCk+zuT3668ZbexPO9iLsjTRuxtVzOp54Tk3BuMGv7ExR2yZ5l9sioojIr3nvR1XwVZQWgZzNKUiBwCOJK52M6I1r+Cnldikt6ZMRlPcDlpKWhHOFmRGYvE8lJV/2XhqyhLTrGmpOGxK4TmxGUhc3npJshVNLNiMsSBMBJQ32GgtfCIYYwAW4Q1G+gQK4oLJECTf0riBUopXS8KDnhaHdCpv2IuVCPCRsCKrFZTLFM855lp4jSt4ipn/iWVyoju0FVV00VHQtIqB2kpSXUaqrmpB8O97Dldgi1VFA6Qq2xPkZMqGWWAkNwF6fFN4DwrmPqrwscL+tVcMIxIyidKVZXR4VdjpFwrLGUWbguTmt5CFxXRlxWrouTlobCdWVBmoGn4LUvDICnyIjLwlNw0tAQeIojK5uBp+Bm2ffLU+SKwsJTNDVbgacYX+6O1dJFzuzGCaZ4C4ndNC+4pB9CbvNBIEiDyxW8ILfD6xUQ/N6PCQ3B74IHvzca5z7EkhRaQqTkEv2gzpr2HHkId/LhTj7cyYc7+XAnH+7kw538N+i/wp18uJMPd/LhTr6Q6w9PdHdRN7AjbcyuppKOey+sK/Z17JeXp7v7DdFD/RvZOjIsSVcVUsQgVTGHK9mmItmGjdRf27mSnVlSjJeYT1v2V7tgDIn++wH0jup180fZOpWbBS3XPICb9keX44W9Yl/rRnxL1+BmS795/uiSl7DfbCt5F80N+or267K/+84yKn0gmAe93cNvwvTX4/U7N0n3dc9rFwk4f0GP0I8h4Ma9xWp3GEeRNhT3Ux1knNQd3ETowdGQiPmjYyYDu7+blLmCnBIeyZbJNNriF731xFmppxaL28RdM2XdskkdOJ7l5cBdA3cN3DVw18BdA3cN3DVw18BdA3cN3DUxhzcKd+3EvSitIT758XL/uH15+Qk3uiP/Cl5LvFhexpriqq4aum0pFjJ0Dftpu+LfvJw+DdmKLpvIMlty+qCieEZYqCjezHNtv6I4YBITJmmqYsgy57gBHcmmZtnIBkxi8wR9L/gd4f9xsfdz6zN4fycN2W8RTXzv3ao6RDO2L0g/TrjetVlP3A+eG/YQjgkADgD+RgFcsQ1VsiRZR5opaRhvNZvnSYKOLPx+Hf9VsgHCAZUAlQCVqFBJNzFwaCoyFQP/Gv9S52tWyppkkX8kQCVAJUAlQCUmVLJNRSOgpHEFJcNWLMna0XoASgBKAErUoDSdhxPnJ2/mi45GOYLW5twsVbYN/EuNJ+emIcvULUtBVlv1E4cJQwKTbhkyrR3ira1YCMBtwO03iNuKbZuWiVGXp1Or4dfqkoZ3BQNwG2AIYAhgqMp8VDBoyBpPJxaCSACDAIMAg6gxCP+gK8QUUrhSaYpB8lggC5g0gCGAIYChyohaVVEkAkMSZxhSFRn3CbEPwKQBkwa4DbjNGbd1XdNJdJnK8yaEjp1YWbZt/A/gNsAQwBDAUAUMmaZkxTDEN3ZWtxSdUGptpeEAGAIYAhgaDwzZtqaQqFaVb1yabGqygd+uAQwBDAEMAQxVkWmyqkjEGlLhKugb5tLgKihANkD2MCDbtE3D1DBky1whW5N0XTOxXQqYDTAEMAQwVEXnW6pqmPgJm+/FKsOWZIxuEtz2HIjtCOewANwA3MMBbluX4mg+hW/2J9WMz2HxbwC4x4BDsOCaLbhMth5bk00DybrEN3DWxsvZJul6IPRhFCsOdn4AolaByNINSZEJEPGljgxVVWWy9UPwAwARABEAURUQ2apC8hfqEt8Qfgv/t0wMIoh+ABwCHAIcqsYh1YjvVdt8SWxbsjSS7EfSAYgAiACIAIiqgEjSTIngEN+7MaZk4i4wDkEgFuAQ4BDgUCVVLWmEINJsvmdDkFgecAhwCHCoEof2SZsNXdV1bLgokEoecAhwCHCoJxxSZV2X8C8VvtdjFFm3dJKUHk7uR4FDsOC4LThFkk0SVcz3hFpWTdUydlUgYMENfsHBxg841PLGr2gS8RT4Hgypim2RFJoyHAwBDgEOAQ5V4ZCiKPEJNdfy8ToysQNik/JVUH8AcAhwCHCokpC1DcPgXjGeJP5Wld1rAYYAhgCGAIbKYMiSNItE+Mp8kzdCNU/AIcChVEvuYZ3v5v/PZXhSjBE5gFIIPvR4snl4mGy/bv68f3p27oguKwGlpAaSqauSoSKTJ6AoyJAsS9FQW8c7F57vs+JJ2qYZoNimaim1UnqJi5KGKUu2ZrWUZ+J96CzQ+3k4W9KPK23TPUZW5xqZOnguTdwr58bDmnemRDY085YL37lF1/MZQ/aRylcx5yNZXs3fo8k8uqrMRhI/uesycK7dddJ0L0zmV/htJQlKlFqroVLLS3c6D2ZOeIu8a+fSRU4wQ5ltpp6+GV7KrPm8Ny4rv0Juq3X2v2dzFMyjvWz1MsWMZ++b48+wIepvvvmR+8C6jfdA2Pxg84PNj3JI8ZbwbuX43oWHfRiyTWCbP0TzhRs6RFKGoVa/q/eYFbEBEcv5vHmY/Pj8efscPH3aNoFDVdJsyUQmz5TsAIdvBw4pTLrUqqlrvxW8gd1MLjL6jowtJkuu6JWR+0cUG3getj3XZU8V/rG05fLKwb9K7cjSN2UeLnymWAclxqfe0g4abxHzyW/uNEJT31my7i7ZpuLupxcrDElExYyjO7SjHhp/2ZeRE7HKHbcR0bcHrxO8zlMji8jYxLAyZEmzDGTyjKIftWGlyro9OrPKlrVaqXxHYVbl2ShgUJUaVGpLk4Vsv9fu9cQNl6yz5LQp8/RwfL/yq+Nn1vPAv0WL1cT3pmuiuUXo3WCDod4u1NzC8YIrN/QillPe43Y9WWerxSJ0sdmbGL9OFIXeZBW5pSb05fPTj+//yns2+Uv5qIt6bEEBlWB/6L0a8hsN+qSfhgELmqzrplkrYKHqdD8VtOpwn5M+2g4FkOuGAjSHhOt5iLHfuwxivrKLpVXWq5Ce1DyMznGgasdppqPCLpl3qmCOyNsqd6vdc+vJbXJgOslu7+SnG2/pTTzfi2r6UI33eqyN+dSL2XTkBrO2P0Fhl8yf4NhqorIb3nvR1XwVZQWgd2RrnWPT4kVmPqYzouWvkNeluBRYRtzUbiJY15mWjrsdhKam8+uFE0bXLt5oCf50pqvTjgehrSqClauGmFjZPrWS7led6SbrKA9AQ4uQHEhHXtvmXW6Xg9DQdB4so9Dxgqg7FWX6bMO9rLSuckVJyKlWTayKfpntLPeP2Gcnxloid5XJS+CePLk+abmO/3LyyxKDq63KuDvuxYvQjeOvWka1tB8xF+oxI0MXpJOMPe9Zdg6oRihPC+fHqRDsFlNdPVR03IPPXsWYHaSlZcxqquakHw5XfOR2GLNUUDrGrLE+RsyYZZYCca+caBV2t/gOPYoJ0ufcXhdAXdar4IxiRlA6W6uujgq7HCOjWGMps5BZnNbyEMisjLisZBYnLQ2FzMqCNAMRwWtfGAARkRGXhYjgpKEhEBFHVjYDEcHNsu+XiMgVhYWIaGq2AhExvtDe1dJFzuzGCaZ4C4ndNC+4pB9CbvNBIAh20vHsiUiM08wL3eR+7O9eUBr8wxdyiyToBV0i5/ISf8OY4qobX1j8DmaQwKqIQ+4q0WH/4NoLstwLl8Dm5hPuWCNHodtMKFH4HnHX2sl9P/x5jgbR7Pbg6dv6Ac99kCS5xYnIfU76QZ01FSJ2cIE9UgqD6uQxdrY4foG4UzcRj51CrqGX4u4EJI73glKRxuzKyLxe3OjKREg6nriuCkZMDx8Tke3hTUFfgvOdREZKZ66GTnL6GSO9WTdgMpkgrWm/os+3HTeZ6IGFZW6019bgltsaMytv3GjcQ2GLE2npKOJGChGbEk5kZOHLGyljCCx5IikLQd5IJUOgxfdmMwMj3tBR6ZcHP5eCgQOv75XkdAfUdxobt9tY6SLxas6/04565kz2ORQpFlzOoyysyaG5gKRAKhslMVBPFyfd9EcQ0K6KVGBWE6/mZCnrVNzd69hJb39JlfQprpJSEVksHy7zqIYF1Ob4mcwcLgro29zJk4TF4mkOt3DmXzktGUJduUzKAQS6ZiCk/lE7Hwjr8KC96vgglYruCKHp6h3xUUJmNTAwJHyWn+BMyd5viGHCR3jOuwvKKPO8Z1lclbMuBXRZDsLRuiw1lXLSj7gXYFJB6VCpsT5GDEvnC4DBOKi7+io6FhOlzl2xLoCqrFfBj4czgtLZ/nV1VNhlF+fFu3ks6q2Y82XGcmzJd4ELcY6ZkYeV6WqijcJuxQW7LDTThYJyVdMgwkYz8rJwXZxUNITzvoy4TGwYJxX1zYcViMLAiDW1XuE0kHYB1yd+eK3nDqkfJsc8ClfTKpegyMPetx0IRLFGUXPDqW7iqUeS/f7p4WHz8SmpudYkC76laYqBTCVVMSTBL6F1VFs2xpUDX/5nXMzatNo6XH8jGDr0bOQQHQPRMRAdA9ExEB0D0TEQHfMGiQCIjoHoGIiOgegY4FxoOJfVS6OqzpqqGZKBTBl4F+BdoELvqNJ4QTnb3aeHcrYsm8u3j/eP208Xz5svROZGm4uGf28jUxJoc6HMbVdnizlu18+ChlqvUOuVOjHo+8ANa06T87bME+RdcrparJ3KWVH5hnWOmMtolvfruT9747DfGO1tS5MxPNsCob3IroSpqKaiteTLx6kBSZJABnM7bSNiPDOgFQ+0ajSprqJrf7df02r+0KS2OUSNryfIcADKPcx+Sn6MMBjGcPfj8f4uplB+2j346y/ZR0qwuRBuc6C5GMeZsDlH2AqkVpCMrM+2pNgykrGLr+qqoduWYiHDVC0LA65ucURqDdmKLpvIMltC6h4JEnKDSpHbOtf2liicr4IZS8RG2qZ7qK4i4zOmbxUbX+R6tE6wK3UJdkAj3mhkSqah2hiNTI5opCPZ1Cwb2YBGbFaW7wW/I/w/xPK49RlMrJOG7InbJ773blV9hh2fNJJ+nHC9a7OeuB88N+zhvBqgG6D7zUG3YhuqZEmyjizN1DUDQ7ekcsVuC3eg479KNqA3ABIAEgBSBSDpJoYMTUW6YdrYE5V1nuEM2JaUNcki/0iAR4BHgEeAR5R4ZJu2pSnEQOKLR6qpWgaBJcAjwCPAI8AjSjwyFF1WMKxoPM9odWTYiiVZuC8L8AjwCPBI+EiPA6YsNq9f68d86EhVbEsx8crXuQZ9mIpkGzZSW4KTzGRjRJXTlv2ByxhWYj/XXDoKjeEfY16VBiUnvLyngpBjiFM9Ci0VNkC1VjxpS+XxZku/+e2Bkpewl7oreZfj+5UftaL9uuzvvrOMSh8I5kHZFdvuykszQkq9+smdX8hxfTdO4UR3tT9nnOcv6BH6MQTcuLdY7Q7jKNKG4n6qg4yTuoObCD04mtQK+aNjTpHQ+fCylUnTa+DJlsk02uIXtR85Krq/9v3pcdswNl82FBsZPAM+Ww/N7430MUxZsjWrpRrC4lu+cEOrmxta4viqXXp+caoo93pCEocwTvzTpswznsboJ4b9PPBv0WI18b3pmkyGRejdOFFv5vrQU/old/edKAq9ySqiSbKV9yxLar/THgXM8HcQjjbDX02dnPTTX4q/KsYyFZQuiU9jfYyT3szJxdfFyivrVch9KK1VkhGULvlbXR0VdtlFeZSu66JQmgJZv88NZm1/gsIu2clFttufxKx470VX81WUFYA+84jSJl5k5iNLVZpGXyGvS4GJjlRc1syznLQ0lNyzGZHZk/hz0lVXSfy5aosu1R4nDYlbhPJEUJY0hJx0I3qZzhNxWbIXc9LQEOodHcEBQ35jbhDUb4bjXFFYUhw39a8gyXEppeNFyRlquxMy7UfMhXpM2BBQcU5K+BRpJe9ZdooofYuY+okzYKYyshtUddVU0bGAhNpBWlpCraZqTvoRtzpzKigdodZYHyMm1DJLgSErPafFN4C89MfUXxc4Xtar4IRjRlA6U6yujgq7HCPhWGMps3BdnNbyELiujLisXBcnLQ2F68qCNANPwWtfGABPkRGXhafgpKEh8BRHVjYDT8HNsu+Xp8gVhYWnaGq2Ak8xsLoGlCncndmNE0zxFhK7aV5wST+E3OaDQJAGVaF4QW6HdaGq0eXktkKtgMvid7BnuQuSGMRKdNg/uPaCLPfCpVAF5/sjx6U4mFCi8D3irrV3K8f3LjwsdQzT+PM0uUxT8bZ+wHMfYkliSBGJJqUf1FlTISIPF9gjpTCoTh5jJ5PjF4g7dRPx2CnkGnop7k5A4ngvKBVpzK6MzOvFDb5MhKTjieuqYMT08DER2R7eFPQlON9JZKR05mroJKefMdKbdeMpkwnSmvYr+nzbYZWJHlhY5kZ7bQ1uua0xs/LGjcY9FLY4kZaOIm6kELEp4URGFr68kTKGwJInkrIQ5I1UMgRafG82MzDiDR2VfnnwcykYOPD6XklOd0B9p6Fzu42VLlCv5vw77ahnziSnlnvRgGuWfT/rSUBSIJWNkhiop4uTbvojCGhXRSowq4lXc7KUdSru7nXspLe/pEr6FFdJqYgslg+XeSREVqfs4mcwc7gooG9zJ08SFounOdzCmX/ltGQIdeUyKQcQ6JqBkPpH7XwgrMOD9qrjg1QquiOEpqt3xEcJmdXAwJDwWX6CMyV7vyGGCR/hOe8uKKPM855lcVXOuhTQZTkIR+uy1FTKST/iXoBJBaVDpcb6GDEsnS8ABuOg7uqr6FhMlDp3xboAqrJeBT8ezghKZ/vX1VFhl12cF+/msai3Ys6XGcuxJd8FLsQ5ZkYeVqariTYKuxUX7LLQTBcKylVNgwgbzcjLwnVxUtEQzvsy4jKxYZxU1DcfViAKAyPW1HqF00DaBVyf+OG1njukfpgc8yhcTatcgiIPe992IBDFGkXNDaf6jqdmmRAYStzwwpkyXYw4byz2IEPX8b0P1fkOCoaZbS72QPG88/D3YKpkcdZWzCHGYawHEVlWd148bOGLxB380SxsOP7Sd7WlgraqxSbFN5grxTJVCeFTKvZU0opyISap7PFx+7qRkaFsJEXaIFmVJMUyDF2XZBuZkiorKlJkSU0/VOO6ISrSDUnTFKSRotg1CodAWjGY7m1Md9VQDPwPnu48i5lqyDJ1y1KQNbo6OW++fqlwlc3f6OIlJc0V3U4Wr8Fx8epIMVRFlpFlw+KFxQuLt53Fq+u2Yulk8ZpcF69h2JKsIVmqaWnC6oXVC6u3avWqmmwlWy/P8pI6sgxV0vFfJdh72Y6SfC/4HeH/cdEyuvUZyJuThuzZjSa+925VfeITn1iQfpxwvWuznrgfPDfkfboDUNcK1L3cv25/Wr4+/7h7/fG8ZQa9wqK4LWJekcgU6KcS9EOfbUtSTYxHqmZalmpbsmZZyNZ0XUaKafCkyBT8k2YTr0arB31vrtRe7TUyvERZwvCEbwsElBgEbEnFls8nDAKqbKqSqRmyYSNb0QhJgP9f44oCpqzaCvaL2mIOLzzfZ7WA0jaNTCC9Vt6VkZp01GkX2fOwtnmZA6ClfftCtW3Dws6VaUp8z+AkyVIspIBvxWI3sfkIbRs9WqnR01Y0XEcl6aGudJfG7psrJQQOQ8tXNDuNBAXLpHvLRDYMbE8Q6oNnuARldBB84C6oLRP7t+QD8zyVU5Eqq4pmId0Ebgu2e9juhd3uqyaJG6yu99/P9yL8nz7ldMlpyTZxiroWcgrBXtXBXmXqqqmQvcrmGrupyYZiI8OCrQq2KtiqhN2qwDOFzSDDmauGphHP1FT4BvJjv9RAJpzG0Sd5yaZmqFV7regNzLFJ2dxm2ffEVdaQd+1cusgJZvG998oApqKXxZfmyVu86TxYlz1V+MfSlnnC0jxc+MxxmYxsKo2SSCy1rXv2ANFvBaI12TY1ldjrMleINmRJszBGq11dLcwzyTmb74U9ikcJgEPDFwjHe30VHD5w+MDhA2uCV5CUZsdHkTwvf2pIUSwShW3CSRXQf7Ab9L0bAJJ2gKSSbugaQVK+1JlqKrgfZNY8SBE33NQwZcnWLDj9a3PWSnhixZdN8RSTZTypNLwx6wa5GqHKsmUiVecZHU2yPhiWpCNrdNMVbp7CzVMIeRgE6ClIRtZnW1KwZyPLpmxZpo7hCf/ekE3D0pHMlTvVkaooKrINgDw209lbonC+CmZuafrfY2HTNkKWZhD/1O7ooA2O60qP63jgtHtAvx0c/FyGskxJTQohmQFlHz/dk9mzeQiePm0rkbXET9ENU1MNxDXiGQO2ZFkK9qrGFzgg26ZqKbUMJHF3jEqfbgj359oiV0RHgsftHVHD4un+8TXcfsYNH+8aQYKs6QaBBJ7U8qghoaV1s1pih8f7A5tMeMsNdjUPFvOqIiHHUpe8BCyxWpZYsUkirFkmVtATydJAWfAmJ79Du2VrBrudcci14VxeYpi4cfwVU/GKs7Y9ljCrkbpfiAz9Q7Axnp7rGxU6klVsNxuIe8IgRbING9WMfqu0KjKAymhbnLYUN8XHEHjZfsrACpf4Y6AwOHKDcBjUHG8mrclHnS19VCAn/XcteQnzpy17l+P7lR+1ov267O++s4xKHwjmQVkRwFaL5HZvFHZu97q+G5dqoqtSmjPO8xf0CP0YAm7cW6x2h92v2jUU91MdZJzUHdxE6MF16BJ3Pjz6ktI5IxxKYegdx4bNfTeotQSzrYcyzBqLMdsanG8q59t9/NSE1DcNMyb1eaauakrqU1dqnPsuul75kbfwvakX3TJOuLP24q6smXvhBV5wSZYG4yizTWFNVaypl9fnzf3jayNGy9YVG/9V5psIvyGjBRGLb5hOGTOn5YTh/D3jV4jbtH+RTXSwe8VQR8RtgnaKrFu6gtGO5zUJQDvuaNdSIPLj67ZGra/Og49PxGQMOFZ11dBtkiXetqS4xqbFs8AXFMYd3CrOrM52VnJb5O3QYrTHcEgp2uWRN4bZlmSSbGWyxTOUWUOKrUsafjtcEwEIAggCCCqDINWUDEnFcMI3K4et6LKJrJpJOQCBAIEAgd4KAqnkJ4wmPM95ID0AQBBAEEAQJXdmKKpKuDOekd4EglRSctaC+o3AnQF3BpgNmM0RszXbVExiNvKMZdCx4yrLNqkWDpgNEAQQBBBUAkGmZSoq/qXFM8BAR7ql6IRCa+uGIEAQQBBA0DggyNZ1xSIQxDfNnGxqskGqywIEAQQBBAEElUCQoWuqpmE44ZveF0OQhf0wOEEcCHc2yFh5gGuA6zcG16ZkkeyZssmzCLOONEnXNRPZcNYBEAQQBBBUBkG6Lmm2iSGI51UFHRmGLcnYEJUkwKBh2Ixw3gqgDaA9DNDWdEMyid3I866CjlQzPm/FvwHQHgMGwWKrv9gU21AlS5J1ZOq2iS0ZXeLrpNl4JZP8DxJEN4xiscGGDxjUGgbZlmmQ2pO6xNlNU1VVJjs+xDcACAEIAQiVgZCu2HGIlS7xdTss/N8ysYQgwgFACEAIQKgMhBTVlDSDgBDPS9LYwpIszcCdSTqAEIAQgBCAUAkIWbql2DEnxPeetCmZuA8MQhBpBSAEIAQgVAZCqqEapk1AiO9NaQt3oBN3DMKHAIQAhACE8kBINzFM6DZ2xyyLxIfzdcZkWZPIa2WIHgIIAggCCCqDINPWsNeEMYhzzqpsxnLAoMFjECw2LotN1SXbIhfC+G742fK+sNgGv9hgwwcMas/nMGWDVFcw+WYbUhXbUkzcF5wAAQYBBgEGlWGQaiiKYWMM4ptuyMROBzGvZCgXABgEGAQYVOqLWZJGknWbfPMNkVTdKiE+4BAaMAgwCDCoFIN0y5QIBvFNOGTYiiUROwgqBgAGAQaJXyIWi7r8uvm+bVJjXpUMDWOJwZNa7qDG/GqJZ5jn+6x4ctwOygy/Pj89XDw8/dWkzLCqG7al4X2Dp0nctMzwCFG7cn/NoC/jsjht2d9uO4atSa67Nb3NKvGBc82QcufQpIcFWJlIKJ1kWKHecuE7t+h6PmMZXsEbmFMLZeb70Xsi948IOcEMeVPypuThXcvzpENUb1mXPVX4x9KWszkK5tHhdxmt8E52VP1RZ0sfFchJ/11LXsL8acve5fh+5UetaL8u+7vvLKPSB4J54PaQkCqGhci5vMQ7843jr1wGFDxv2z220A7R9d1rF29fi3C+cMPIYx7n+Qt6hH4MATfuLVa7wziKtKG4n+og46Tu4CZCD24ZhY4XRKwTMNNSvLCz1HfaO2ovh99gd0VGuussPm5fN+jjVpJUiVBzmmWoikXSdZMrsroix05Lph0nDpKDw/fj5fXp2/3/bohuKQhI6XywuqkZpqpqumkjXcG/NJDGMyREQ4YsEU2abWVHqUMb1KAM8jwjVdVVybJrmSkCk6uSKVuWorbh7jlRFHqTVVTt7V0+P/34nj6fQaXkL6WaOO5GSNqyvg7JPu+QsVDq8PA8mw6PuxmYDqu9gBP7sJYTUPwOZh/AI0v3euGEEbHmKk1+/FWWV87CXR+3Wx/7WSV2e1sFCK7d64kbLmMSAhE6gl6bZ017NyeEZntnm9fN8vXpeRs8fWp0ZGAbNik8afDc9pseGYi868u2qVpKrQUk7q5vmLJka1ab3vx88ps7jdDUd5asPka2qbg+1MUKzy/CoDCO7tCuR899GTkRq9xxGyFpWxc7pTMnvEXetXPpxsRmY8aP4aXsu3/OG5eVRkBuq3X2v6nNgdGfr5PdkgQQNdkoLQl7snij5BmuPOqNUpX1kTnHeJu0Za0ll2QAp02x05EBQHIiJOyhU56wNA/zPcVSW5osZAfeu0yMs+S0KfP0oDmVIidP88C/RYvVxPema6K5RejdYJuhr/MkL7hyQy9iCRA5bteTgbZaLEIXW76J/ZvHiXHmzwp7FDBKJuX6KncETpwiD45Vk3XdNFsJqRkdx9pP/E2CkvMQbw3eJSFBw05WXlmvQvpa8zA6h4mqDamZjgq7ZN7Igjkib6vczHbPrSe3cawS+Tfd/clPN97Sm3i+F9X0shqbAlgb86mXEPZuMGv7ExR2yR79cmRUUZkV773oar6KsgLQu7pKm3iRmY/pjGj5K+R1KS5JlhE3NasI1nWmpeNuB6GpzBFPZXglV12ddjwIbVVRsFw1xMTb9qmVdL/qTDdZP3oAGqKLweOqoRpRe/3iEFWUGGcIYo8v42ld5YqScFetmlgV/TLbWe4fsUtPjLVE7iqTl8A9eXJ90nId/+Xklz2EGuyoGS9KAjDanZBpP2Iu1GPCJi/kh3N4UGGPYuonPkVOZWQ3qOqqqaJjAQm1NPCLklBrHGDG646a3A6hNrqAux4JtcxSIN6XE63C7hbfoUdxMeqY+usCx8t6FZxwzAhKZ4rV1VFhl2MkHGssZRaui9NaHgLXlRGXlevipKWhcF1ZkGbgKXjtCwPgKTLisvAUnDQ0BJ7iyMpm4Cm4Wfb98hS5orDwFE3NVuApxhcbTPLrOLMbJ5jiLSR207zgkn4Iuc0HgSDYScezJyIRUjMvdKexX/a7F5SGDvGF3CIJekEXwa5L7e8/tX9RqrsEB8ex30woUfgecdfau5XjexceljqGafx5mmR7qHhbP+DZy124kYbvb+/uX/Aom951U2RVMSRk8E1tNt4QfsU0VFUyxxXEbxmyaci1biZQpzL8IzZ4gmC3by/mbJk1Sl4iJCcn/s2F4th9Ye8vdHfdQMwsMUNMp9e5HdV9jqzRZwwci8n0HTfaPt793SQZ7FEVWX4WU7NksNUbku8FvyP8Py5GzVufYXKdNGR3TCe+925V7ZfGDj3pxwnXuzbrifvBc0PeDBWkmT2WFNLM9rEvjn7TGLn5DGlmWT8qpJmFNLPCeAmQZhbSzAoyuBGkmRXd73t4+ptI28TvswxV0vFfJVskvw9cGXBlwJUBVwZcmVhacGXAlQFXBlwZUT8VuDLCuzInBnhpYd7UsxC9Nm+epBW+kImdFltSkvK8imXbpi3pioZ9IE1XFVNDimTxTPypIt2QNE1BmlTPGYJbwTDRa0x0G0/ItPyLpGi2bluGbmh4nluqZCI8VTlOcw1Zpm5ZCrLaio4bZhXqMXj5YpWNf2OL1jIUxTaQZsiqrCI8CzkuWh0phqrIMrJsWLSwaGHR1jMpJby+DF2XFLzSZBmvLU2xJIUsL12z8E/I4LtoDcOWZA33W9OihFULqxZW7fmqVRXdti0N2aZiKhpSdZ63R06O2mDZQpBnCzUDAePEP7enxKeyYG3iFpgYtfge2huKqqjY8WgJnmaecxk612jiTH+/DOerYMaKVkVvaFoHtbX7YVjamUfOIEi6JXJVj+1m2FlzIVlyIunyypmRLAZYzvgaNuMVuLPmQg40JvUvQ4+1rAhp0sLRU/Dj28dt6YqLO156Hxi2zEOTJl/AzCL8w9Nf4ebxy9EDR1vA1/svX8+eUNs6Pk3WFR4kmWwLJ7pinKrHbYWcp0di1lmOJ42FHOSuuNFySao+Bav4Gj3jujxpLeQwjzKrJILWz8xyaC/kUJOE0NiSvqk+vMr5mpmW4g5vb8F4wcWccXzZpj0GMuzFmL8PXJa4y7O2AozhIqRKCVzwOG2un6Pm4k5NZzIJ3RvPicuf7USmy87XUD9FHQswQehSRnOaH2LX3eh0SggyDdLUXK2POJsFTNQpMJ0HcTRsJ6si25n4KulkVWQ763FVJPtY5f7PZciZvoScBM4qmlc52E0Vse+jv8yQMdUW5ygKg5bBMKc7uP4A1x/g+sObuP5Q/Y1itpgqc3gOy1w7/fdZ8wTfKj/ASbPdBr7OfxskhHmjQR8t3KKkALs9FxOSEybneFy0B3GZxuzglvOOG3JPZ+pQIFtJ43XeH6/wDx/wd3T87jErjkD4bXW9QBg9p2zxC9mGzCo+bZ8qoVLBp00J2q+L33f2p/3HqAdqozrp/2n5dfO9aTZbQ7GRwTc323iz2dbbLsdg9McHdsi7JsdaxGon5oawtn+esDQPDyiRqshZO8HYZt6X+J6y1CgTctp8AGckgz3xoGP/+XD5/ZH1vKj3/rh1cZly2jMzXidgnS8RyqMATsR+i8EM2F258dzdxGGiCcpe08/I4vMC7Hq5HIZX/S5xJ+dxsVNOn5rupT1O6ck8nDGvxqSRuJ9yr+cr12Ef3HHj3hMUDIGy8B4/P9UnLFSkGYpkWkjnfD8BCIsah7d1hnXcrsdtjCl2nfmg/C0vcX/7BbdtsshNRTIsE+kWLPK3vMjr3zxOp+x+fbwcfrPL1KQgW1IlxfqEZFWTFdXSTUO3bGTalqJKcZm3X3/JtCpZZiw3kjmssufNF+fx0wyPefl9e3f/+f5uQ7RIlZ9KRbasJxmqVF1VJUvSdFOxkY3/w7SRYnNdcxoyZEmzDGS2la63x0WnG5qpGkor5+djvW89gHOOYQQ3iXHA0Voi0uMccE4Uhd5kFdFUq897lj3rXPqW7j3XqriTg2yVYSeNNHLcjZC39iGzYVtz7CAb5RyrqZHjbgY2xwZX8fy4fnn7dc/b8kp6KYr9Nh36H8+xazF9enx5fd7cNysIoilqnFuMr1cP9UAgkhXqgZwea0A9EPAZ4UIMXIgZYpwh1ANpGtw0gqoSQtvFO5G9b9+fnhuZxKZk2oaKbWITbGKwicEmBpsYbGKwicEmBpsYbGLONjHUyCseHNTIa9mbOTHAKwKUvm2+3N99et78hR0DzbAMWVNkRTGQJavY4EUkN7eIgUnu4+v9699V7pD18aOkmFvi8+iKaZuSrckS0jRNsRVk6UJFH43BDssEfwhrhYkRzaJBNAtEs4gYaQDRLM3mGESzQNzFsPjlxx/fts90Ud0l1yhUWVU0C+l8yeURX6NQZd0eVzy3Ycq2rLVEWA3L+oWsNS1mraGYLEldjGQfYJwlp02ZpwcNW0kYyXng36LFauJ70zXR3CIkhR964xm94Mr9v+2dW3PjOLKgn/df1NvZfdgzxI0AIiYmgrJom9OypJYoV1U/COFyqbu947br+DJ9+vz6BSjbomTxAhIUKTq7I8q2RBAgCHzITCQyZ1Ec2qYFeivXksntIys8hWvBRhUpXBEcqTwutlopYozzRrZae6cCtrMvuyeIxCFmXl6tndw6nczi95goWpDq9VFmldYL2XiizN0KF7OX65aDr8ketvm5Wf3NX5fRPBpEoyjO8+BvSm5M4o3N55OTaK0vh+Nh068gs0r7XdEtoaqUWPE5is8nizjdgPLHKCqdMC0dNG4zHjcjouG3sK/K7m5ApZq7EasM6w7WS9vVHkVPpc4Llczp4qivdis+it4ql+LFUQ91O+xbqqHlwoM67ZvqkUVb6aFyvhlOe6iCN0e7HCrlPeAYQfZ+By6lq71NWduuGhWxCuq1lrPCL4lKb4S1dbuLRF6De3PlcqfkMvlm58O2ovRG4yheO381OyA39XRzon7k/cqyYyXVRnuBqmo3FVTcQYPaZt+1pEGt9v6uq7MLqBmDWu/2u1s0qKWmgtG+gngxO9zke6uxu4zaNv0dguN5tXbc4JhqaDlRrGofZVbZR4NjhalsY+tyNJePwdaVaq6trctRLx2LrSsNaQs7hat14QjsFKnm2tgpHPXQMdgptqRsCzuFM8m+XTvF3qbY2Cnqiq1gp8jLv7EYjapkF3kr115O6WB4GYxPkizPWk2LxmflH2Fv8aMgSDozUDQLTxK97KdonOs65Ba5WS1ohS4di733Gkyv+ah7hzv4mvYntKRE5n26O9d+XgSj6DTSrU4wrV9PnVPABXdrB56tOPg3Y1YOx4uLV+uU1rn0r6MSklV+KRsj8747tXj+eW9z7G3K9fundGM6aGfe0+6yFufaHZdZd3tunTXGnp2+09ioO8QR8ToyTFGTLXSlhgbgnraA/pQ53GzsIM0N+mMwjexrt42drbnea9P0VrTvt6+95XYAG8HDEe4KltzN2SvBHAjE+Q1oZ3+nLXV0bzfY7lw0KNQeZjejJ2ee//t6lfTC+dXd99vVQ52wmphLz8MKef6mn1sPq1liUEdzNZssxkObA3+bMh1UmSBSaLlH7OdS2f3j4f2LTVktHx3EpoTYlBCbEmJTQmzKjxebsuNawY+ru0fdC+P776s6sZCw/kmlYm41gh7HQpKcCFzJRNrpaEiepKKh5bd7aeV7Lr1nC8idlem7EeKJNSmAdizNQs/Wwdnqt5t6UQGl1H/6irkMtQwrIayEqQc4UIqYD0oCU6iOdVx6gvpIIc8tAWomnSoUSEbR+Cel/9HrYvx1ZLHE7BS0990cjKKfF8WOCYnPq6knmC1fyiwH4S9ROHPthAB2949rd+8OfnsvOvZcfYIMXbALArsgsAsCuyCwC9LXXRAH0+xLHI4Td+LpJLISM/eUBtW2ULV9rGXeYkro35FnMqd1SbsFhQ0UNlDYQGEDhS1pLShsoLCBwgYKW1dfFShsx6uwpbM8bAKRrJdMq6fNvlGL084c9wh/XujmWCeF2pQENbSUGjrTr6SOpwUVVHhIMbeaaD1Pi7LjbDYZhVXE+7dyLc6RpA3lQjxmPcExRGtMGnqxGMXRdBSdVHzQdPm2X9mLXGN0BruwXZm3ANDlge705u7q9tP86eqpHua4pL5QjHQIc512KGtIjzLB606jL0nkuvH4RVxJzM4Wcl7OTcBq81G8lA+XN7abOssxGncPLn4c3mLTe/t1j8SKuue1KGKJUIFBqAChAoQKECpAqIAVGFbgkivw7f2fJ/d3d6vrp/sagZSI8oUQnqcYglW46bNiPTtg3GPRoj+McCKpcyyZoIp5wIjmJHUQWkFoBaEVhNY+L0j3D//65/3N3fRx9fz9/rHurpTvE+YhRWWXliWgOERdgWVhp/2wQXL4la53AvKRLt211oqv45NzNQhmajKLwnEcbDeu8Nn2FbdeJc514V8munSx7/rm0uWlcV8+CUbVvM37I+/U3iXj0tfiCBUg5Hx4IQdU1Q+1gMPy8GGEhH6sd2eru9XD1e3N/1w91Tzi7RNCkFTIc+txCke84Yj3xzni3QsxDU5E275UOBENJ6I7YyGDE9FwIrojD9fnE9Fn4djkI4x+Wetw89A2itX7G4CqU17Vma+e6tj4iM8o8RXlHbLxlfbust9E2C4Hgm/5Hc3Oyr/d2H5t1NQ5nXw2x47zc1PvIetbue6uHieTi+kojJNX8M8KIRDfla88p0svDjswe6P86xrxff1nrEm+ZvXN9afhcPTp5bK//y19Qc6ykrlS7FlVspcgu2Vlt6kFCwtWSIlfpYclUghxRJheT6SgREkkhUAKY5fO3VQJzvTKokRTnputpcyoZTjrcHqDVNqCZlIcNKUlH1u25D4YT3FV4ymw2yW7BeO+NOx26XSvtQHJPCqU8IHdgCJAEaCoBIow9hHjCiOXjtZUScwQ18IkkAhIBCQCEpVRaPVP5GsSufSGZAr7vvCYEgJQBCgCFAGKSqAIEUmJ0ChyuWljUEQw0nVKQBHY1sC2BuwGdrtnNxcIS6rZ7Ttlt9TkllL/AHYDigBFgKISKPIxWWu0LjO1M8UEZsbE1tRJB0ARoAhQ1C8UMc/3PSMVuUxmwhTiFPlCSQooAhQBigBFZYxrnvSR2XF0efwzQZHQ+hnsOB6Jbe3FRtaMXa2pGDSAbcD2R8W2lBIhjW2XKR2Yoh5jlCsJeyKAIkARoKiUXU16xGynIpdHH5jy9X0R1fKpByw6DhkS9mcB3gDv44K38Kinv8bI5dkHpghP9mf1JwDvPrAIJl39SYelTzzhEa21MSJ8hZjjnUgpBZb6Ww+8Inox6UAAABY1ziLKMWfMwMjtXuRWWEmAEcAIYAQwKhaMKCfSwMjtbqTQvyMjGYFnBMAIYAQwKgUjxD2eSEZu99ikJ6ivK/MYwAhgBDACGJWAEZFUCM/AyO0um0acrkPDCDy1AEYAI4BRGRgJj1JqWOR200jo+zOjpYH3EbAIWAQsymMR4xoXzNiKhNm/9txupSFEPWF+gPMRoAhQBCgqgyJJMOJcs8jtThrWiGO6VgTb+r1gEUw6p+s/9oVnJp3j82uEJz46CHaMejHpQAAAFjXOIial5oZmkdsNI4KlwFzXBRtGwCJgEbCoDIu4L4WPNIsc7xdpZUQKXRdkNQAWAYuARWVYJIjU8NAscrtfZCKJE2MYgb1rYBGwCFhUhkW+52ltysTPcMsiiYVn5CJIbAAsAhZ1O6N09Idu0fz3qx+rOqmkJWVGqqEuI1vXTSV9enObGxsiyQRsMc+SLMPlB+Kjbs21+eji/nvWkDLr0OOP26u/Tp9vb6dXT79nvdv/9ffnx9X6gVb/vln9uXrIfK1v9wxub02Jx+x7/qq/Tha402gUqmS2BeOves68ft7ncX93ffv8vcag3zlj7G7Uc+xJX6qqZwW7GxOle3H1CiWN1DpkKXDslmxP7ujDIo2qLtK1xLHPs2CqPk9mw3n5TtmUqZyNvH5m9XFwYZsv3hQ5vABZTKvNIJubPO/TUfBVXUyGNo+XcQdrfqXG+9Z94vBLrBfOoYpOzJ0K6FbqLsu8qzK/zC05nKjxJH77LNUrrqNMFb/U4XykMtpZ/r3m3MT61ebdKxiNCl9qQfll3vejYB7nXjCejMMWIoElWIiDszOtWV4Go0VoQcH3ZQ/PlrKPGI7Ci1AvX9PZZBrO4sj6Od/foEX0awRchl91tweWT7Ep2N1X9dbGQdWHG3T64ebxLIjGse0ATJVs3VGv40rfr/cPf1yZfji9vf+zjvK3FdWtM8of6DOgz4A+A/oM6DNJa0GfAX0G9Jlj12dAKj6YVBw9rYodCnL2ATFBVGJFXZ5ArbsPWCgUn0ajka04vClTTxAmiMlGdi5a85HwOZKINrTQHoH0ND8P9Efr3WIj/hgJp7NC1L7GlrnYrVRGmhksO+t1peGSfQ/77c/xugcLB8PrhcvIzMeLaTCLzXq83O7bTkhQ6RdcS5rampZdlax+XgSj6DTSrU60S/166oiTBXerLHP1RSi5ebq5uh3f1/HRIPov36daIHF5DL2uQFJiuC3moTqNvujBoOk9Nv4QGgrTiZ0UnHMTsIxUWtuzV7fOrvCHW5C7qdH1wYTQe4NqX5asH89P05u7OusVw8iknnQZwKHX+rPkROBmfP/a1KA9SUVDDA4W8WQe/WIx/V9LdFIwB0kJJKU+2UIYiF4genViL7v0S/k6tX2g9Vxp7RWcLrTwUaHZb+VabHvlXb0Ku3kfVIp/fLq6u17Nf6yub369uU72xeqI9AJhxomibk8J9VemJxL5vRPoqYeP3Kvr4OvKZPBPLYmrk1Ewt2Vdumh3H/CYl6H5NDyJTqOTIFGVEqHK8in23KGl51lMp7NQD5SXURPE8SwaLGKrFTbzHi2+o3WfJgNlMY6sRf7d4p3UhJORNNJaVtJOPZAiracE4xPr0bjvHvba8Jtw++boVqzuvi+z3P1My/+7n23vHh7e5XEeapVwGMy+pjTm2i6QFje1fjf77lhsjNhbapn+3cWufF8kZ33lVRLzYPFYa9eWCyGxr6jbsxUNi8zHaC/uha0RPK664nE1+TwOZxWHyfuy1gPk57WhLLt3CkdF4R2We5o5j4f7Pp6Mhh9+Nfj16rrWQsB8jxr3HZfBEvtsO6GE+LJvHsXoPz3uCZ+QKqcFYYWDFc61wnkRXgzC2dx2lOwWtR4eZU5umdNZk/Hoq5ouBqPoZGl6bjqLLoO4tTNX0fg8nEWxTVDD7XIt24XWZsRyZqGzh/vnH//Yd+36m3JWpN0aWzC9FK0Gb40rXhNq9clOPTUXEooY47yRY+ebhhadOnfUH/08o76m5GSml4bobKwfcnaQmZdXaycNn5NZ/B4TRQtSvT7KrNJ6IRtPlLlb4WL2ct1y8HVtAx2kV3/z12U0jwbRKIqdH4cpKQro3picROs9jHA8bPoVZFZpf0LcTjE2YsXnKD6fLOJ0A8pbP3GTvEiNx82IaPgt7Kuyu3uNqeZuxCrDuoP10na1R9FTqcN3hW5bTvtqt+Kj6K2inWynPWS1/d1mr2zWq4P1TVqPPoIeKufR5rSHmveFc8yhUm67jhHUpMNvsXS1tylr21WjIlZBvdZyVvglUemNsLZud5HIa3BvrlzulFwm3+x86DogdnmTThQXe/3UH5Cbero5UbcNNgYqiVhcYpruu9beRLS5S4t+RqlG2EtMVfuhoOIOWszeWlvWYlaxa3bqcRCoETVjMds0tJzFrHZ/9NhilpoKRr0K4sXscJPvrcZuQvq9be8QoM6rteMWxVRDy8laVfsos8o+WhQrTGUbY5ajuXwMxqxUc22NWY566ViMWWlIWxgiXK0LR2CISDXXxhDhqIeOwRCxJWVbGCKcSfbtGiL2NsXGEFFXbAVDRP/OUJmAE8Hw0hwyGa7VtGh8Vv4R9hY/CoJoJV2Pnti4QA2j2UukjZ+ica5vkFvkZrWgFbpAjMomBhzEqOx4jMpaz/nqQ2nOLytzkrn8Q70r2rJr4SA8Dy6jyayEOLXnUht78VvxDlpGN20raRmt1hc71bTnSlh2Lm8abKvmVhwseZV2F3nbVrbmp1ROnd3tpE0TbdRcJ+OoE3kk0pPfQol10gFtq7D7WmKjwdbHLeivhcPSYtvGyaA8gk2bFEKqq41uEHZApbFo23TTqnLbpnVnb493TVOzwcI67mb6ddw2/qo3JJgYKT3mw2nJHdN919qoKu+q7KDK8ta4sipLxU7Zqae7zhybhpajUu3+6DGW3k8AC+Gg6uwrqLiblHqvih0CVHm1dty1I9XQcrJ/1T7KrPIQrh0v47irHh7vp5mNo4fbCV7B38N9h6TaY2vpqtMbmdV2F3ZpNJfb1nDaTUexBZJqr42ty1EXHYNLR6q5VtYwR13Utj0soykWFrG60mtGxWAUezebqht+XM3nA5p+Ks1f2xMXziZx2ycuSvRWOA4Go1AtLkYKK8+4JgTb7SvaMM64AYTQLxX6bba6ur35n5oR9JnyfekhqpDnNgwcx570pTK5tqqEgStcZkbR+Cel/zERAr+OLBx6dgrae/EMRtHPi+LVIKGZqSeYLV/KLAfhL1E4c03+QntayhxqGWNut6QDExlGjZjIUi0tspFlPmI/rV4HSmHwgZP59CIM4lbkws7GP6wUrrChGEXD+ah+VPacm9iHHcq5V5nwhgXll3nfj4J5nHuBib3fCZfVWm6qXZTDk2aGozDRFiqnsHp/gxbRrxFwGX7V3R5YPsWmYHdf1VsbB1UfbtDphztgFsSPqwE+POuO0OWC66ebf988/TVb/VZLEST6Y8yZItKpGtjfaOCQHbmrmsiHhMI/72/uxvffayUEEB4iSBHRJQL0QbU6wnzNhwsL303Bog86iFMDxtfxybkaBDM1mUVaTbC09O8tbj2/znXhXya6dLEqu7l0eWm0mZNg1Jby2TEzVj+Wu9HNr6vbm7tayx3CiDEt8fIurXcdlnip51Hp9S7/jdZ6CMGVNiUgaddhknZ92FAWx52rGRKdvnQfJDq1X9n/983dp/nqv55Xd7ovX2r6P7XS3Xkek1QRH5Z7WO5huYflHpZ7WO6PeLl3sGc8jqOZbuhJbFIY2hl09pavPGv6Irrc/auOKyb1GKNcSbdbcDU9McG5EJwLW9/S671Vtuc7YOBcCM6F4FwIzoXgXAjOhUfjA9BKSKAXFb5cWuaMGD/v7tHNR07OPE5GofU8XBdq84ioaYDtBFsXalXkvYzOguJIGHtF301RUPL/9Sl4enq4+fb8VMP/gCnhCyI8Jd3628HBS8cHL3sybO/vf9T1D8VUUKwIgw008BA/anPSh3SZ0026+XX1+FQ7YgDiVEgl3brNgZUarNRgpQYrdalhClZqsFKDlRqs1GClBit1Jx+uu1bqnugyq4ffVnXNGRJxjrAiFOwZpZQXrDuNeLxf9gzhI+6jSl7OJVORnkZfkkSi4/FLfMvpxA4NOTcBQR8OZMOB7K7aAw4ueXT5jPmRmjz6Ii89Puo21ZGWfIyF5ylCOiQtlV6B7WWm7XLtxFyAhRQW0m4vpJ1fdcbPf3xb5WoeiUfC52gYn1u5MryUqbPsbO2F3N7/Obu6+y37gt9vfvv9/RXeRwpdUv+BprNwGJ6E83lBCuM9D5Yu2uJkS2VMMF1t/RQ7xbv7qqJhkvzrzeAXxeGF5cPuuwXIiSXkROdn76lgnFBFMAiPsKy1vqwdGVpqPXA0V7PJYjwMc5P6bDdyUwbsALChBxt6RyJzlRZBdtbJtHzwKow8vn2yXoK/rZ6ulLhaeZh/V4gIH+n/MZJSKOQJKrlCDBlP9lTBHLEmU1JpSKp5eri5nj/flPPXXz/rtfSw0E9HJBUelYIgzJXEGFFzUN+pJEOVjzwqfMWbcn9sMd5Ogw6PbwecSqbF3neoqkRytu1qmvSOxO2lxY7GUbw2wzTWjzv1NCBbFA0Y49azDlRSbsC8XW/3oNvV9G/AXIQXA7Oamd0wZfbFylPlXdHWF8Nu6+P331e3tXxcpCeRIqhDenenXVwE9jmrZO3v7hosOaGcVXJxKQKq3TmDpmlI3NOweJduGpz8ZMJ9nYfBMJyp6WQe2YXSyriB9R5dPJkWbrrpa5bRWMXBoC0/5MUsslSfdInuqoYvLsNzNYrmNidu3pX94Keqx//36uGvT8Hj4/31Tc0DakRxTKWviNuEtgcyNh+fr2BPBmBNZ2LmeQILhSF9VjmhhBLiy2pCSXclLfSfHveET0gT1g6QtY7BI2p+HuiPNhFgjaNSZ32h9jW2zMXH4Vx1bF6+Jca/ERtfTSiWA3+3qPWIL3N80hyRnIxHX9V0MRhFJ0szGKYzEx24tYOP0fg8nEWxzf7ndrmW9kBfg3mtg3mXiwdWzzybVWMLM6Fohd+Y5AvXeUemfxfCAUWMcQ5bId0NFLGm5GSmV7vobJy4eBxi5uXV2sl1aDKL32OiaEGq10eZVVovZOOJMncrXMxerlsOvib79ubnRqAxf11G82gdE+/wkReSMaN7Y3ISrbeawvGw6VeQWaV9mAa7rCRGrPgcxeeTRZxuQPk0CrhJXqTG42ZENPwW9lXZXStpqrkbscqw7mC9tF3tUfTUyeRiGsziJCJFkTOc077arfgoeqso2Y/THrLKENRmr2zWq4P1Tdo0cAQ9VC5YjNMeqhBepl0OlTqe5hhBTR5sK5au9jZlbY5rVMQqqNdazgq/JCq9EdbW7S4SeQ3uzZXLnZLL5JudD6vF0+21r1orMePXatE+Z7WsXqno2JZZYzf7J0mJt2mjvUBVtZsKKu6gQW3jsljSoFbbNdKVbzFqxqDWO1fRFg1qqalgtK8gXswON/neauwuo7ZNf4fgeF6tHTc4phpaThSr2keZVfbR4FhhKtvYuhzN5WOwdaWaa2vrctRLx2LrSkPawk7hal04AjtFqrk2dgpHPXQMdootKdvCTuFMsm/XTrG3KTZ2irpiK9gp+peF3vgQB8PLYHySuBFrNS0an9m5IL8rfhQESR3UHkazF+fpn6JxruuQW+RmtaAVuuwE56rkcJl9D/sEYOO1D2IhHV4vNEddUraX8tvFh4vEvx0yz4oSmffp7lz7eRGMotNItzrBdHISqXrsuIK7tQPPVs7GNmlWnmqNtIRAtXOZvTE5uUF3h+66efYm5Ar9kl1dBw3Hrw0tZTS274zU7bvrfLluZDk7cdUu6LF5eNsQ2RxvMurquL3TtLGkMlehT/bU00fzZlV/yvUAaaz3C+r82G6V636wsTLXWmsr2JabemZbu3Gt5z4Wa/G6teVMxLU6pNsm4XUbbezltTrjGKzk65baGMhrdckxmMVfxWYLi3hNRaVdO/j7VljYwKtrJXuqA9P3xnXuZWEt56hXcfztVtSyzWQQngeXUUF0+fWz7bnUxmryVryDRoFN20oaBqr1xU417RkIys6KTYNtRbyKgyWv0u6uXttKevNTKqfO7nbSpok2ko+TcdSJ/LjpyW8h5jjpgLbFnX0tsZF46uMW9vwLh6WFq6uTQXkEjq4phFTfaneDsANutBdtH2xaVW4Loe7s7fFWQmo2WFhI3Ey/jltKXvWGBBMjpcd8OC3pZb7vWhtV5V2VHVRZ3hpXVmWp2Ck79XT3AMymoeWoVLs/eoyl9xPAQjioOvsKKu4mpd6rYocAVV6tHd8eTjW0nOxftY8yqzzEfvHLOO7qqZj308xm29LtBO/EPmaqPbaWrjq9kVltd2GXRnM5V1Cn3XQUbqOp9trYuhx10THs96Waa2UNc9RFbdvDMppiYRGrK73CbmDZCVzd8ONqPh/Q9GOlmMezxUmRSpClYb+WPRJE2XpRO+NU2/7UNgNiGE5HE5Ma8zVRSIWB8e4e3Xxk857eN9VmnOx58cU3hJQYRSkxorvHp6u761qpMSjyhS8UFpsuhtQYOWY9IpHfr7wYPkfUw5VU8A+fFaOHiQ5KH80d/FOLZ2urkyX700W7+4BHekB8bXmahifRaXSyPrlQ6OS3z3b1/g4ti+Avo6ZcyPcMievdPVp+JpAiQYpsV4osl3U9U3pkElEt53GQHkF6bIoaJY2me/DQrOnzAwt/dSJDdCAOxHl8MXpJ/la26W9F2gn2klRcLcbLblH7bHrrqXRh1tTibHmpi5frNXpysjB/rY+vjifj1rKNjaJxqAZh/DkMt2LP2I7gzPt0d8JuvYQacW0y79PdR4eQPn0O6ZNO1l1yA3rPo72/QSc9iyDD6sfKsNofJfNTcKff+0N1XZMpgjFR0neqaXLsSV8qUlHTLJyxWlL4aS0uzOOvI4uJulPQPhzfYBT9vCh2UUi22E09wWz5UmY5CH+Jwlk1d4TSI3anp9PD6XXsPr59ol8i1y/R59LDmOqXKYknGaJYUKEwYZhR5WPG6N//liqUMwMyB3UzE+D5j2+rh5u73+bXv+s+KJwE5lnxt9XTlZKIeVgihQhBUkhO9WilipteoApT5nI26C5EHhW+4lWnQ5cNLxRRRiols+6u7WV9xAAjSFpbZvsPt3PE4CPnAfpweVzaGWOthDX9kPslk2//b3X9dHp7/2cdSRZ7iEipJOuQLFtimEVzNZssxsMw1x10e6hsynTwWGFKjbNcv3dLdncZT7XUzhtnp2D/Dv8daG/GvbWrwj55S/GJ+2DR2jJCddaUVcny1FC01uF8pDLaWf695tzEPvJqzr2C0ajwpRaUX+Z9r2XwOPeCNjfEDr+Ne/AtkDa3BhpxhbgMjb9TYO8J8VKwu6/qrY2Dqg836PTDHdCJ5WMqZz+u/ut5FVybjqiunmGFpaBaSXO709BfnzYkORG40hHF7ppWfY48ScVxqx4HFOQn0+DnhZaG1gc2q4l82feo5rI0mAyLw+yvw/yvq0wiWLwVPfQG2AsTX4n6ff1nbHayJg9X1xqtw+Ho08tVf/9b+vscBtvsdGXzujyD97S0gMRYISV+let9LsQRYcRnGsFEYUw1jZlL52KqBGeaxEo0ReLj3A3q8FZ2aou6me3splSsY7OX9sGUWHkDBrjtjtu+xq1Amtxu3ROwZB4VSvhAbgARgAhAVAgiSn0kfQ0ilzutVEnMENeCJHAIOAQcAg4Vc0hIHxlVljrkkDFR+sJjSggAEYAIQAQgKgSRlJQjqUFEHIOIYKTrlAAisKmBTQ3IDeR2TW6BfEa5Jjd2Sm6puW1ckWE3BEAEIAIQlQAR1SDxNIiQUxAxgZkxrTV19hBABCACEPUJRNyTjJpdRs8piBA3IZGVpAAiABGACEBUCCJCMEZaNaPSNYiE1sxgl/FIbGpthVwBaAO0Adq20EacEyo1tF0mvmCKesyY6STshACIAEQAohL2NP2hcW6lLo85MOX70kNUIc8DEh2H/Ah7soBuQPcxoZtJws2eLHV5zoEpwpM9Wf0JoLsPJIIpV3fKYekTT3gEKUyw/lghht1uP0op9I31nANHiF7MOVj9AUUNowhhX3BmUOR2A9InJtizRhG4QgCKAEWAomIUUeZ5QmgUIbdbkEL/joxUBM4QgCJAEaCoGEVMcGSEI4bcbqxJT1Bf39djgCJAEaAIUFSIIl8yz09Q5HZrjXtc16FRBK5ZgCJAEaCohK3IFxJLgyK3W0VCV8CMggb+RoAiQBGgKBtFjGtYMM0g7jHCFCZu9TOEqCfMD/A3AhIBiYBExSQSkkjuaRK5Vc8wYoLpWhFs5feCRDDl3E05Qpmgvp5ybtUQRDgRvpEBYMr1YcrB4g8kaphETP9lfGeJy9C8TBEsBea6LtgmAhIBiYBEJWQiYRCiSeQ2OC/XaogUui5IVwAkAhIBiYpJJIlE0pDIbXReEyScGIMI7FcDiYBEQKJiElGMGTF2IrfRZn2JhWdkIshYACQCEnU8nfLz04/np+lNrVzK3PM8syfj0soDyZSPDI7NJlMOFvFkHv1iEanjtUQns8Uv5pps0RcN7ZPJeByuMxNPJ3aJ43Nu0sXs0Ruozyvmjs66g33m6M36sn2fiRpP4rfPUvUVp5jOuGUcfolVMB6qSL+kZd5VmV/mlpyfB/qj6CI4C5Nqcu+Uujjzmuw+yIk6wxqa9kmebv3483gW2E2O3ZKlx4j79sfB2ZmepJfBaBHaPsFW2RafwWRNt2y6KdJJ+K47Vo9o23eRzJXWXsHpQgsfFZr9Vq7Ftk9nk2k4iyPr8b8p2LrnSafl+OnV9b90m+pI8VraRh5W2OUOSZ+leCywzxnplxSvNRPKmazyUEXWADsTQNN6P6mq99cRgafByU9GUDsPg2E407L6PNp+tsKXvP8G1gJwPJkWSrT6mmU01hLIoIVwgwn8F7PIcrnQJborcoSj8CI0ougomtsYw96VrbyQ92qti/74cf/wVH3F284C4m7F49iTvlRNBfZJ6W2WK8RuyfZs4X0wHCP3C0gJkHyeBVP1eTIbWgjSmzKgQH4QQ9aW1amztqtKpqaGRLPhfKQy2ln+vebcxPrV5t0rGI0KX2pB+WXe96NgHudeMJ6Mw7akwsOb09qSFKubTd7foEX0awRchl91twf25tuXgt19VW9tHFR9uEGnH+6AlvePbLi7WD3Usd5tp1YFXQZ0GdBlQJcBXQZ0GdBlQJcBXQZ0GdBlQJdpXpepsx+DFUOIE6GwWx2mYQ+ENh1uqYcbXZ4mg3+GJ7E60Wuo7aRJF+0uFI7Zpyoan4ezKNbUnUdnFj4Eewp3UTPZEW8qybDZ97BP/D1ee88WyqqvFxrfiZPJxTSYxUZ8WW4rCJ0QOLcdnGsIn1s6YFfn+s+LYBSdRrrViTKeuLZUl74L7tYiF4bhabAYaXlZj7x1aywf7f0NOvA063akJlQVK0z+zbo5dBfT6Sycmzk2W5zEi5nNM78r28CLLGFjMl0/H2n4JSumOaSiu93y1b0rb29fevPhflP7i61J78ssdz/TI2f3s204HN4ANA+1zjIMZl9TB0NqG4Qsbmr9bvbdsfjMzd5Sy/TvLhbdLuhmDo6OT6+efn+sdcpzsxfkUDnDBJvQ6dWUs9In7eydxLfLNcDN8fMf31a5mmWSZvxzNIzPyzd7U6bOara1H3R7/+fs6u637At+v/nt9/dXeI3KsdFQnerX8mZ40qrMha0KtOcWXVSEIFe97Qg5UBwFly95Y2Nc71TZLc37Slu/7vBLIiya4wTr2gteeSIymyuXOyWXyTc7H+YMg5yD8F1Yex3YRWv5qeuVFxGJmcIu47T0+WQWJcSX1Q4xddfcq2cJ94RPSBUnlV44AsDpfDid34ct+A/skHR8p/NLyOfBIBxVheaewta83HePySKeRyWEuJyyy33fvRi7M78P9AK+/rqtHQ7Y0mtpS88iFsRlZPQsDf5wdhqcVAkKsXuHFl/aLPx5Ec3qPM+eO3z0I74PN3/cPN38e2Xib9YKakEw8Uy6IFCdymkZBPVNcfI5kog2tdPSfbVpnw4CClOuwlQtqEu5jdCL8GIQzua2o2S3qPXwKONnbXypJ+PRVzVdDEbRydL03HQWXQZxa+Lcm1RTWRpqRzJ43XpfO8AFcTyLBos4XzQ4e7h//vGPfdeuv8l/6qwaW9jTKFoL3hpXvCLU6pOdemra3yhijPNGDoltGlp0RsxRf/TzRNmakpNZuFaBzPbeIWZeXq1d3FGcT2bxe0wULUj1+iizSuuFbDxR5m7F+1Pr65aDr2sfnUF69Td/XUbzaBCNoti5N2ZJUUD3xuQkCpIIXuF42PQryKzS/jzXllBVSqz4HMXnk0WcbkB57xzcJC9S43EzIhp+C/uq7K7FJtXc8hYqp710LLatVJNtXFWd9tVxuLXuNLrIYOu0h6ysvG32yma9OljfpPXoI+ihcqdKnfZQ8yGJHXOo1P6sYwQ1ubNbLF3tbUo5xyo3+tX+envhkuXCpBOVOJhSf0Bu6unmRN022BioJGJxiWm671p7E9HmLt3sn+QY6aaN9gJV1W4qqLiDBrW31pY1qFXsmp16HERdQs0Y1DYNLWdQq90fPTaopaaC0b6CokNoTiffW43dZdS26e8QHM+rteMGx1RDy4liVfsos8o+GhwrTGUbW5ejuXwMtq5Uc21tXY566VhsXWlIW9gpXK0LR2CnSDXXxk7hqIeOwU6xJWVb2CmcSfbt2in2NsXGTlFXbAU7Rf88ic3J5WB4GYxPksygWk2LxmflH2Fv8aMgiFbS9eiJjYfUMJq95EP9KRrnug65RW5WC1qhC0RQamLAQQSlPkdQenWxNCGmlQk2Xf6h3hX98D7897/e3K6CHz9ub66vzPPWiW8vMUJS6h9OHfkhvj3Et4f49rucP5rjpL04nwHx7W1fKsS3h/j2nRGKIb49xLfvyMP1IL79jgD+ppq8Kjbf13+aY8FGwXi6v76//TR/unpafbq4uv795m716aXE3/+WvjZHLcrUdBqKw1jQ6gIVCSukxK/SwxIphDgijPhMCkoUJgRJT2HfZTpjqjUuhrgSvCEVqcV4SjWUou4EoXPGmT7oebiqngd8aopPElEiKaO+8qXv6w+xJx3yiWnsMUaRkhVDyAKgugUomInNSwpSCk9iLSm4jOXMFOJUSCVBUrCzZrQW3/clTm8zsX2b2pnvJrVArAKYHxTmWPrEEx7Rn1LOpULMaXRgpoS+P9PfJtIa4BwIBYQCQtkRinENEc6U73uISoUpcytuIuoJ88MDQgGhgFBAqMqEohgxpAHl0nKuuSex8ISuSgCgAFAAqK57K67ZEj9c3T3e1HVXTFulXREF3BU/yFQEd0VwVwR3RXBXBHdFcFcEd8W8pwF3RXBXbNMJ4dhUmvh+vrr9tY5iIyjhxFPSA8UGFBtQbECxAcUGFBtQbECxaVugBMUGFJuOPFx3FZtajxcs4sk8+sWC7a8l2guEdBp9ScIYjccv0XimE7s3k3OTjx7f43H1/P3+0WzF18nQ6UvPp1RhtwpljzN0NiQndGa2gFZSTt7vl4pSKeVmN9fkYzReHFxMOrxG0nv7TD/Eitnq6vbmf2rHC8M+wQgp4fKwaW07NZwFc5jzAoz65R4RjPpg1P+w4jMY9cGoD0Z9MOqDUR+M+kdjQPiget/109Xdb8+3Vw/z369+1LMpexRLrJBb5Q9sytVsyvaPtV0ODG+OHuk8vhglUmr5J3or0k4GC1PxdDKPtmstavRWMWt5cxSeFud6O9FCRThbmmuXs+jsPHZu/ihjK6piJqpqIRoG83NzHrNI2k4uW84no2i4HE7iOBy2IB9bnx49xqhms/tvz49Pd6vHx64f3N7X0mrRy5hUQgjPbBgLlzvGVAnO9PKuRFPL+3Ee1u6wyTplim7GbN0UnOB0ex9PtwO5C8mtf8f6B+Yu9TK9EkjmUaGED+QGEAGIAESFIJK+kCbgDxdOQQSh8oFDwCHgUHlVFgs9rzSHuEMOGd8nX3hMK8oAIgARgAhAVAgiX1JjUuO+Yw5tfDCBQ2BSA5MagBvA7Q7clChGsaS+Jrfb2NrpbNtAbgARgAhAlA8i3/cx8TSI3MbQZgIzY1lrKjIUgAhABCDqE4gQZ1SaTUbnye2QL5SkACIAEYAIQFSsmknicaOauU3MBlk2j8um1r2T1QBtgDZAez+0sbd2KeMuE7cwRT3GKFcSdkIARAAiAFExiIQUiGgecZenHEwuTukhqpAHSTOPRH6EPVlAN6D7qNCNGcUa3b7LYw5MEZ7syepPAN19IBFMubpTDkufeMIjSEnf95GeGwy79OhnWmETWOpvPXCE6MWcg9UfUNQwijgWPhMGRW6d+n1CiEGcB64QgCJAEaCoGEWMSUSZQZFbv36hf0dGKgJnCEARoAhQVEIq4j71EhQ5dlT3BPV1ZR4DFAGKAEWAokIUCd8XianIrac697iuQpMIPLOAREAiIFEJq7XkzCCDYbe+6kJXwIx+Bu5GgCJAEaAoG0WMa1hwphijkvgKM7eWIoSoJ8wPcDcCEgGJgETFJCKIJLFomFtDEUZMMF0rgp38XpAIppy7Kcex9KTQU86tRQQRToRvZACYcn2YcrD4A4maVkMo5xJrErk1iBAsBea6LtglAhIBiYBExSQSnHu+IZHb0/tcqyFa1EIIkhUAiYBEQKJiEmmpRSKkSeT2SLoJEU6MQQT2q4FEQCIgUQkSMcRM/ibm+Ey6xMIzMhHkKwASAYk6nqZbD8o6qbm5Z3K1IZfHNOtm5i6bBH42GYVqHFxYBH/YLtfJpNDpJl5GZ8EgGkXx12qPuCnf8Ue9jOZR9QfdlO74Y14sRnE0HUUnFR80Xb7jjzqdTabhTDdzHs+i8VmVp925Res7l51fBwY3d99v7n6rvhxsp6pytx5w7ElfqqZOyqakDUuxcrdke9JlH0QxVFUUq8Wcz7Ngqj5PZsN5+U7ZlCndH+45WUF0aUdqKY7GtRlkukOj+XQUfFUXk6HN42XcwTo+V2q8b90nDr/EKhgPVXRi7rS++KXk+8hdpe6yzLsq88vcksOJGk/it89SveI6YljxSx3ORyqjneXfa85NrF9t3r2C0ajwpRaUX+Z9Pwrmce4F48k4bCGqW4KFODg7C4fqMhgtQgsKvi/bXaEyHIUXoV6+XoTCyPo539+gRfRrBFyGX3W3B5ZPsSnY3Vf11sZB1YcbdPrhtDoSROPYdgCmSoIqk6fKzHWR+c1vd1e3wbXpjDrmLSqRj4VCLmP/1LVvFeozp9FoZKvJbMrU02EkJwJXCmPfXbO/z5EnqThu/eOA0vwwSgLXphtUKOa9FrGPpxudncfFkXTNVctReBpXk7H6QkbNm6un+4c6SPSRkCZEh8uTZb1GYkPcWMxDVeWxtsu1I8QeG/NKPNJ5fDFKFPfyT/RWpIGXUEzppOLpZB7ZkXqrmDWtDYELYX2i9axwltB6mYA7h9nVRI1ig1Q4DWZBrOfHZBbp5gR2nbS3uHVnnevCv0x06WLTxObS5aXRTk+C0eENPhXD6VeNpD8M5ufGU6LIapNctpxPRtFwOZzEcThsWAbYWbtyXY/mq/96Xt3pFnfc8eh9O6vFU2dSceFxnygsXJ4IpUpihrgS4P4ITked3+nqlvvjB2QQQ75kGkGOT8hCLseKcgPkcgReA6+B15mhrzFhPAmt5jYJD4RWAwwBhgBDZSOrEIbMiRnf7dk9CKsGFAIKAYXKxjJAfuJqDcf2AEIAoaYg1PGd/DVNxvffax3f8yVFniaNS1N8rzfzwb+pH3v9XcCAC6ni96sfq8daBNjMVYcAwAQTLbY0doA3WMSTefSLha34tUQ7Di9rp5sverU/mYzHL65u04mdG3DOTVr0RT8Pg2E4U9FYDSYjCwloT+EWnBnhbOBxyHsNnA2EY2kHO5Y2Pw/0R9FFcBYm1eTeKXUxnHODc24Ol6pOH76pMwR/Xh/srTTy3pe1HnD7brE1QQuHXOEdlnuuGISjlzPN+769CGeaNp+j+DzzkmAwuVyHcmlhRB7tufMjPi1aPJM2E329KNrNpX2lrWdT+GU6C+dzI9yvay+YO8m4Nlcud0ouk292PmzBY6VzB3C7oPw7sAEmZxzr6P6IUon1ty694Hpt/SOIyd7Z/iSiH1d/2qeZgBqVq0aRBg+0BcPLYHySWLj0yLYK/LW3eCePiiXL2elCI8l0teUy+FaulUNjSRMuwotBOJvbTuXdotZzuIzuavTTyXj0VU0Xg1F0sjTDezqLLoO4Na0zGp+Hsyi22R3eLteSrL+YJoKjOtE6/VwFcTyLBos4X247e7h//vGPfdeuv8l/6qwaO2gXfmtc8bJdq0926qlpRKaIMc4bMSJvGlpkQ3bUH0docS5LjIvJTK/f0dlYP+TsIDMvr9YuqunzySx+j4miBaleH2VWab2QjSfK3K1Ys19ftxx8XZuwBmkRzfy1iVx7eLN3MmZ0b0xOovXx5nA8bPoVZFZpbyO3s08ascKYEieLON2A5fZtcl4CbpIXqfFYLhKyg7ewr8ruStup5m7EKsO6g/XSdrVH0VMnk4tpMIsTq1tRsFGnfbVb8VH0VpEu57SHrBTANntls14drG/Sxo4j6KFyBnGnPVTBhN4uh0pt2zpGkP2Gr0vpam9Tym1JudGv9tcLm1kvppkoXm9iNjsgN/V0UQnb2cytZODPvof9af7x2uZdOMZeL1xG47SoUV6YP1ww5rRJvtZW+9ZGSleZ//MiGEWnkW51Mtn166nja1Bwt3asqq8GcOPEoYw7R/mHelf0o+9/P1091Tr8gjDDhCjkMjl549vfcErkWCJCvm1nzOMgDlWQ+OvbQGxv+RYdv2bhmRG8qqRM25RsHlo7Ey7/9LBhyKeLq+vfb+66f4R4f2OrB+LjnFBPYeEypgoE4qs6x+AYcR+PEQONcmkkESWSMuorIXwpscLIbYQnTBijSMmKZxEBR93CEcw711KAlETPPuw0ZSOEwqxoUoNQmMePKJCYgNwNknsTFFP4nGhNCzHiNhIUBMUEIAGQAEilgfQamI4yX2ChsO8ynBSExwQeAY+AR1V4hHxkdFvfbZoHiJQJPAIeHZOXQHT37yvdXXdPddwFOGHcqEWOQ+XVcxeAM9hwBvu4wyT1FTuvF9ZBDhMoQY7LdAPgoQQcBY5CLAuHCwbEsoBYFvl9BbEsrE/TQ7AKCFYBwSoy4QvBKnL7CIJV7DlSCsEqIFgFBKso0UsQrKJ8X0GwCghWUb1vIFgFBKuAYBUQrAKCVRxkog6CebjWi6zDCaSLdlHLhGgcTQwYiMYB0Tj2NqZf0Thsnfe2Rt7OhnetdJSEcsyocpyRokQ6yi68BRduBw/P10/PD6vvwfXTzb9vnv6qmyEYU0SYQi5PmPQ6RQgkCLaFcDdDvzTkjf3w/PTYfTfs7VZWPlrsI01zrojnEudUCc40PpTonQNTXw8Xpw4NN3PAuCkVAPzV++ivDsTOJDbxzFk7/cNlTDwt6EnmUaGED8QGAAGAAEDZMemE8JHmj8tDNhCSDvAD+AH8lMIPE8g3YpDTE8PY94XHlIADwwAgABAAKBtAjGFfGAHIbUgn7BOMdJ0Q0QlMZmAyA2IDsZ0RG0mKfKKwdBu3WGpeS6l/ALEBQAAgAFAmgIwrha/54zaAMxOYGcsZAf4Af4A/wJ9sLw8i9Lc4ifXujj+Ia7FKKEmBP8Af4A/wJ1sBI5IKo4D5rgEEGSyOyGIGGSwA1gDrrsNaeBxrsQ5LtyHiqccY5UrC/gYACAAEAMqRFrnnSaYB5DgmvC89RBXyIEfFkciLsMMKyAZkHwOyk60IIzO6PJTAFOHJDivyIDVsLwgEU61+SkEqiKDCpBR0a0yTUmBpUgqCO0Mv5hqs9oCghhCEKOPINwhyayLyCSHILPfg0QAIAgQBgrIRxISeTdggyK2RSOjfkZGCwKkBEAQIAgRlIwjrjzgyCHJr9JCeoL6+r8cAQYAgQBAgKBNBEkkuEynIZTAGprjHdR0aQeBaBQgCBAGCshFEkEykFUbcxmMQugKTV9UDfyFAECAIEPQeQYxrSHCmKPUkFwpzt9ZoZOLsmR/gLwQEAgIBgbIJpPGDpCGQW2M0RkwwXSuCLfleEAimWv2pJrAvGNVTza3RFRFOhG/WfJhqfZhqsNgDgRoiECbEJ1ITyK3NlWApMNd1wbYPEAgIBATKIZDHJEWaQG5NrlyrG1qLQQhyAACBgEBAoGwCMSp8c96Hu42Ba0JwE2PwgH1nIBAQCAiUTSCuhSATNNttSFdfYuEZEQjSAACAAEAdz6T7/O3x6ebp2fRi9fy5W6mHXJEEGz5JX6qmTjKlRpklTnZLtkeVPkxBVHUKHkM+XvcJ601ieYv3+Frk8MtDcVSUzSDTHRrNp6Pgq7qYDG0eL+MO1nFSUuN96z5x+CVWwXioohNzp/XFLyXfR1ApdZdl3lWZX+aWHE7UeBK/fZbqFdeRW4pf6nA+UhntLP9ec25i/Wrz7hWMRoUvtaD8Mu/7UTCPcy8YT8ZhC9F1EizEwdmZlhsvg9EitKDg+7KHZ0vZRwxH4UWol6/pbDINZ3Fk/Zzvb9Ai+jUCLsOvutsDy6fYFOzuq3pr46Dqww06/XDzeBZE49h2AKZKds+nZqNnvCo1j2+f/ENJLdpjJdGVh6VxAkWIculhITBTMsnU5f39b6kCjkwsbrSiv3TDio0rnvLCYPpt9XSFlbjWD5p4u2LCGWfER57WXvRjC6EwcptrmiIfS+U3ZWM5jUYjW61oU6aWPoQF9nXnVRJOOms6kpxQzmSVhypS8YI4nkWDRVys4Z093D//2FyfItH6m9x+2K6mkyaZ6n1o1vbAPEvJPny73q4Pt6s5sj4ssdRdhBeDcDZPVGRllOXy0+xd0dYXu27b7f68+eP26m5V3WaH9V9CcL0+O7XZ+Z5J1KSa8rZucV1CmuECNxUifzHXYK3wcNvl2tFNDmRKO6BhahpoVS8BdTXzxf7y9kYpowDMwuksnGsdVGs40akKv0Rzo0QUWaJ2ii6z77X+atNkYy1cfzaYxOc5xomm5sKmKacLPbLTjX5Vx+fR2TiIF7NK76T4rl0ck/NQq4LDYPZVRRfBWZiYE2vb2Sxuaj16992xeODuLbVM/75t7KxmPOuCFODCFeCvP77d39YRAnxMsAlHmC0EHONazXA/lml3eOmsZoz+Uw9MKrioFHi/6LGSjRfL59qU6e6+rt1mbj93cNdbmwujN5rtiEobo9ulGxCfi9f1V+HjpS3V1vGcm1iv23n3Gk9e/y5cyPNuEwwml+Ey74pBeDqZ5V+yaUuODJCzEDTjQvjX48XoU3D9dPPvm6e/Ou9KmNFaS5dCITjT8gQlSuOOeEJh4tankGBMlIQzFT13KCwD/WTEnugV6eH+9tPp7f2fn+ZmwSm22b7OoL99yhr1FpbcrGZ0ss+GV4+/r75/Gt3cHbqbUjV3smfmX+cXRiYfx7PJ6HSkJYLC9ExNDKb9rbDosdcvZ6vH++eH69XbTV/cFr6qWTifLGYnofnkMhqGKdalCjVqULdfRge399f/+jRc/Xpzd2Me+DiW0+xWV15WqaSU+wpTt2eFYFnt0bLa4DyM7vQMuLu6fR3axzALs9pceQ5ygrivJVzq9sQwzEGYg2Xm4PTq+l/60uOYfO8aW33Wcc48s/K5jhQCsw5mXZlZp/9ePT3cXB/LxHvf3spzjyEfCaTnnuOMlDD3YO7lzr3Z6r+ebx7WdzmKaZdqcPWD2ZuJRwQXyEw8t7EwYeLBxCuz6C0eV59Orh6PRNZ839rqwqbHfV/qeec2CjbMu4847zrtPxyv/vhxe/W0Gtzcfb+5+63O0X8smUeFEi5TKcPZfwc+InD2P6tn4Ox/03tvcPYfzv7D2X84+w9n/+HsP5z97/DZ/9re8CeTi2lwEqtBNB5G4zOzFgXbjSx61Ly7VJ5wfVHT/vtpcP/fdQ54YCqpVKJDhzy7d8ziGJWLQ87z8/hilEio5Z/orUjzM9jGwBnf/NF5s+Z2Gy2NmYQRn0nBpKI+YcxXxHM597ciPYI18+itmf22LnUruvQHYo9AHmNYs8dlQFimEKdCKgnssbPKjKLxT0r/ExZ7t283eKegtfVlMhhFPy/CQivLLDyJI1NPMFu+lFkOwl+icNZC9AEANYC656DepJ73fUJNxjRG3JIaUs8DfgA/gJ8M/LxlYaMUMZMDye1xYUg7D/QB+gB9CujDEWPc5IB0aSGDBEhAH6DP8eywaZSc3N89Pj1c3dw91fKDJFJijRqXvsON+0G2GU+1kQjf4NjZDayAYyc4doJjJzh2gmMnOHaCY2fe03TaPbAnQv7D1d1jEoupjoAvsJCMKeHyUG5dAb+HSjWI+CDig4gPIj6I+OvWgogPIj6I+Mcu4sPZLTi7BcpZvnIW389Xt7/WUdG4FJxxJVwGLINYFKDPgD4D+gzoM6DPgD4D+gzoM6DPgD7TuccLFvFkHv1iwfbXEu1MpHWogi96uOieHZsDcJOxmk7s3kzOTT565IyHVb3k6AhzxJXLU1F142aMn//4tsrVJJOjmp+jYXxudcbzpUydab2lO93e/zm7uvst+4Lfb377/f0VXqNCxlk4DmfBKPplHVdmHtoooftvAHadvBm4eNQtqrXfzpmeLkq4zPxQ25gDh61hJx8sX2D5AssXWL7A8gWWL7B8geULLF9g+TqQxrejreSe5D6WNC61E7hs4o4RT3LmKYJdJqPY1kThQPcR6MIpHbcZfbgpqeDYnPX7oP12K/7GB6S2jzk1Jjns8uj8dmIioDZACCAEEMqGEGace1hDyOXxPgiXDQwCBgGDSjKI6T+FUV/dJtzGvi88pgTEIwMIAYQAQhpCmjXq28rziGcYhIknEGc+Y0wxTwqBFBXIMYMIRpp7EA8aGAQMAgYVKGM+Z54widOdQkhqBEmpfwCEAEIAIYBQPoSkJwjTEHIrCTGBmTEMNXWcGCAEEAII9QVCPkceNyYhzymEEKfIF0pSgBBACCAEEMqFEOdCaJGFIMdpeiCd41F5VXXvhBEAG4ANwN4jNRKm2aqB7TazEfUYo1xJMOIDhABCAKF8CFHfp9TXEHKbWtb3pYeoQh4kdzwSuRG88QHbgO1jwTZm3DfbHsjlGSp9P57svepPPiC2YWzWGZubdPVCYI/otZ9Rt+ZwKQWWJl09eAbAEglLJGDIYIhrXpBvq6cr9avU9OGaD4RyIYgUiHme4pgJQRUW1O1K6RNCkFkpwUPgSBQcMIwDuYHcx0Nun0uMfUNulyeOmRL6d2TESHCrAHIDuYHcQG5nqj8mDHtaKmbErROK9LT8rivzGDAbMAQYAgzlYshnmPkJhty6VnCP6zo0hsAbDjAEGAIMldJjfbOlptVYtx4WQsOOGTUW/LxAjQU1FsAN4K4tPzKuqcqZwpgRThSWbk+2I0Q9YX6AUxxQCCgEFMqnEPM45b6mkOMgP4gJluROAwr1gUIw3dxMN59QSkxAYseHuLUkIXyz9sN068N0g0UfKNQghTjS0PAUFm430AiWAnNdF2ygAYWAQkChfApJJAUyXrOO98+06iGFrguyPQCFgEJAodwgx5gg/Z+i3K0oZMKsE2P/gE182DiDjTMgNhDbmdxIfekbcgvH0SQkFp6RGyE5BlAIKPQf4ds0fxn//5GHk2xE7OFJJntscGJoUkiRzPmu8aK1T46UyxObWPmeEFjrtP1DiOf5PvFRQwj5PAum6vNkNrRIybwp081c04vpdBbO52oQngeX0WSW+2hnD/fPP/6x59L1F/nYeVfT4TukcOhu2lY4gOv0xU41NQc9RYxx3tS6meQU3zQ4Gp+HsyjWK+I8Ohs3NljyKu3mRDItvpjMwnUTT/VbbX5K5dTZ3U7aNHE6m0zDWRyFzfbQvgpLd0+Tz38yGc/jWRCN40N1QKrGBnqg2HCyryUqDr/EehgPc+0ornD7vlZrI0z4JVnI9OUvrS4wxoyDizC5crlTcpl8s/NhCwaanUFiYBLEi1lj7yOrvqNgVjDTL02rUHoCRYmZTb+3n6JxrlbpEmFZ9Tcwn4tU0E2rijRQN7O3aXUVVVVXnc6+N/X8UNNvYw/o7Px7EwAtzBxb5Vpa7191Hr3WhGOD+BIL/du1ajrZFg1stKxNjS2KOruPotffCw2w+CLUE9ksfk33RqlGdFAPNbJJ0tqyemitbtqprT11tGjB2TS03ILjqFd6vO68mxy2+n0D8/Mw2n4/TMyX5pvpzV0dGzMmnkRSuYwt1biN+TQajWyNzJsy9QgnORG4ki7WXdO5ydsmqWgINcEinsyjXywcJV5LdFIkXcxDdRp90YA6mYzHLzrYLv6KnjDnJi0IJIWWm42WYBTP+XQUfC202WTtO27fwdr+klZYtu4zUeNJ/PZZqr5CE03WLRMjUaCV60i/pGXeVZlf5pacnwf6o+giOAuTanLvlLo485rsPsixK7EmJYySRs49gkGzxsqy7Y+DszM9SS+D0SLfTr3nCbbKtvgMRarWnqa3oxiVfikF5pF978LGwOG+xacLLXxUaPZbuRbbXm6fZk/jK+y3dOHI5+f5cNR1V7XtNhYI/56W033GPIyM6xgWFBPk+TjxJxOImNNQLj2LqaLIx1L5FZ3UiswAQRzPosEiLvZ8Wuugb9fbaafb1XTST6p6H5qJGSQyZ7k+fLverg+3qzmyPizBx4vwYmD2YoyHjzK+PuUJ+a5oN5fbV4OyFsUWJ0W7ghnG6LeylRcx4HzNlMge4j5SxGkiGqoEZ0JgJXroStjPAySQ2w7ctzvkvg203p/TTiLJqSJOY4ebgC7Mo0IJOHMM8AH4AHwy8iBjKhnT8HEZ8YAqiRniSsBRY2APsAfYs589knpIEM0et6dmsW9CHSgBh2YBPgAfgM9++DCqKcE1fNzmR8U+wUjXCdkJwEYGNjKgNdDajZpKff2xprXbnKhSs1pqQRR2NAA+AB+Az374CCEk8TR8qFP4MIGZMZURgA/AB+AD8Nm/O0h8TqWGD3EKH8Qp8oWSkJ0B4APwAfhkWOiRMB8S4jghHKdC3xx2B4/ERgaBiAHUAOougxpLQQyn3abMox5jlCsJmxnAHmAPsCdDSJSCI6Ohuk0g6PvSQ1QhD7IGH4mYCFupgGvAdddxTSgxiVkJdpxpkSdbqfoTwHUf6APTrFpKGJ94wqO+0vOC+r5CjLp1MNPSFpb6Ww98Fnoxz2CVB/w0gB8iKaLY4Metx5RPCEFmmQevBcAP4Afwsx8/PvMITaQftz5TQv+OjPQDfguAH8AP4GcPfghS3PMk4wY/br2mpKeVOl2ZxwA/gB/AD+BnL34EwgwnypdbvynucV2Hxg94TgF+AD+AnwzpB3kCewY/bt2BhK6AGeUL/IEAP4AfwM82fhjXgOBMMSz1v8RzCx+EqCfMD3AHAvgAfAA+++GDOU7CunhunRExYoJhE04f6NMH+sA0qzfNCBMIKSzd+pAhwo1rml7qYZb1YZbBGg/waULB8AWSJsC1y5i1zHjECmyy48DmDtAH6AP0yRB9fIa4oY/bqLVcaxjSJOyCeP1AH6AP0CeDPkh4xNP0cXuqwETMJsa+ATvLQB+gD9BnP318jghhJrWQW/pILDwj+0DIfqAP0MeOPqtvnYdPuonVzy0TgYUizKVLHeS0zHgsCDIBqAZUA6or5h8WlFGkWe3SBQgyWgJ6AD2AnoJEIV4SLZu5zXwO6SwBPAAeAE9unH6KTAhW6tYlCpJZAnoAPYCe3PxEmDKGNXrc+kNBKkswjYFpDFgNrHYpJiKPeEZMdOs9BoksAT2AHkBPHnqQz7EJ/+zWcwyyWAJ5gDxAnjzy+EJKj2j0uHUbgxyWgB5AD6An12vMxx7yNXrcxqGFDJbHZRqDDJaAacB0dzHNOCcmbIvjeL2QwBLQA+gB9OSix5cmVQFxHKsX0lcem4wI26cAa4B1t2EtOU5yDTuObAzJK/vFHphkdZI3YV8QhZjTk5aQuLJvcwzWd0CPc/QQE1jUZE5xenQQ0lYCfAA+AJ8i+DCBPWTg4zZ4OCStBPgAfAA+ufChnCOeZMx1e4AQUlYCfAA+AJ9c+EjPlyiBj9sjhJCwEuAD8AH45JubKWPMqF2Oz8RBukqAD8AH4JMf0djDhGKlUeTWPxyyVQJ7gD3Anlz2UEG50OxxK/dArsp+sQcmWZ1JxoUniNSTzO2xd0hV2a9JBgs8sMc5ewSXQlDNHrfn3iFRJbAH2APsyZd7OKPSyD1uD75DmkpgD7AH2JMv9yCJENLscXuaG5JU7n+s7h6phLAbAGoAdXdBjTjxPa1Qeo7PvkM+T2APsKcSe75cjD7Nr39f/XHVdQTta2n1OG2YYqOu+i7VVUjveXQSIwThAHIDuY+J3Mj3kfA0uV0q+5DsE0AEIAIQ2YBISEaZMBF/nYIIcn8Ch4BDwKHSHMKc+56vOeQ2hAlkAgUQAYgAROVBJIXvGf9y3204E8gLCjY1sKkBuYHczamyhCJKFGGOY8FAllAAEYAIQFTeuM8YMjY15vZ4NCQNBRABiABE5UFEEMFC/2Buz0pDClEAEYAIQGRhVPOxsakxx8fJIZ/oUZnU4GADMBuYfSzMZpgnSaCZ23P4kF0UQAQgAhBZ2PWRJgfVIHJ7KB9yjR6b/AhbsoBuQPcxoVtyTVyzJes2pgFkHu0XiWDK1Z1ym8DwjDBMk2SAbncfIRNpv+YcrP6AooZRhLD+kxkUud1/hLykgCJAEaDIAkVS+swzubocb0FCllJAEaAIUGSBIl/4cu0k6nZjDXKWAooARYAiCxQRwrggBkWO411DBlNAEaAIUGRhK5KCc8+gyO1WEeQzBRQBigBFJVD0Gt9Z+sLsoBHkVj+D7KZAIiARkMiCRJgxzgyJ3KpnkOu0XySCKedwyhGtknBzctbt4g+ZT3s15WDxBxI1TCJOsO/7mkRu08xAHlQgEZAISGRBIsR86hk1xG1sXsiKCiQCEgGJbEgkPIY9TSK3wXkhRyqQCEgEJLIgkeCaIyYJqNtgs5AEFEgEJMoh0Wa2v8Lo8e2Tf6hvK88jnnGClZz53MTcx1TPNY/7WGGf/f1vqasdkSnz2tJg0k+6+uPb7V9FOEo/nc+JT6UnfaX/0dLLCzIcWqyb3q4+jUYjWxRtytRkkX5mKrioFCCjn4gFHrnn0R9Xv91cf3+4+tMcEPKFj6jhka+Yj5gn9WLfTR59u3/WZR4KeSS+ffMwXxk/X4Y5009HMDGZUzSclHCbk9jXPSh8xZs68tkijQjWwqRfKX5hl1nkcSQEJs3EINpAZa6G0Xw6Cr6qi8nQIhhR1h2soxKl+LZ1n/l5oD+KLoKz4oiXWfeIwy+xCsZDFZ1Mxsu8qzK/zC2ZamNSTe6dUhdnXjOcqPEkfvss1ck5YZdoQ2GX5ovpdBbO5+pkFOh/gzieRYNFHM7zRsnZw/3zj3/su3b9Tf6gyqqxe/rFW9sKl/NaPbJdTScXf5djbDINZ4F5uhJjbN+19mNsc5fujbG3tpUcYxV7ZLua/o2xi/BiEM7m6vNkNlSfZ8G0/Cr3rmj3fNDsJWjsK0yIFg6V300B+lqPo4f7Wzv5WXJPUuQpyTyt34P8XF7UlJj7/ZKefY595leSi0B2BtkZZGeQnY9ArgHZGWRnkJ0bk50zdsOY9JAwu2EdFZ6/62f+7eppVW03jHEikHFvdrsvD7thRydDw27YMeyGaV3ex8wECUcd3Z1/flydXD2uLu41mAodhjzFlLi+8nACC8KRj3wpjcMQMZshCkuXoVCx8j19W6qaOsjZIpWwwD5npF96veSEciarPFQRkeww1DR7aC57qu119sGwka3jg50j187BGtIPErneSPi5Suf2m96UOTaNAGHFwmD6bfV0pZdd7GHvu/Fr1WsToT5FxFNUr1BCSdHNtfjfNw9Pz1fFy3D2Y/occV/qVZRLzBTmjjMjg5pwbEsyRZRKv5L5AZSEzd/bf2799fe/vXbS5c3jzdP9Q3B9vfqhf/7j/wNQSwcIw7kuDc3BAAAHWRMAUEsBAhQAFAAICAgAc0cyRcO5Lg3NwQAAB1kTAAAAAAAAAAAAAAAAAAAAAAAAAFBLBQYAAAAAAQABAC4AAAD7wQAAAAA="/>
</filePart>
	</xmi:Extension>
	<xmi:Extension extender='MagicDraw UML 18.0'>
		<filePart name='com.nomagic.ci.persistence.local.proxy.privatedependencylist' type='XML' header='&lt;?xml version=&quot;1.0&quot; encoding=&quot;ASCII&quot;?&gt;'>
<snapshot:PrivateDependenciesContainer xmi:version="2.0" xmlns:xmi="http://www.omg.org/XMI" xmlns:snapshot="http://www.nomagic.com/ns/cameo/client/snapshot/1.0" xmi:id="_XfkCsAJHEeKcqJgnVU4y2Q">
  <referencedResources xmi:id="_Wz6xcD8BEeSHz7JIAPIyBw" originalResourceURI="local:/PROJECT-877558e9224f114d50dea1f39a1c119?resource=com.nomagic.magicdraw.uml_umodel.shared_umodel">
    <referencedObjects>_16_8beta_8ca0285_1257244649124_794756_344</referencedObjects>
    <referencedObjects>eee_1045467100323_848034_66</referencedObjects>
    <referencedObjects>_be00301_1073306188629_537791_2</referencedObjects>
    <referencedObjects>_be00301_1073305590699_364818_1</referencedObjects>
    <referencedObjects>_be00301_1077726770128_871366_1</referencedObjects>
    <referencedObjects>_be00301_1073394345322_922552_1</referencedObjects>
    <referencedObjects>magicdraw_uml_standard_profile_v_0001</referencedObjects>
    <referencedObjects>_9_0_be00301_1108044380615_150487_0</referencedObjects>
    <referencedObjects>_9_0_2_91a0295_1110274713995_297054_0</referencedObjects>
  </referencedResources>
  <referencedResources xmi:id="_Wz6xcT8BEeSHz7JIAPIyBw" originalResourceURI="local:/PROJECT-17774796-0604-4438-a00a-d26ff07ccd4e?resource=com.nomagic.magicdraw.uml_umodel.model">
    <referencedObjects>eee_1045467100313_135436_1</referencedObjects>
  </referencedResources>
  <referencedResources xmi:id="_Wz6xcj8BEeSHz7JIAPIyBw" originalResourceURI="local:/PROJECT-a520009f-1bba-46c9-b608-b5676726ab2f?resource=com.nomagic.magicdraw.uml_umodel.shared_umodel">
    <referencedObjects>_18_0_1243039e_1405844262958_708769_4030</referencedObjects>
    <referencedObjects>_18_0_1243039e_1405844327959_952148_4041</referencedObjects>
    <referencedObjects>_18_0_1243039e_1405843768751_735012_3995</referencedObjects>
  </referencedResources>
</snapshot:PrivateDependenciesContainer>
</filePart>
	</xmi:Extension>
	<xmi:Extension extender='MagicDraw UML 18.0'>
		<filePart name='com.nomagic.ci.metamodel.project' type='XML' header='&lt;?xml version=&quot;1.0&quot; encoding=&quot;UTF-8&quot;?&gt;'>
<project:Project xmi:version="2.0" xmlns:xmi="http://www.omg.org/XMI" xmlns:project="http://www.nomagic.com/ns/cameo/client/project/1.0" xmi:id="_GLT9QFYDEeCyhsLctII43A" id="PROJECT-17774796-0604-4438-a00a-d26ff07ccd4e">
  <ownedSections xmi:id="_GOUN8FYDEeCyhsLctII43A" name="model" featuredBy="_GOS_0FYDEeCyhsLctII43A"/>
  <ownedSections xmi:id="_HB1VkFYDEeCyhsLctII43A" name="commonprojectoptions" shared="true" featuredBy="_HB0ugFYDEeCyhsLctII43A"/>
  <ownedSections xmi:id="_HB4_8FYDEeCyhsLctII43A" name="personalprojectoptions" shared="true" belongsTo="_HB4_8VYDEeCyhsLctII43A" featuredBy="_HB0ugFYDEeCyhsLctII43A"/>
  <ownedSections xmi:id="_1OlPIJjZEeCrL4EC3xSIEw" name="commoncodeengineering" featuredBy="_1ObeIZjZEeCrL4EC3xSIEw"/>
  <userParts xmi:id="_HB4_8VYDEeCyhsLctII43A" user="_zRtSwZjZEeCrL4EC3xSIEw" sections="_HB4_8FYDEeCyhsLctII43A"/>
  <projectUsages xmi:id="_GPTscFYDEeCyhsLctII43A" usedProjectURI="file:/Applications/MagicDraw/profiles/UML_Standard_Profile.mdzip" readonly="true" alternateLocation="file:/home/donce/md17/git-17-copy/md/core/profiles/UML_Standard_Profile.mdzip" preferredProjectRepositoryType="" loadedAutomatically="true" withPrivateDependencies="true">
    <usedProject href="PROJECT-877558e9224f114d50dea1f39a1c119?resource=com.nomagic.ci.metamodel.project#_VWTUgU_TEeCNOP_jel_PNg"/>
    <mountPoints xmi:id="_HBun4FYDEeCyhsLctII43A" sharePointID="magicdraw_uml_standard_profile_v_0001" containmentFeatureID="59" featureName="UML Model" containmentIndex="-1" containmentFeatureName="packagedElement">
      <mountedPoint href="PROJECT-877558e9224f114d50dea1f39a1c119?resource=com.nomagic.magicdraw.uml_umodel.shared_umodel#magicdraw_uml_standard_profile_v_0001"/>
      <mountedOn href="PROJECT-17774796-0604-4438-a00a-d26ff07ccd4e?resource=com.nomagic.magicdraw.uml_umodel.model#eee_1045467100313_135436_1"/>
      <options xmi:id="_WzUUgT8BEeSHz7JIAPIyBw" key="preferredPath" value="::"/>
    </mountPoints>
    <properties xmi:id="_HBzgYFYDEeCyhsLctII43A" key="usedVersion" value="18.0"/>
    <properties xmi:id="_I2i0cFYDEeCyhsLctII43A" key="LOCAL_PROJECT_ID" value="PROJECT-877558e9224f114d50dea1f39a1c119"/>
  </projectUsages>
  <projectUsages xmi:id="_4FrS0g_qEeS6K94cWixg1g" usedProjectURI="file:/Users/jldeleage/developpement/projets/mda/maven/ete-md-module.xml" readonly="true" loadedAutomatically="true" withPrivateDependencies="true">
    <usedProject href="PROJECT-a520009f-1bba-46c9-b608-b5676726ab2f?resource=com.nomagic.ci.metamodel.project#_sVhegA_qEeS6K94cWixg1g"/>
    <mountPoints xmi:id="_4HcNYA_qEeS6K94cWixg1g" sharePointID="_sVtrwA_qEeS6K94cWixg1g" containmentFeatureID="59" featureName="UML Model" containmentIndex="-1" containmentFeatureName="packagedElement">
      <mountedPoint href="PROJECT-a520009f-1bba-46c9-b608-b5676726ab2f?resource=com.nomagic.magicdraw.uml_umodel.shared_umodel#_18_0_1243039e_1405843756022_653382_3993"/>
      <mountedOn href="PROJECT-17774796-0604-4438-a00a-d26ff07ccd4e?resource=com.nomagic.magicdraw.uml_umodel.model#eee_1045467100313_135436_1"/>
      <options xmi:id="_WzUUgD8BEeSHz7JIAPIyBw" key="preferredPath" value="::"/>
      <mountedSharePoint href="PROJECT-a520009f-1bba-46c9-b608-b5676726ab2f?resource=com.nomagic.ci.metamodel.project#_sVu54A_qEeS6K94cWixg1g"/>
    </mountPoints>
    <properties xmi:id="_4FrS0w_qEeS6K94cWixg1g" key="loadIndex" value="true"/>
    <properties xmi:id="_4HbmUA_qEeS6K94cWixg1g" key="LOCAL_PROJECT_ID" value="PROJECT-a520009f-1bba-46c9-b608-b5676726ab2f"/>
  </projectUsages>
  <features xmi:id="_GOS_0FYDEeCyhsLctII43A" name="UML Model" namespace="com.nomagic.magicdraw.uml_model" version="17.0" sections="_GOUN8FYDEeCyhsLctII43A" internalVersion="1"/>
  <features xmi:id="_HB0ugFYDEeCyhsLctII43A" name="Project Options" namespace="com.nomagic.magicdraw.core.project.options" version="1.0" sections="_HB1VkFYDEeCyhsLctII43A _HB4_8FYDEeCyhsLctII43A" internalVersion="1"/>
  <features xmi:id="_1ObeIJjZEeCrL4EC3xSIEw" name="Language Properties" namespace="com.nomagic.magicdraw.ce.languageproperties" version="1.0" internalVersion="1"/>
  <features xmi:id="_1ObeIZjZEeCrL4EC3xSIEw" name="Code Engineering" namespace="com.nomagic.magicdraw.ce" version="1.0" sections="_1OlPIJjZEeCrL4EC3xSIEw" internalVersion="1"/>
  <properties xmi:id="_GPLwoFYDEeCyhsLctII43A" key="standardProfile" value="false"/>
  <properties xmi:id="_GPLwoVYDEeCyhsLctII43A" key="internalVersion" value="1"/>
  <properties xmi:id="_I3t5IFYDEeCyhsLctII43A" key="MODULES_DIRS" value="&lt;project.dir>&lt;>&lt;install.root>/profiles&lt;>&lt;install.root>/modelLibraries&lt;>&lt;project.dir>/maven&lt;>/Users/jldeleage/developpement/projets/mda/maven"/>
  <properties xmi:id="_4iLt4JjZEeCrL4EC3xSIEw" key="fileVersion" value="55"/>
  <properties xmi:id="_4ieo0JjZEeCrL4EC3xSIEw" key="exporterDescription" value="ac ed 0 5 73 72 0 2e 63 6f 6d 2e 6e 6f 6d 61 67 69 63 2e 70 65 72 73 69 73 74 65 6e 63 65 2e 58 6d 69 45 78 70 6f 72 74 65 72 44 65 73 63 72 69 70 74 69 6f 6e f5 3e fd c8 e7 3c 3b d7 2 0 5 4c 0 5 6d 4e 61 6d 65 74 0 12 4c 6a 61 76 61 2f 6c 61 6e 67 2f 53 74 72 69 6e 67 3b 4c 0 12 6d 52 65 71 75 69 72 65 64 50 6c 75 67 69 6e 4d 61 70 74 0 f 4c 6a 61 76 61 2f 75 74 69 6c 2f 4d 61 70 3b 4c 0 12 6d 52 65 71 75 69 72 65 64 52 65 73 6f 75 72 63 65 73 74 0 10 4c 6a 61 76 61 2f 75 74 69 6c 2f 4c 69 73 74 3b 4c 0 10 6d 55 4d 4c 4e 61 6d 65 73 70 61 63 65 55 52 49 71 0 7e 0 1 4c 0 8 6d 56 65 72 73 69 6f 6e 71 0 7e 0 1 78 70 74 0 d 4d 61 67 69 63 44 72 61 77 20 55 4d 4c 73 72 0 11 6a 61 76 61 2e 75 74 69 6c 2e 48 61 73 68 4d 61 70 5 7 da c1 c3 16 60 d1 3 0 2 46 0 a 6c 6f 61 64 46 61 63 74 6f 72 49 0 9 74 68 72 65 73 68 6f 6c 64 78 70 3f 40 0 0 0 0 0 c 77 8 0 0 0 10 0 0 0 0 78 73 72 0 13 6a 61 76 61 2e 75 74 69 6c 2e 41 72 72 61 79 4c 69 73 74 78 81 d2 1d 99 c7 61 9d 3 0 1 49 0 4 73 69 7a 65 78 70 0 0 0 0 77 4 0 0 0 0 78 70 74 0 4 31 38 2e 30 "/>
  <properties xmi:id="_4ieo0ZjZEeCrL4EC3xSIEw" key="MODEL_ROOT_HREF" value="local:/PROJECT-17774796-0604-4438-a00a-d26ff07ccd4e?resource=com.nomagic.magicdraw.uml_umodel.model#eee_1045467100313_135436_1"/>
  <properties xmi:id="_Xf1vgAJHEeKcqJgnVU4y2Q" key="CI_VERSION" value="V1702_SP1"/>
  <projectUsers xmi:id="_zRtSwZjZEeCrL4EC3xSIEw" userId="default"/>
</project:Project>
</filePart>
	</xmi:Extension>
	<xmi:Extension extender='MagicDraw UML 18.0'>
		<filePart name='proxy.local__PROJECT$h17774796$h0604$h4438$ha00a$hd26ff07ccd4e_resource_com$dnomagic$dmagicdraw$duml_umodel$dmodel$dsnapshot' type='XML' header='&lt;?xml version=&quot;1.0&quot; encoding=&quot;ASCII&quot;?&gt;'>
<uml:Model xmi:version="2.0" xmlns:xmi="http://www.omg.org/XMI" xmlns:uml="http://www.nomagic.com/magicdraw/UML/2.5" xmi:id="eee_1045467100313_135436_1" ID="eee_1045467100313_135436_1" name="Data" visibility="public"/>
</filePart>
	</xmi:Extension>
	<xmi:Extension extender='MagicDraw UML 18.0'>
		<filePart name='proxy.local__PROJECT$h877558e9224f114d50dea1f39a1c119_resource_com$dnomagic$dci$dmetamodel$dproject$dsnapshot' type='XML' header='&lt;?xml version=&quot;1.0&quot; encoding=&quot;ASCII&quot;?&gt;'>
<project:Project xmi:version="2.0" xmlns:xmi="http://www.omg.org/XMI" xmlns:project="http://www.nomagic.com/ns/cameo/client/project/1.0" xmi:id="_VWTUgU_TEeCNOP_jel_PNg" description="" id="PROJECT-877558e9224f114d50dea1f39a1c119">
  <ownedSections xmi:id="_VWY0EU_TEeCNOP_jel_PNg" name="model" featuredBy="_VWY0EE_TEeCNOP_jel_PNg"/>
  <ownedSections xmi:id="_VabmkU_TEeCNOP_jel_PNg" name="commonprojectoptions" shared="true" featuredBy="_VabmkE_TEeCNOP_jel_PNg"/>
  <ownedSections xmi:id="_VacNoU_TEeCNOP_jel_PNg" name="personalprojectoptions" shared="true" belongsTo="_VacNok_TEeCNOP_jel_PNg" featuredBy="_VabmkE_TEeCNOP_jel_PNg"/>
  <ownedSections xmi:id="_VbQF8E_TEeCNOP_jel_PNg" name="shared_model" shared="true" featuredBy="_VWY0EE_TEeCNOP_jel_PNg">
    <sharePoints xmi:id="_VbhywE_TEeCNOP_jel_PNg" ID="magicdraw_uml_standard_profile_v_0001">
      <object href="PROJECT-877558e9224f114d50dea1f39a1c119?resource=com.nomagic.magicdraw.uml_umodel.shared_umodel#magicdraw_uml_standard_profile_v_0001"/>
      <options xmi:id="_Bnb0gH02EeCAfIowCLYtPA" key="preferredPath" value=""/>
    </sharePoints>
  </ownedSections>
  <ownedSections xmi:id="_VfpdwU_TEeCNOP_jel_PNg" name="commoncodeengineering" featuredBy="_VfpdwE_TEeCNOP_jel_PNg"/>
  <userParts xmi:id="_VacNok_TEeCNOP_jel_PNg" user="_kpyFAVxdEeC_ZNJv4YLpoQ" sections="_VacNoU_TEeCNOP_jel_PNg"/>
  <features xmi:id="_VWY0EE_TEeCNOP_jel_PNg" name="UML Model" namespace="com.nomagic.magicdraw.uml_model" version="17.0" sections="_VWY0EU_TEeCNOP_jel_PNg _VbQF8E_TEeCNOP_jel_PNg" internalVersion="1"/>
  <features xmi:id="_VabmkE_TEeCNOP_jel_PNg" name="Project Options" namespace="com.nomagic.magicdraw.core.project.options" version="1.0" sections="_VabmkU_TEeCNOP_jel_PNg _VacNoU_TEeCNOP_jel_PNg" internalVersion="1"/>
  <features xmi:id="_Vfo2sE_TEeCNOP_jel_PNg" name="Language Properties" namespace="com.nomagic.magicdraw.ce.languageproperties" version="1.0" internalVersion="1"/>
  <features xmi:id="_VfpdwE_TEeCNOP_jel_PNg" name="Code Engineering" namespace="com.nomagic.magicdraw.ce" version="1.0" sections="_VfpdwU_TEeCNOP_jel_PNg" internalVersion="1"/>
  <properties xmi:id="_Vbhywk_TEeCNOP_jel_PNg" key="standardProfile" value="true"/>
  <properties xmi:id="_VbiZ0E_TEeCNOP_jel_PNg" key="internalVersion" value="18.0"/>
  <properties xmi:id="_srSgUFnLEeCNG86yLj6xYg" key="MODULES_DIRS" value="&lt;install.root>/templates&lt;>&lt;install.root>/profiles&lt;>&lt;project.dir>/&lt;>&lt;install.root>/modelLibraries&lt;>/&lt;install.root>/profiles"/>
  <properties xmi:id="_94jvAH01EeCAfIowCLYtPA" key="exporterDescription" value="ac ed 0 5 73 72 0 2e 63 6f 6d 2e 6e 6f 6d 61 67 69 63 2e 70 65 72 73 69 73 74 65 6e 63 65 2e 58 6d 69 45 78 70 6f 72 74 65 72 44 65 73 63 72 69 70 74 69 6f 6e f5 3e fd c8 e7 3c 3b d7 2 0 5 4c 0 5 6d 4e 61 6d 65 74 0 12 4c 6a 61 76 61 2f 6c 61 6e 67 2f 53 74 72 69 6e 67 3b 4c 0 12 6d 52 65 71 75 69 72 65 64 50 6c 75 67 69 6e 4d 61 70 74 0 f 4c 6a 61 76 61 2f 75 74 69 6c 2f 4d 61 70 3b 4c 0 12 6d 52 65 71 75 69 72 65 64 52 65 73 6f 75 72 63 65 73 74 0 10 4c 6a 61 76 61 2f 75 74 69 6c 2f 4c 69 73 74 3b 4c 0 10 6d 55 4d 4c 4e 61 6d 65 73 70 61 63 65 55 52 49 71 0 7e 0 1 4c 0 8 6d 56 65 72 73 69 6f 6e 71 0 7e 0 1 78 70 74 0 d 4d 61 67 69 63 44 72 61 77 20 55 4d 4c 73 72 0 11 6a 61 76 61 2e 75 74 69 6c 2e 48 61 73 68 4d 61 70 5 7 da c1 c3 16 60 d1 3 0 2 46 0 a 6c 6f 61 64 46 61 63 74 6f 72 49 0 9 74 68 72 65 73 68 6f 6c 64 78 70 3f 40 0 0 0 0 0 c 77 8 0 0 0 10 0 0 0 0 78 73 72 0 13 6a 61 76 61 2e 75 74 69 6c 2e 41 72 72 61 79 4c 69 73 74 78 81 d2 1d 99 c7 61 9d 3 0 1 49 0 4 73 69 7a 65 78 70 0 0 0 0 77 4 0 0 0 0 78 70 74 0 4 31 38 2e 30 "/>
  <properties xmi:id="_DnjcsMQEEeCVy5mnlxX55w" key="fileVersion" value="372"/>
  <properties xmi:id="_Doc0kMQEEeCVy5mnlxX55w" key="MODEL_ROOT_HREF" value="local:/PROJECT-877558e9224f114d50dea1f39a1c119?resource=com.nomagic.magicdraw.uml_umodel.model#eee_1045467100313_135436_1"/>
  <properties xmi:id="_BwA7QADBEeK92_v4nw3vUw" key="CI_VERSION" value="V1702_SP1"/>
  <projectUsers xmi:id="_kpyFAVxdEeC_ZNJv4YLpoQ" userId="default"/>
</project:Project>
</filePart>
	</xmi:Extension>
	<xmi:Extension extender='MagicDraw UML 18.0'>
		<filePart name='BINARY-5ccef1bc-49c5-4072-9df0-06127f4743e2' type='XML' header='&lt;?xml version=&#39;1.0&#39; encoding=&#39;UTF-8&#39;?&gt;'>

<mdOwnedViews>
	<mdElement elementClass='DiagramFrame' xmi:id='_18_0_1243039e_1411023468256_723375_4389'>
		<elementID xmi:idref='_18_0_1243039e_1411023468245_76466_4368'/>
		<geometry>5, 5, 716, 661</geometry>
		<compartment compartmentID='TAGGED_VALUES'/>
		<mdOwnedViews/>
	</mdElement>
	<mdElement elementClass='Package' xmi:id='_18_0_1243039e_1411023483998_120685_4399'>
		<elementID xmi:idref='_18_0_1243039e_1411019670245_650906_4361'/>
		<geometry>224, 140, 329, 483</geometry>
		<compartment compartmentID='TAGGED_VALUES'/>
		<mdOwnedViews>
			<mdElement elementClass='Class' xmi:id='_18_0_1243039e_1411023514543_605984_4433'>
				<elementID xmi:idref='_18_0_1243039e_1411023514541_242926_4432'/>
				<geometry>273, 210, 203, 119</geometry>
				<compartment compartmentID='TAGGED_VALUES'/>
				<mdOwnedViews/>
			</mdElement>
			<mdElement elementClass='Class' xmi:id='_18_0_1243039e_1411023545095_646116_4461'>
				<elementID xmi:idref='_18_0_1243039e_1411023545094_417783_4460'/>
				<geometry>287, 427, 175, 140</geometry>
				<compartment compartmentID='TAGGED_VALUES'/>
				<mdOwnedViews/>
			</mdElement>
		</mdOwnedViews>
	</mdElement>
	<mdElement elementClass='Actor' xmi:id='_18_0_1243039e_1411023506970_588155_4411'>
		<elementID xmi:idref='_18_0_1243039e_1411023496863_598331_4410'/>
		<geometry>35, 294, 122, 43</geometry>
		<compartment compartmentID='TAGGED_VALUES'/>
		<mdOwnedViews/>
	</mdElement>
</mdOwnedViews></filePart>
	</xmi:Extension>
	<xmi:Extension extender='MagicDraw UML 18.0'>
		<filePart name='proxy.local__PROJECT$h877558e9224f114d50dea1f39a1c119_resource_com$dnomagic$dmagicdraw$duml_umodel$dshared_umodel$dsnapshot' type='XML' header='&lt;?xml version=&quot;1.0&quot; encoding=&quot;ASCII&quot;?&gt;'>
<uml:Package xmi:version="2.0" xmlns:xmi="http://www.omg.org/XMI" xmlns:xsi="http://www.w3.org/2001/XMLSchema-instance" xmlns:uml="http://www.nomagic.com/magicdraw/UML/2.5" xmi:id="magicdraw_uml_standard_profile_v_0001" ID="magicdraw_uml_standard_profile_v_0001" name="UML Standard Profile">
  <appliedStereotypeInstance xmi:id="_12_1_8f90291_1174411598625_504587_98" ID="_12_1_8f90291_1174411598625_504587_98" classifier="_12_1_8f90291_1173963323875_662612_98"/>
  <packagedElement xsi:type="uml:Profile" xmi:id="_be00301_1073394351331_445580_2" ID="_be00301_1073394351331_445580_2" name="MagicDraw Profile">
    <packagedElement xsi:type="uml:Stereotype" xmi:id="_12_1_8f90291_1173963323875_662612_98" ID="_12_1_8f90291_1173963323875_662612_98" name="auxiliaryResource">
      <generalization xmi:id="_15_0_8f90291_1196866634537_680603_98" ID="_15_0_8f90291_1196866634537_680603_98" general="_9_0_be00301_1108044721245_236588_411"/>
      <ownedAttribute xmi:id="_12_1_8f90291_1173963939937_52316_99" ID="_12_1_8f90291_1173963939937_52316_99" name="base_Package" visibility="private" type="_9_0_62a020a_1105704885298_713292_7913"/>
    </packagedElement>
    <packagedElement xsi:type="uml:Extension" xmi:id="_10_0EAPbeta_be00301_1123081772098_323897_274" ID="_10_0EAPbeta_be00301_1123081772098_323897_274" memberEnd="_10_0EAPbeta_be00301_1123081772108_624594_276 _10_0EAPbeta_be00301_1123081772098_411862_275">
      <ownedEnd xsi:type="uml:ExtensionEnd" xmi:id="_10_0EAPbeta_be00301_1123081772108_624594_276" ID="_10_0EAPbeta_be00301_1123081772108_624594_276" name="extension_InvisibleStereotype" visibility="private" type="_9_0_be00301_1108044721245_236588_411" aggregation="composite"/>
    </packagedElement>
    <packagedElement xsi:type="uml:Extension" xmi:id="_12_1_8f90291_1173963939937_323574_98" ID="_12_1_8f90291_1173963939937_323574_98" memberEnd="_12_1_8f90291_1173963939937_399630_100 _12_1_8f90291_1173963939937_52316_99">
      <ownedEnd xsi:type="uml:ExtensionEnd" xmi:id="_12_1_8f90291_1173963939937_399630_100" ID="_12_1_8f90291_1173963939937_399630_100" name="extension_auxiliaryResource" visibility="private" type="_12_1_8f90291_1173963323875_662612_98" aggregation="composite"/>
    </packagedElement>
    <packagedElement xsi:type="uml:Stereotype" xmi:id="_9_0_be00301_1108044721245_236588_411" ID="_9_0_be00301_1108044721245_236588_411" name="InvisibleStereotype">
      <ownedAttribute xmi:id="_10_0EAPbeta_be00301_1123081772098_411862_275" ID="_10_0EAPbeta_be00301_1123081772098_411862_275" name="base_Element" visibility="private" type="_9_0_62a020a_1105704884807_371561_7741"/>
    </packagedElement>
    <packagedElement xsi:type="uml:Stereotype" xmi:id="_9_0_be00301_1108044380615_150487_0" ID="_9_0_be00301_1108044380615_150487_0" name="DiagramInfo">
      <generalization xmi:id="_9_0_be00301_1108044989070_469307_436" ID="_9_0_be00301_1108044989070_469307_436" general="_9_0_be00301_1108044721245_236588_411"/>
      <ownedAttribute xmi:id="_be00301_1073306188629_537791_2" ID="_be00301_1073306188629_537791_2" name="Creation date" visibility="private" type="_be00301_1073305590699_364818_1"/>
      <ownedAttribute xmi:id="_be00301_1077726770128_871366_1" ID="_be00301_1077726770128_871366_1" name="Author" visibility="private" type="_9_0_2_91a0295_1110274713995_297054_0"/>
      <ownedAttribute xmi:id="_be00301_1073394345322_922552_1" ID="_be00301_1073394345322_922552_1" name="Modification date" visibility="private" type="_be00301_1073305590699_364818_1"/>
      <ownedAttribute xmi:id="_10_0EAPbeta_be00301_1123081772498_901864_356" ID="_10_0EAPbeta_be00301_1123081772498_901864_356" name="base_Diagram" visibility="private" type="_9_0_62a020a_1106296071977_61607_0"/>
      <ownedAttribute xmi:id="_16_8beta_8ca0285_1257244649124_794756_344" ID="_16_8beta_8ca0285_1257244649124_794756_344" name="Last modified by" visibility="private" type="_9_0_2_91a0295_1110274713995_297054_0"/>
    </packagedElement>
    <packagedElement xsi:type="uml:Package" xmi:id="_9_0_2_be00301_1111670217596_336168_627" ID="_9_0_2_be00301_1111670217596_336168_627" name="datatypes">
      <packagedElement xsi:type="uml:DataType" xmi:id="_be00301_1073305590699_364818_1" ID="_be00301_1073305590699_364818_1" name="date"/>
      <packagedElement xsi:type="uml:DataType" xmi:id="eee_1045467100323_848034_66" ID="eee_1045467100323_848034_66" name="double"/>
    </packagedElement>
    <packagedElement xsi:type="uml:Extension" xmi:id="_10_0EAPbeta_be00301_1123081772498_531863_355" ID="_10_0EAPbeta_be00301_1123081772498_531863_355" memberEnd="_10_0EAPbeta_be00301_1123081772498_435993_357 _10_0EAPbeta_be00301_1123081772498_901864_356">
      <ownedEnd xsi:type="uml:ExtensionEnd" xmi:id="_10_0EAPbeta_be00301_1123081772498_435993_357" ID="_10_0EAPbeta_be00301_1123081772498_435993_357" name="extension_DiagramInfo" visibility="private" type="_9_0_be00301_1108044380615_150487_0" aggregation="composite"/>
    </packagedElement>
  </packagedElement>
  <packagedElement xsi:type="uml:Model" xmi:id="_9_0_be00301_1108053761194_467635_11463" ID="_9_0_be00301_1108053761194_467635_11463" name="UML2 Metamodel">
    <appliedStereotypeInstance xmi:id="_10_0EAPbeta_be00301_1123081771126_233373_95" ID="_10_0EAPbeta_be00301_1123081771126_233373_95" classifier="magicdraw_1046861421236_601240_36"/>
    <packagedElement xsi:type="uml:Class" xmi:id="_9_0_62a020a_1105704885298_713292_7913" ID="_9_0_62a020a_1105704885298_713292_7913" name="Package"/>
    <packagedElement xsi:type="uml:Class" xmi:id="_9_0_62a020a_1105704884807_371561_7741" ID="_9_0_62a020a_1105704884807_371561_7741" name="Element"/>
    <packagedElement xsi:type="uml:Class" xmi:id="_9_0_62a020a_1105704920340_825592_9329" ID="_9_0_62a020a_1105704920340_825592_9329" name="Model"/>
    <packagedElement xsi:type="uml:Package" xmi:id="_12_0EAPbeta_be00301_1157529392394_202602_1" ID="_12_0EAPbeta_be00301_1157529392394_202602_1" name="PrimitiveTypes">
      <packagedElement xsi:type="uml:PrimitiveType" xmi:id="_9_0_2_91a0295_1110274713995_297054_0" ID="_9_0_2_91a0295_1110274713995_297054_0" name="String"/>
    </packagedElement>
    <packagedElement xsi:type="uml:Class" xmi:id="_9_0_62a020a_1106296071977_61607_0" ID="_9_0_62a020a_1106296071977_61607_0" name="Diagram"/>
  </packagedElement>
  <packagedElement xsi:type="uml:Profile" xmi:id="_9_0_be00301_1108050582343_527400_10847" ID="_9_0_be00301_1108050582343_527400_10847" name="StandardProfile">
    <packagedElement xsi:type="uml:Stereotype" xmi:id="magicdraw_1046861421236_601240_36" ID="magicdraw_1046861421236_601240_36" name="Metamodel">
      <ownedAttribute xmi:id="_10_0EAPbeta_be00301_1123081771136_271406_98" ID="_10_0EAPbeta_be00301_1123081771136_271406_98" name="base_Model" visibility="private" type="_9_0_62a020a_1105704920340_825592_9329"/>
    </packagedElement>
    <packagedElement xsi:type="uml:Extension" xmi:id="_10_0EAPbeta_be00301_1123081771136_824883_97" ID="_10_0EAPbeta_be00301_1123081771136_824883_97" memberEnd="_10_0EAPbeta_be00301_1123081771136_580423_99 _10_0EAPbeta_be00301_1123081771136_271406_98">
      <ownedEnd xsi:type="uml:ExtensionEnd" xmi:id="_10_0EAPbeta_be00301_1123081771136_580423_99" ID="_10_0EAPbeta_be00301_1123081771136_580423_99" name="extension_metamodel" visibility="private" type="magicdraw_1046861421236_601240_36" aggregation="composite"/>
    </packagedElement>
  </packagedElement>
</uml:Package>
</filePart>
	</xmi:Extension>
	<xmi:Extension extender='MagicDraw UML 18.0'>
		<filePart name='Binaries.properties' type='BINARY'>H4sIAAAAAAAAAC3KuwrCMBQA0L1fEejqDXndPAoOKg4uDraLk7Q3iQqNEaH4+0JxOdNpm3Z4LKxPbyY9E77D0GnPDsd+YEpI01At/FXLeH8SX42f8cuXMt9KjWnmq9v96by7XIEm9N6qBKSjBZPHDAGVBo2kSTiSSGHzv0iUspwITCAEI5yCELMAYaVy2Tijk2p+NnU3tp8AAAA=</filePart>
	</xmi:Extension>
	<xmi:Extension extender='MagicDraw UML 18.0'>
		<filePart name='com.nomagic.magicdraw.ce.commoncodeengineering' type='XML' header='&lt;?xml version=&quot;1.0&quot; encoding=&quot;ASCII&quot;?&gt;'>
<xmi:XMI xmi:version="2.0" xmlns:xmi="http://www.omg.org/XMI" xmlns:xsi="http://www.w3.org/2001/XMLSchema-instance" xmlns:md.ce.corbaidl.rt.options="http://www.nomagic.com/magicdraw/ce/corbaidl/rt/options/1" xmlns:md.ce.cppAnsi.rt.options="http://www.nomagic.com/magicdraw/ce/cppAnsi/rt/options/1" xmlns:md.ce.csh.code.documentation="http://www.nomagic.com/magicdraw/ce/csh/code/documentation/1" xmlns:md.ce.csh.rt.options="http://www.nomagic.com/magicdraw/ce/csh/rt/options/1" xmlns:md.ce.java.code.documentation="http://www.nomagic.com/magicdraw/ce/java/code/documentation/1" xmlns:md.ce.java.rt.options="http://www.nomagic.com/magicdraw/ce/java/rt/options/1" xmlns:md.ce.msil.rt.options="http://www.nomagic.com/magicdraw/ce/msil/rt/options/1" xmlns:md.ce.rt.options="http://www.nomagic.com/magicdraw/ce/rt/options/1">
  <md.ce.rt.options:Options xmi:id="_1OlPIZjZEeCrL4EC3xSIEw" tempDirectory="Active Directory" defaultWorkingDirectory="&lt;install.root>" spaces="8" defaultLanguage="Java" visualizationOption="1" codeGenerationReverseOption="2">
    <defaultWorkingPackage href="PROJECT-17774796-0604-4438-a00a-d26ff07ccd4e?resource=com.nomagic.magicdraw.uml_umodel.model#eee_1045467100313_135436_1"/>
  </md.ce.rt.options:Options>
  <md.ce.java.rt.options:JavaLanguageOptions xmi:id="_6-fYUOlYEeKM1O5DqVzPvA" header="@(#) $FILE_NAME" documentationProcessorID="STANDARD_PROCESSOR" classpath="lib/xalan.jar;C:\Program Files\MagicDraw 17.0.5 beta\jre\lib\resources.jar;C:\Program Files\MagicDraw 17.0.5 beta\jre\lib\rt.jar;C:\Program Files\MagicDraw 17.0.5 beta\jre\lib\sunrsasign.jar;C:\Program Files\MagicDraw 17.0.5 beta\jre\lib\jsse.jar;C:\Program Files\MagicDraw 17.0.5 beta\jre\lib\jce.jar;C:\Program Files\MagicDraw 17.0.5 beta\jre\lib\charsets.jar;C:\Program Files\MagicDraw 17.0.5 beta\jre\lib\jfr.jar;C:\Program Files\MagicDraw 17.0.5 beta\jre\classes" javaSource="8.0">
    <documentationTagProcessors xsi:type="md.ce.java.code.documentation:JavaDocumentationProcessor" xmi:id="_6-fYUelYEeKM1O5DqVzPvA" ID="JAVA_DOC_PROCESSOR">
      <documentationTagManagers xmi:id="_6-fYUulYEeKM1O5DqVzPvA" ID="CLASSIFIER">
        <documentationTags xmi:id="_6-fYU-lYEeKM1O5DqVzPvA" name="DESCRIPTION" valueEditable="false"/>
        <documentationTags xmi:id="_6-fYVOlYEeKM1O5DqVzPvA" name="@param &lt;>" valueEditable="false"/>
      </documentationTagManagers>
      <documentationTagManagers xmi:id="_6-fYVelYEeKM1O5DqVzPvA" ID="OPERATION">
        <documentationTags xmi:id="_6-fYVulYEeKM1O5DqVzPvA" name="DESCRIPTION" valueEditable="false"/>
        <documentationTags xmi:id="_6-fYV-lYEeKM1O5DqVzPvA" name="@param" valueEditable="false"/>
        <documentationTags xmi:id="_6-fYWOlYEeKM1O5DqVzPvA" name="@param &lt;>" valueEditable="false"/>
        <documentationTags xmi:id="_6-fYWelYEeKM1O5DqVzPvA" name="@return" valueEditable="false"/>
        <documentationTags xmi:id="_6-fYWulYEeKM1O5DqVzPvA" name="@throws" valueEditable="false"/>
      </documentationTagManagers>
      <documentationTagManagers xmi:id="_6-fYW-lYEeKM1O5DqVzPvA" ID="ATTRIBUTE">
        <documentationTags xmi:id="_6-fYXOlYEeKM1O5DqVzPvA" name="DESCRIPTION" valueEditable="false"/>
      </documentationTagManagers>
    </documentationTagProcessors>
    <userDefinedAttributeCreationRule xmi:id="_6-fYXelYEeKM1O5DqVzPvA">
      <rules xmi:id="_6-fYXulYEeKM1O5DqVzPvA" pattern="*" classType="DataType"/>
    </userDefinedAttributeCreationRule>
  </md.ce.java.rt.options:JavaLanguageOptions>
  <md.ce.cppAnsi.rt.options:CppLanguageOptions xmi:id="_6-y6UOlYEeKM1O5DqVzPvA" header="@(#) $FILE_NAME" documentationProcessorID="STANDARD_PROCESSOR" macros="//This file contains a list of explicit macros to be expanded before reverse engineering&#xA;#define ODBCXX_EXPORT&#xA;#define __EXPORT&#xA;&#xA;//Type Casting of MFC Class Objects&#xA;#define DYNAMIC_DOWNCAST( class, pointer )&#xA;#define STATIC_DOWNCAST( class_name, pobject )&#xA;&#xA;//Run-Time Object Model Services&#xA;#define DECLARE_DYNAMIC( class_name )&#xA;#define DECLARE_DYNCREATE( class_name )&#xA;#define DECLARE_SERIAL( class_name )&#xA;#define IMPLEMENT_DYNAMIC( class_name, base_class_name )&#xA;#define IMPLEMENT_DYNCREATE( class_name, base_class_name )&#xA;#define IMPLEMENT_SERIAL( class_name, base_class_name, wSchema )&#xA;#define RUNTIME_CLASS( class_name )&#xA;#define DECLARE_OLECREATE( class_name )&#xA;#define IMPLEMENT_OLECREATE( class_name, external_name, l, w1, w2, b1, b2, b3, b4, b5, b6, b7, b8 )&#xA;&#xA;//Diagnostic Services&#xA;#define ASSERT( booleanExpression )&#xA;#define ASSERT_KINDOF( classname, pobject )&#xA;#define ASSERT_VALID( pObject )&#xA;#define TRACE( exp )&#xA;#define TRACE0( exp )&#xA;#define TRACE1( exp, param1 )&#xA;#define TRACE2( exp, param1, param2 )&#xA;#define TRACE3( exp, param1, param2, param3 )&#xA;#define VERIFY( booleanExpression )&#xA;&#xA;//Exception processing&#xA;#define TRY&#xA;#define CATCH( exception_class, exception_object_pointer_name )&#xA;#define CATCH_ALL( exception_object_pointer_name )&#xA;#define AND_CATCH( exception_class, exception_object_pointer_name )&#xA;#define AND_CATCH_ALL( exception_object_pointer_name )&#xA;#define END_CATCH&#xA;#define END_CATCH_ALL&#xA;#define THROW( exception_object_pointer )&#xA;#define THROW_LAST( )&#xA;&#xA;//Message Map Macros&#xA;#define DECLARE_MESSAGE_MAP( )&#xA;#define BEGIN_MESSAGE_MAP( theClass, baseClass )&#xA;#define END_MESSAGE_MAP( )&#xA;#define ON_COMMAND( id, memberFxn )&#xA;#define ON_CONTROL( wNotifyCode, id, memberFxn )&#xA;#define ON_MESSAGE( message, memberFxn )&#xA;#define ON_OLECMD( pguid, olecmdid, id )&#xA;#define ON_REGISTERED_MESSAGE( nMessageVariable, memberFxn )&#xA;#define ON_REGISTERED_THREAD_MESSAGE( nMessageVariable, memberFxn )&#xA;#define ON_THREAD_MESSAGE( message, memberFxn )&#xA;#define ON_UPDATE_COMMAND_UI( id, memberFxn )&#xA;#define ON_COMMAND_RANGE( id1, id2, memberFxn )&#xA;#define ON_UPDATE_COMMAND_UI_RANGE( id1, id2, memberFxn )&#xA;#define ON_CONTROL_RANGE( wNotifyCode, id1, id2, memberFxn )&#xA;#define ON_WM_CREATE( )&#xA;#define ON_WM_DESTROY( )&#xA;#define ON_NOTIFY( wNotifyCode, id, memberFxn )&#xA;#define ON_WM_TIMER( )&#xA;#define ON_WM_SYSCOMMAND( )&#xA;#define ON_BN_CLICKED( id, memberFxn )&#xA;#define ON_WM_PAINT( )&#xA;#define ON_WM_QUERYDRAGICON( )&#xA;#define ON_WM_SIZE( )&#xA;&#xA;//Application information and management&#xA;BOOL AFXAPI AfxWinInit( HINSTANCE hInstance, HINSTANCE hPrevInstance, LPTSTR lpCmdLine, int nCmdShow )&#xA;&#xA;//Database Macros and Globals&#xA;#define AFX_ODBC_CALL( SQLFunc )&#xA;#define AFX_SQL_ASYNC( prs, SQLFunc )&#xA;#define AFX_SQL_SYNC( SQLFunc )&#xA;&#xA;//Internet Server API (ISAPI) Parse Maps&#xA;#define BEGIN_PARSE_MAP( theClass, baseClass )&#xA;#define ON_PARSE_COMMAND( FnName, mapClass, Args )&#xA;#define ON_PARSE_COMMAND_PARAMS( Params )&#xA;#define DEFAULT_PARSE_COMMAND( FnName, mapClass )&#xA;#define END_PARSE_MAP( theClass )&#xA;&#xA;//Internet Server API (ISAPI) Diagnostic Macros&#xA;#define ISAPIASSERT( booleanExpression )&#xA;#define ISAPITRACE( exp )&#xA;#define ISAPITRACE0( exp )&#xA;#define ISAPITRACE1( exp, param1 )&#xA;#define ISAPITRACE2( exp, param1, param2 )&#xA;#define ISAPITRACE3( exp, param1, param2, param3 )&#xA;#define ISAPIVERIFY( booleanExpression )&#xA;&#xA;&#xA;// OLE Dispatch Maps&#xA;#define DECLARE_DISPATCH_MAP( )&#xA;#define BEGIN_DISPATCH_MAP( theClass, baseClass )&#xA;#define END_DISPATCH_MAP( )&#xA;#define DISP_FUNCTION( theClass, pszName, pfnMember, vtRetVal, vtsParams )&#xA;#define DISP_PROPERTY( theClass, pszName, memberName, vtPropType )&#xA;#define DISP_PROPERTY_EX( theClass, pszName, memberGet, memberSet, vtPropType )&#xA;#define DISP_PROPERTY_NOTIFY( theClass, szExternalName, memberName, pfnAfterSet, vtPropType )&#xA;#define DISP_PROPERTY_NOTIFY( theClass, pszExternalName, pfnGet, pfnSet, vtPropType, vtsParams )&#xA;#define DISP_DEFVALUE( theClass, pszName )&#xA;&#xA;// OLE Type Library Access&#xA;#define DECLARE_OLETYPELIB( class_name )&#xA;#define IMPLEMENT_OLETYPELIB( class_name, tlid, wVerMajor, wVerMinor )&#xA;&#xA;// OLE Property Pages&#xA;#define BEGIN_PROPPAGEIDS( class_name, count )&#xA;#define END_PROPPAGEIDS( class_name )&#xA;#define PROPPAGEID( clsid )&#xA;&#xA;// OLE Event Maps&#xA;#define DECLARE_EVENT_MAP( )&#xA;#define BEGIN_EVENT_MAP( theClass, baseClass )&#xA;#define END_EVENT_MAP( )&#xA;#define EVENT_CUSTOM( pszName, pfnFire, vtsParams )&#xA;#define EVENT_CUSTOM_ID( pszName, dispid, pfnFire, vtsParams )&#xA;#define ON_OLEVERB( idsVerbName, memberFxn )&#xA;#define ON_STDOLEVERB( iVerb, memberFxn )&#xA;&#xA;// OLE Event Sink Maps&#xA;#define BEGIN_EVENTSINK_MAP( theClass, baseClass )&#xA;#define DECLARE_EVENTSINK_MAP( )&#xA;#define END_EVENTSINK_MAP( )&#xA;#define ON_EVENT( theClass, id, dispid, pfnHandler, vtsParams )&#xA;#define ON_EVENT_RANGE( theClass, idFirst, idLast, dispid, pfnHandler, vtsParams )&#xA;#define ON_EVENT_REFLECT( theClass, dispid, pfnHandler, vtsParams )&#xA;#define ON_PROPNOTIFY( theClass, id, dispid, pfnRequest, pfnChanged )&#xA;#define ON_PROPNOTIFY_RANGE( theClass, idFirst, idLast, dispid, pfnRequest, pfnChanged )&#xA;#define ON_PROPNOTIFY_REFLECT( theClass, dispid, pfnRequest, pfnChanged )&#xA;&#xA;// OLE Connection Maps&#xA;#define BEGIN_CONNECTION_PART( theClass, localClass )&#xA;#define END_CONNECTION_PART( localClass )&#xA;#define CONNECTION_IID( iid )&#xA;#define DECLARE_CONNECTION_MAP( )&#xA;#define BEGIN_CONNECTION_MAP( theClass, theBase )&#xA;#define END_CONNECTION_MAP( )&#xA;#define CONNECTION_PART( theClass, iid, localClass )&#xA;&#xA;// OLE Registering OLE Controls&#xA;BOOL AFXAPI AfxOleRegisterPropertyPageClass( HINSTANCE hInstance, REFCLSID clsid, UINT idTypeName, int nRegFlags )&#xA;&#xA;// OLE Class Factories and Licensing&#xA;#define DECLARE_OLECREATE_EX( class_name )&#xA;#define IMPLEMENT_OLECREATE_EX( class_name, external_name, l, w1, w2, b1, b2, b3, b4, b5, b6, b7, b8 )&#xA;#define BEGIN_OLEFACTORY( class_name )&#xA;#define END_OLEFACTORY( class_name )&#xA;&#xA;//ATL&#xA;#define DECLARE_AGGREGATABLE( x )&#xA;#define DECLARE_CLASSFACTORY( )&#xA;#define DECLARE_CLASSFACTORY_EX( cf )&#xA;#define DECLARE_CLASSFACTORY2( lic )&#xA;#define DECLARE_CLASSFACTORY_AUTO_THREAD( )&#xA;#define DECLARE_CLASSFACTORY_SINGLETON( obj )&#xA;#define DECLARE_GET_CONTROLLING_UNKNOWN( )&#xA;#define DECLARE_NOT_AGGREGATABLE( x )&#xA;#define DECLARE_ONLY_AGGREGATABLE( x )&#xA;#define DECLARE_POLY_AGGREGATABLE( x )&#xA;#define DECLARE_PROTECT_FINAL_CONSTRUCT( )&#xA;#define BEGIN_CATEGORY_MAP( theClass )&#xA;#define END_CATEGORY_MAP( )&#xA;#define IMPLEMENTED_CATEGORY( catID )&#xA;#define REQUIRED_CATEGORY( catID )&#xA;#define BEGIN_COM_MAP( x )&#xA;#define COM_INTERFACE_ENTRY( x )&#xA;#define COM_INTERFACE_ENTRY_IID( iid, x )&#xA;#define COM_INTERFACE_ENTRY2( x, x2 )&#xA;#define COM_INTERFACE_ENTRY2_IID( iid, x, x2 )&#xA;#define COM_INTERFACE_ENTRY_FUNC( iid, dw, func )&#xA;#define COM_INTERFACE_ENTRY_FUNC_BLIND( dw, func )&#xA;#define COM_INTERFACE_ENTRY_TEAR_OFF( iid, x )&#xA;#define COM_INTERFACE_ENTRY_CACHED_TEAR_OFF( iid, x, punk )&#xA;#define COM_INTERFACE_ENTRY_AGGREGATE( iid, punk )&#xA;#define COM_INTERFACE_ENTRY_AGGREGATE_BLIND( punk )&#xA;#define COM_INTERFACE_ENTRY_AUTOAGGREGATE( iid, punk, clsid )&#xA;#define COM_INTERFACE_ENTRY_AUTOAGGREGATE_BLIND( punk, clsid )&#xA;#define COM_INTERFACE_ENTRY_CHAIN( classname )&#xA;#define COM_INTERFACE_ENTRY_BREAK( x )&#xA;#define COM_INTERFACE_ENTRY_NOINTERFACE( x )&#xA;#define END_COM_MAP( )&#xA;&#xA;#define BEGIN_SINK_MAP( _class )&#xA;#define END_SINK_MAP( )&#xA;#define SINK_ENTRY( id, dispid, fn )&#xA;#define SINK_ENTRY_EX( id, iid, dispid, fn )&#xA;#define SINK_ENTRY_INFO( id, iid, dispid, fn, info)&#xA;#define BEGIN_CONNECTION_POINT_MAP( x )&#xA;#define CONNECTION_POINT_ENTRY( iid )&#xA;#define END_CONNECTION_POINT_MAP( )&#xA;#define BEGIN_EXTENSION_SNAPIN_NODEINFO_MAP( classname )&#xA;#define BEGIN_SNAPINTOOLBARID_MAP( _class )&#xA;#define END_EXTENSION_SNAPIN_NODEINFO_MAP( )&#xA;#define END_SNAPINTOOLBARID_MAP( _class )&#xA;#define EXTENSION_SNAPIN_DATACLASS( dataClass )&#xA;#define EXTENSION_SNAPIN_NODEINFO_ENTRY( dataClass )&#xA;#define SNAPINMENUID( id )&#xA;#define SNAPINTOOLBARID_ENTRY( id )&#xA;#define ATLTRACE( exp )&#xA;#define ATLTRACENOTIMPL( funcname )&#xA;#define ATLTRACE2( DWORD category, UINT level, LPCSTR lpszFormat, ... )&#xA;#define BEGIN_MSG_MAP( theClass )&#xA;#define MESSAGE_HANDLER( msg, func )&#xA;#define MESSAGE_RANGE_HANDLER( msgFirst, msgLast, func )&#xA;#define COMMAND_HANDLER( id, code, func )&#xA;#define COMMAND_ID_HANDLER( id, func )&#xA;#define COMMAND_RANGE_HANDLER( idFirst, idLast, func )&#xA;#define NOTIFY_HANDLER( id, cd, func )&#xA;#define NOTIFY_ID_HANDLER( id, func )&#xA;#define NOTIFY_CODE_HANDLER( cd, func )&#xA;#define NOTIFY_RANGE_HANDLER( idFirst, idLast, func )&#xA;#define CHAIN_MSG_MAP( theChainClass )&#xA;#define CHAIN_MSG_MAP_MEMBER( theChainMember )&#xA;#define CHAIN_MSG_MAP_ALT( theChainClass, msgMapID )&#xA;#define CHAIN_MSG_MAP_ALT_MEMBER( theChainMember, msgMapID )&#xA;#define CHAIN_MSG_MAP_DYNAMIC( dynaChainID )&#xA;#define END_MSG_MAP( )&#xA;#define ALT_MSG_MAP( msgMapID )&#xA;#define DECLARE_EMPTY_MSG_MAP( )&#xA;#define COMMAND_CODE_HANDLER( code, func )&#xA;#define REFLECT_NOTIFICATIONS( )&#xA;#define DEFAULT_REFLECTION_HANDLER( )&#xA;#define BEGIN_OBJECT_MAP( x )&#xA;#define OBJECT_ENTRY( clsid, class )&#xA;#define OBJECT_ENTRY_NON_CREATEABLE( class )&#xA;#define END_OBJECT_MAP( )&#xA;#define DECLARE_OBJECT_DESCRIPTION( x )&#xA;#define BEGIN_PROP_MAP( theClass )&#xA;#define PROP_DATA_ENTRY( szDesc, member, vt )&#xA;#define PROP_ENTRY( szDesc, dispid, clsid )&#xA;#define PROP_ENTRY_EX( szDesc, dispid, clsid, iidDispatch )&#xA;#define PROP_PAGE( clsid )&#xA;#define END_PROPERTY_MAP( )&#xA;#define DECLARE_NO_REGISTRY( )&#xA;#define DECLARE_REGISTRY( class, pid, vpid, nid, flags )&#xA;#define DECLARE_REGISTRY_RESOURCE( x )&#xA;#define DECLARE_REGISTRY_RESOURCEID( x )&#xA;#define BEGIN_SERVICE_MAP( theClass )&#xA;#define END_SERVICE_MAP( )&#xA;#define SERVICE_ENTRY( SID )&#xA;#define SERVICE_ENTRY_CHAIN( punk )&#xA;#define IMPLEMENT_BOOL_STOCKPROP( fname, pname, dispid )&#xA;#define IMPLEMENT_BSTR_STOCKPROP( fname, pname, dispid )&#xA;#define IMPLEMENT_STOCKPROP( type, fname, pname, dispid )&#xA;#define A2BSTR(lpa)&#xA;#define OLE2A(lpa)&#xA;#define T2A(lpa)&#xA;#define W2A(lpa)&#xA;#define A2COLE(lpa)&#xA;#define OLE2BSTR(lpa)&#xA;#define T2BSTR(lpa)&#xA;#define W2BSTR(lpa)&#xA;#define A2CT(lpa)&#xA;#define OLE2CA(lpa)&#xA;#define T2CA(lpa)&#xA;#define W2CA(lpa)&#xA;#define A2CW(lpa)&#xA;#define OLE2CT(lpa)&#xA;#define T2COLE(lpa)&#xA;#define W2COLE(lpa)&#xA;#define A2OLE(lpa)&#xA;#define OLE2CW(lpa)&#xA;#define T2CW(lpa)&#xA;#define W2CT(lpa)&#xA;#define A2T(lpa)&#xA;#define OLE2T(lpa)&#xA;#define T2OLE(lpa)&#xA;#define W2OLE(lpa)&#xA;#define A2W(lpa)&#xA;#define OLE2W(lpa)&#xA;#define T2W(lpa)&#xA;#define W2T(lpa)&#xA;#define DEVMODEA2W(lpa)&#xA;#define TEXTMETRICA2W(lpa)&#xA;#define DEVMODEOLE2T(lpa)&#xA;#define TEXTMETRICOLE2T(lpa)&#xA;#define DEVMODET2OLE(lpa)&#xA;#define TEXTMETRICT2OLE(lpa)&#xA;#define DEVMODEW2A(lpa)&#xA;#define TEXTMETRICW2A(lpa)&#xA;#define DECLARE_WND_CLASS( WndClassName )&#xA;#define DECLARE_WND_SUPERCLASS( WndClassName, OrigWndClassName )&#xA;#define DECLARE_WND_CLASS_EX( WndClassName, style, bkgnd )&#xA;&#xA;// OLE DB&#xA;#define BEGIN_ACCESSOR( num, bAuto )&#xA;#define BEGIN_ACCESSOR_MAP( x, num )&#xA;#define END_ACCESSOR( )&#xA;#define END_ACCESSOR_MAP( )&#xA;#define BEGIN_COLUMN_MAP( x )&#xA;#define BOOKMARK_ENTRY( variable )&#xA;#define COLUMN_ENTRY( nOrdinal, data )&#xA;#define COLUMN_ENTRY_TYPE ( nOrdinal, wType, data )&#xA;#define COLUMN_ENTRY_TYPE_SIZE( nOrdinal, wType, nLength, data )&#xA;#define BLOB _ENTRY( nOrdinal, IID, flags, data )&#xA;#define COLUMN_ENTRY_EX( nOrdinal, wType, nLength, nPrecision, nScale, data, length, status )&#xA;#define COLUMN_ENTRY_LENGTH( nOrdinal, data, length )&#xA;#define COLUMN_ENTRY_LENGTH_STATUS( nOrdinal, data, length, status )&#xA;#define COLUMN_ENTRY_PS( nOrdinal, nPrecision, nScale, data ) &#xA;#define COLUMN_ENTRY_PS_LENGTH( nOrdinal, nPrecision, nScale, data, length )&#xA;#define COLUMN_ENTRY_PS_STATUS( nOrdinal, nPrecision, nScale, data, status )&#xA;#define COLUMN_ENTRY_PS_LENGTH_STATUS( nOrdinal, nPrecision, nScale, data, length, status )&#xA;#define COLUMN_ENTRY_STATUS( nOrdinal, data, status )&#xA;#define END_COLUMN_MAP( )&#xA;#define DEFINE_COMMAND( x, szCommand )&#xA;#define BEGIN_PARAM_MAP( x )&#xA;#define END_PARAM_MAP( )&#xA;#define SET_PARAM_TYPE( type )&#xA;#define BEGIN_PROPERTY_SET( pguid )&#xA;#define BEGIN_PROPERTY_SET(pguid, flags)&#xA;#define BEGIN_PROPSET_MAP( Class )&#xA;#define CHAIN_PROPERTY_SET( ChainClass )&#xA;#define END_PROPERTY_SET( guid )&#xA;#define END_PROPSET_MAP( )&#xA;#define PROPERTY_INFO_ENTRY( dwPropID )&#xA;#define PROPERTY_INFO_ENTRY( dwPropID, vt, dwFlags, value, options)&#xA;#define PROPERTY_INFO_ENTRY( dwPropID, value )&#xA;#define BEGIN_PROVIDER_COLUMN_MAP( theClass ) &#xA;#define END_PROVIDER_COLUMN_MAP( )&#xA;#define PROVIDER_COLUMN_ENTRY_GN ( name, ordinal, flags, colSize, dbtype, precision, scale, guid )&#xA;#define PROVIDER_COLUMN_ENTRY_FIXED( name, ordinal, dbtype, member )&#xA;#define PROVIDER_COLUMN_ENTRY_LENGTH( name, ordinal, size, member )&#xA;#define PROVIDER_COLUMN_ENTRY_STR( name, ordinal, member )&#xA;#define PROVIDER_COLUMN_ENTRY_WSTR( name, ordinal, member )&#xA;&#xA;// PARSE&#xA;#define BEGIN_PARSE_MAP( theClass, baseClass )&#xA;#define ON_PARSE_COMMAND( FnName, mapClass, Args )&#xA;#define ON_PARSE_COMMAND_PARAMS( Params )&#xA;#define DEFAULT_PARSE_COMMAND( FnName, mapClass )&#xA;#define END_PARSE_MAP( theClass )&#xA;#define END_PROPERTY_SET( guid )&#xA;#define BEGIN_PROPSET_MAP( Class )&#xA;#define PROPERTY_INFO_ENTRY( dwPropID )&#xA;#define END_PROPSET_MAP( )&#xA;&#xA;#define MAKELPARAM(low, high)&#xA;#define MAKELRESULT(low, high)&#xA;#define MAKELP(sel, off) &#xA;#define SELECTOROF(lp) &#xA;#define OFFSETOF(lp) &#xA;#define FIELDOFFSET(type, field)&#xA;#define afx_msg&#xA;#define ACE_ALLOC_HOOK_DECLARE&#xA;&#xA;// xerces&#xA;#define XERCES_CPP_NAMESPACE_BEGIN namespace xerces {&#xA;#define XERCES_CPP_NAMESPACE_END }&#xA;#define XERCES_CPP_NAMESPACE_USE using namespace XERCES_CPP_NAMESPACE;&#xA;#define XERCES_CPP_NAMESPACE_QUALIFIER XERCES_CPP_NAMESPACE::&#xA;#define CDOM_EXPORT&#xA;#define ATL_NO_VTABLE&#xA;#define PLATFORM_IMPORT&#xA;#define PARSERS_EXPORT&#xA;&#xA;// QT&#xA;#define Q_AUTOTEST_EXPORT&#xA;#define Q_CLASSINFO(name, value)&#xA;#define Q_COMPAT_EXPORT&#xA;#define Q_CORE_EXPORT&#xA;#define Q_CORE_EXPORT_INLINE inline&#xA;#define Q_D(Class)&#xA;#define Q_DECL_IMPORT&#xA;#define Q_DECLARE_ASSOCIATIVE_ITERATOR(map)&#xA;#define Q_DECLARE_BUILTIN_METATYPE(TYPE, NAME)&#xA;#define Q_DECLARE_EXTENSION_INTERFACE(IFace, IId)&#xA;#define Q_DECLARE_FLAGS(Flags, enum)&#xA;#define Q_DECLARE_INTERFACE(IFace, IId)&#xA;#define Q_DECLARE_METATYPE(txt)&#xA;#define Q_DECLARE_MUTABLE_SEQUENTIAL_ITERATOR(c)&#xA;#define Q_DECLARE_MUTABLE_ASSOCIATIVE_ITERATOR(c)&#xA;#define Q_DECLARE_OPERATORS_FOR_FLAGS(Flags)&#xA;#define Q_DECLARE_PRIVATE(Class)&#xA;#define Q_DECLARE_PUBLIC(Class)&#xA;#define Q_DECLARE_SEQUENTIAL_ITERATOR(name)&#xA;#define Q_DECLARE_SHARED(name)&#xA;#define Q_DECLARE_TYPEINFO(TYPE, FLAGS)&#xA;#define Q_DECL_DEPRECATED&#xA;#define Q_DISABLE_COPY(Class)&#xA;#define Q_DUMMY_COMPARISON_OPERATOR(c)&#xA;#define Q_ENUMS(x)&#xA;#define Q_FLAGS(x)&#xA;#define Q_GADGET&#xA;#define Q_GUI_EXPORT&#xA;#define Q_GUI_EXPORT_INLINE inline&#xA;#define Q_INLINE_TEMPLATE&#xA;#define Q_INTERFACES(x)&#xA;#define Q_NETWORK_EXPORT&#xA;#define Q_NOREPLY&#xA;#define Q_OBJECT&#xA;#define Q_OPENGL_EXPORT&#xA;#define Q_OUTOFLINE_TEMPLATE inline&#xA;#define Q_OVERRIDE(text)&#xA;#define Q_PRIVATE_SLOT(d, signature)&#xA;#define Q_PROPERTY(text)&#xA;#define Q_Q(Class)&#xA;#define Q_REQUIRED_RESULT&#xA;#define Q_SCRIPTABLE&#xA;#define Q_SIGNALS protected&#xA;#define Q_SLOTS&#xA;#define Q_SQL_EXPORT&#xA;#define Q_SVG_EXPORT&#xA;#define Q_TESTLIB_EXPORT&#xA;#define Q_TYPENAME typename&#xA;#define Q_XML_EXPORT&#xA;&#xA;#define QDBUS_EXPORT&#xA;#define QDESIGNER_COMPONENTS_EXPORT&#xA;#define QDESIGNER_EXTENSION_EXPORT&#xA;#define QDESIGNER_SDK_EXPORT&#xA;#define QDESIGNER_SHARED_EXPORT&#xA;#define QDESIGNER_UILIB_EXPORT&#xA;#define QDESIGNER_WIDGET_EXPORT&#xA;#define QDOC_PROPERTY(text)&#xA;&#xA;#define QT_ASCII_CAST_WARN&#xA;#define QT_ASCII_CAST_WARN_CONSTRUCTOR&#xA;#define QT_ASSISTANT_CLIENT_EXPORT&#xA;#define QT_BEGIN_HEADER&#xA;#define QT_DEPRECATED&#xA;#define QT_DEPRECATED_VARIABLE&#xA;#define QT_DEPRECATED_CONSTRUCTOR&#xA;#define QT_END_HEADER&#xA;#define QT_FASTCALL&#xA;#define QT_FT_BEGIN_HEADER&#xA;#define QT_FT_END_HEADER&#xA;#define QT_MOC_COMPAT&#xA;#define QT_MODULE(name)&#xA;#define QT_STATIC_CONST static const&#xA;#define QT_STATIC_CONST_IMPL const&#xA;#define QT_TR_NOOP(x)&#xA;#define QT_TRANSLATE_NOOP(scope, x)&#xA;&#xA;#define slots&#xA;#define signals protected&#xA;&#xA;&#xA;// Microsoft extension&#xA;#define CALLBACK&#xA;#define LRESULT void&#xA;#define _ENTRY(p1, p2, p3, p4) p1&#xA;&#xA;#define CFX_EXPORT&#xA;&#xA;// GCC&#xA;#define __extension__&#xA;&#xA;// Symbian macro&#xA;#define _L(string) TPtrC((const TText*) string)&#xA;#define _LIT(name,s) const static TListC&lt;sizeof(s)> name = {sizeof(s) -1,s}&#xA;#define _LIT8(name,s) const static TListC&lt;sizeof(s)> name = {sizeof(s) -1,s}&#xA;&#xA;#define IMPORT_C /*__declspec(dllimport)*/&#xA;#define EXPORT_C /*__declspec(dllexport)*/&#xA;&#xA;#define NONSHARABLE_CLASS(x) class x&#xA;#define NONSHARABLE_STRUCT(x) struct x&#xA;&#xA;#define GLREF_D extern&#xA;#define GLDEF_D&#xA;#define LOCAL_D static&#xA;#define GLREF_C extern&#xA;#define GLDEF_C&#xA;#define LOCAL_C static&#xA;">
    <userDefinedAttributeCreationRule xmi:id="_6-y6UelYEeKM1O5DqVzPvA">
      <rules xmi:id="_6-y6UulYEeKM1O5DqVzPvA" pattern="*" classType="DataType"/>
    </userDefinedAttributeCreationRule>
  </md.ce.cppAnsi.rt.options:CppLanguageOptions>
  <md.ce.csh.rt.options:CshLanguageOptions xmi:id="_6-y6U-lYEeKM1O5DqVzPvA" header="@(#) $FILE_NAME" documentationProcessorID="STANDARD_PROCESSOR">
    <documentationTagProcessors xsi:type="md.ce.csh.code.documentation:CshDocumentationProcessor" xmi:id="_6-y6VOlYEeKM1O5DqVzPvA" ID="CSH_XML_PROCESSOR">
      <documentationTagManagers xmi:id="_6-y6VelYEeKM1O5DqVzPvA" ID="CLASSIFIER">
        <documentationTags xmi:id="_6-y6VulYEeKM1O5DqVzPvA" name="summary" valueEditable="false"/>
        <documentationTags xmi:id="_6-y6V-lYEeKM1O5DqVzPvA" name="remarks" valueEditable="false"/>
        <documentationTags xmi:id="_6-y6WOlYEeKM1O5DqVzPvA" name="permission" valueEditable="false"/>
        <documentationTags xmi:id="_6-y6WelYEeKM1O5DqVzPvA" name="example" valueEditable="false"/>
        <documentationTags xmi:id="_6-y6WulYEeKM1O5DqVzPvA" name="seealso" valueEditable="false"/>
        <documentationTags xmi:id="_6-y6W-lYEeKM1O5DqVzPvA" name="include" valueEditable="false"/>
      </documentationTagManagers>
      <documentationTagManagers xmi:id="_6-y6XOlYEeKM1O5DqVzPvA" ID="OPERATION">
        <documentationTags xmi:id="_6-y6XelYEeKM1O5DqVzPvA" name="summary" valueEditable="false"/>
        <documentationTags xmi:id="_6-y6XulYEeKM1O5DqVzPvA" name="value" valueEditable="false"/>
        <documentationTags xmi:id="_6-y6X-lYEeKM1O5DqVzPvA" name="param" valueEditable="false"/>
        <documentationTags xmi:id="_6-y6YOlYEeKM1O5DqVzPvA" name="returns" valueEditable="false"/>
        <documentationTags xmi:id="_6-y6YelYEeKM1O5DqVzPvA" name="exception" valueEditable="false"/>
        <documentationTags xmi:id="_6-y6YulYEeKM1O5DqVzPvA" name="permission" valueEditable="false"/>
        <documentationTags xmi:id="_6-y6Y-lYEeKM1O5DqVzPvA" name="example" valueEditable="false"/>
        <documentationTags xmi:id="_6-y6ZOlYEeKM1O5DqVzPvA" name="seealso" valueEditable="false"/>
        <documentationTags xmi:id="_6-y6ZelYEeKM1O5DqVzPvA" name="include" valueEditable="false"/>
      </documentationTagManagers>
      <documentationTagManagers xmi:id="_6-y6ZulYEeKM1O5DqVzPvA" ID="ATTRIBUTE">
        <documentationTags xmi:id="_6-y6Z-lYEeKM1O5DqVzPvA" name="summary" valueEditable="false"/>
        <documentationTags xmi:id="_6-y6aOlYEeKM1O5DqVzPvA" name="permission" valueEditable="false"/>
        <documentationTags xmi:id="_6-y6aelYEeKM1O5DqVzPvA" name="example" valueEditable="false"/>
        <documentationTags xmi:id="_6-y6aulYEeKM1O5DqVzPvA" name="seealso" valueEditable="false"/>
        <documentationTags xmi:id="_6-y6a-lYEeKM1O5DqVzPvA" name="include" valueEditable="false"/>
      </documentationTagManagers>
    </documentationTagProcessors>
    <userDefinedAttributeCreationRule xmi:id="_6-y6bOlYEeKM1O5DqVzPvA">
      <rules xmi:id="_6-y6belYEeKM1O5DqVzPvA" pattern="*" classType="DataType"/>
    </userDefinedAttributeCreationRule>
  </md.ce.csh.rt.options:CshLanguageOptions>
  <md.ce.msil.rt.options:MsilLanguageOptions xmi:id="_6-y6bulYEeKM1O5DqVzPvA" header="@(#) $FILE_NAME" documentationProcessorID="STANDARD_PROCESSOR">
    <userDefinedAttributeCreationRule xmi:id="_6-y6b-lYEeKM1O5DqVzPvA">
      <rules xmi:id="_6-y6cOlYEeKM1O5DqVzPvA" pattern="*" classType="DataType"/>
    </userDefinedAttributeCreationRule>
  </md.ce.msil.rt.options:MsilLanguageOptions>
  <md.ce.corbaidl.rt.options:CORBAIDLLanguageOptions xmi:id="_6-y6celYEeKM1O5DqVzPvA" header="@(#) $FILE_NAME" documentationProcessorID="STANDARD_PROCESSOR">
    <userDefinedAttributeCreationRule xmi:id="_6-y6culYEeKM1O5DqVzPvA">
      <rules xmi:id="_6-y6c-lYEeKM1O5DqVzPvA" pattern="*" classType="DataType"/>
    </userDefinedAttributeCreationRule>
  </md.ce.corbaidl.rt.options:CORBAIDLLanguageOptions>
</xmi:XMI>
</filePart>
	</xmi:Extension>
	<xmi:Extension extender='MagicDraw UML 18.0'>
		<filePart name='PROJECT-17774796-0604-4438-a00a-d26ff07ccd4e' type='BINARY'>H4sIAAAAAAAAAAMAAAAAAAAAAAA=</filePart>
	</xmi:Extension>
	<xmi:Extension extender='MagicDraw UML 18.0'>
		<filePart name='personal-com.nomagic.magicdraw.core.project.options.personalprojectoptions' type='XML' header='&lt;?xml version=&quot;1.0&quot; encoding=&quot;ASCII&quot;?&gt;'>
<project.options:UserProjectOptions xmi:version="2.0" xmlns:xmi="http://www.omg.org/XMI" xmlns:project.options="http://www.nomagic.com/ns/magicdraw/core/project/options/1.0" xmi:id="_HB5nAFYDEeCyhsLctII43A" optionsString="UEsDBBQACAgIAHNHMkUAAAAAAAAAAAAAAAAAAAAA7V1bd+JGEn52fgVP8VMyiLs3zORgkCfa5eIF7Nl5kU5bamztCIno4tj767eqb2oJsMHDZnJ2dJgDkrq7ui5fVXWp20n/16d1UHukceJH4ftz4+f6eY2GbuT54f3785vl1U+9818//PBD/zqONjROn2/9xE+jeOC6dAO/H3446689M6BrGqY1yn+HAUmS9+cLf70J6CJ9Dug59Dvrh2RNPyyWn8emc23OF7PpYOxcz2dwvbTMRf8da8eOHl2RLEhrT2v/b48kyOj78xUJEnr+jjXvm1DyOCEhuacxm1TMquazprfWwrpEFnbMfNbfFGlYow+O0XPqjtFoNevNC+oYLcOoN+r1ZrfVgMfNesPoOK1mp9t/tz2WkdyrnzQGLUumObc5AzB6PPg8u1k6l+bVbG46VzfjsbMYzk1zmk8l5siHjWjixv4mBXO+RMEZmXBhXS+tmUatOJgx/05xf1JhzH9ZyxNIVCZzcrEuoyigJHxBLmvhXM5nnxbm3BHIOliW7aGH8n/WZ26hO0gaZ8I/Dpdu+BD5Ln1BOMmetTQnzvLzNfrKgcJtDz1SuA/9d/yXP3MZr7rEMBKEdnHkzHWzOIbARRcb6vor3yX42B5lcfHCClMaw3hbKOQWSdnm0yamCYZA+yNJqW2twX9tK0xSAiR5n7EPI0kgACFvkR64urydZkEgr+eUqGvuHfLuJgz8NVx6U5ICX4E9gclhxn1SzDbk94xqTHJy2oOlv6alWyWpY3QhfjXuaEocw+ndkXqj24HA1egZ3Xq302y1u06v16s3DehZNwSGzvp+6NEnXd8/YXY4EmHTbH1H4wMQNrJurRH8jmfDQREgB+KsTOArXEkT9KwfRH/MSXi/r8Ppfe1ydjMdHe9nfNipfey0aDgomo5mw4WzHFy+JZyWx/7J8fTVJCiNxbPY0TYWye9IG9drRqtWZ58GERdGh/20a11+0ax1qGiSn47s2oSvFra2VjgEabUu8KujrlgXo9i6ksPabFhXNTBSLUWvy2Zp1WtdyUGjxIkhflel5/U9/d/6kfO0XuWIf7qyQ7PW7O7s6Xq1dq9AXafKnzQbtVVnq3dRNu+u1qR7KMqPTll+mm75wu2VL77249WkOZl1kakWaqPdULfYpY0YaSsE8da2/GLQ7EiByqyVAdAq/fZEL68hLoyvhUQRCjpvuymDI/GuzVpDPitK0XBr3WaBBvXw4W76q4savdsaVy/0yVtWjVqHt1wYNdoqUcil2aJdo6REuvzB9jaTkBlsJW+Z1dgzzeXZM85Sj+RGKOP1W5tT5+2t5sxVjp0YpXbN5fN02jXS2zNTrnydwjcwbO62LFAz72TuyBrYFQverMu+0K7L+tezs87bd2tnjDBt7MStxr5YPFZm1zJ1HpnZM7ck8F/PxDpv362JDaaPHabk2TdfdO1w7Rcycp6f/noZWeftu8rIrVqnWaCR08/paZ3qW1NrnVp79NBC3ItJ2P3JsaXNcIL142q1+19Jca2SaaS7a8x8fbTcKdlXpViN4ltWY4coRzlqQ67ftiBUQKYh+3QOIt+sXaj6qPfKiLJndUv3Rum+Xbov9/tzylf86O9STvfKYGQNPs4Hk8Wx7wxK445/acCUJyOLoQJWV6qkiY+aPXVbLzYgnpo4vNmUrfwKlcgArXVuqStDdW6oEay1I2fTKOdUuqpL3rmjWnM2FBUdIq7MJLRRalEJ/38ndb3I+YUSs6vGNtRttyh1TxEwCl+a1I0CV/9vFnyz242txVLuAH7e4XWD0chCVxmMneFsuhxY04k5XTrLuXnEFshLRE6+U/WaRL9Zo5E5VRtOx0mya/C32EIEERfm2BwuzZEzmY1ucBt3sPztiN3DPRSODY8/BukvPu4PBcHPcRSlP96nv+CwlR/Q5E2IfHV/YG4OET2frOkIrHCwyMVhh8u5vRewcyO82er0Gq220+20OmwfvGdv9at3Whe9brPR7badXt0wDKfVaLROu7XwKvw/Q8vYmv7DuRrczubW8hj0b489OfjF07GfpC9gQM7vAIQxlhwuw9bIw5Hg+ckmIM/kLqDL5w1NdFOZTxsS4p7jNPKoPYGvwP5IQ9zl9P/Ddy+HUZjGUXAVRH/YUjR7TvyEmk94iAT6DFy+SeuT+5is7RHdUMBE6D7bExrfU0Z7TolnJUxb/sqn3uzu39RNxchhTElKx374RTy4Ju4Xck+t9SaKU7gDsjSl8YKmuHmauWzf9Yri/itlHPphxtlFAo9++gxjUp89scJNll77uOcbfjFDb0RSYi+AwwILRalxouL+8cK/D0lgDzzvlsQ+KpM9F6MnWZD6m8B3YWYBBVQWhhOb9SvuCLPNXcKG3iRcN+ZTCoMEuQX9PcN9ZKa5a1SBJhZXBWtiX0ynpZ3q7TmlpgNK4i0VykZuakZV7T9zLbFngySJXF/BIklj4oOgS7oGgKUUlSKFv8ENcVuzqKSnjRMtV36IfOcb99o0XDYzdMkmyXAOTyEoVjphBBiD5S31R2TlnxmYFQdwQ86pR1cwQmN2GK3XWSgUdU3SB4RwED1jY9Fwcyogb1/SB/LoR7HNjjFEz5qoOYtSM8pqNj94xRgTvQFRW/bQoXUVxV+EcNTNUuRb3AJgPBuBLXkpaIdZWmJVt76mXvFYjuczIPwLQo+jaJNPybQ7BXFkJEQ7gB6GkEtnEB10wmrAdeQzPcONR2PrPgRmr2Jyz7ESrkmcPMB4hRXwXGVSwdO+0xWlkxx7ZJhlqYgCmoomJPRXYD5JaEUDP6TqsMnsLkHI5vBdEZeq+EM9iT/uGxBuoJ25fRq5EQJ9FcVrjCDiBIiQbhljyE13HgQRcY+FTVtpcxtGiO4ie2wuvGaBekQfIfvD48eo6P6gZO4VZpitBXmhQRYTeZiT0ANSuXOBl9yBejxlt2Xs36PKMXwh/HmkgAiruzyPcprXz+l94WiP1JemlgNOBglF5amBcVGCe24qzegQaeI0v5fYlzmsfNBo35kfkCikDPiaJm0expbAvwUJEBLQ81aGK2QdhVYzfPTjKOR6hSytnAuzFT7gIR0BLDLVLAZPwliv2d5K6doewjA86ZStViJNyESpGUQZkTNWYGoRRHlQZ4Bgoy/jiHguSdICRpQB9IBassOnGDS3L+nkodbexvnW0SlJmcVsxn9AsoTm/onHtuTSRTootzmXsWxvAJVa/zA+tUAuznUBou2rLGTPVNiHvD0kMLGEL7P8hLgPGEEEOnWVzOk6eqS71g4L4JxGKdqYi6vmUOETOSgcCmMXcQapSGgZxRSedR0jUv1HttpTOr2EZTqiReBWY21b64i5BUCbJ5phHpjZ6TqhFXv4gOeqeDSBvMg96rmAJD1EQd7NXKpwL9adguetEKKSdr40QbZlKplTwDZGhdwPUUeFiMw1/mJu5UjmImBKSzaEk/RYIJIpSJlQrRy2vaNwIBFtpYU8FcjVmrK8qiDbawAlOKyBQ4oiF4ENqNid6nijWvVKnXyMo2yj1sB5hGXLYbRxyTOYM5TXD1vgyfkrn7DUgg10CgJyF3El4IqXq1w/dTnyY6BMvTkNWK/kwd9IpYoyQMZmTbN58FgSSJmpPivTOoBikd0lEImzPEBLN92XXArs2gWO/g7oY6CQ2srLEKFaFlClXgfhMy4ZwRkLErOzpQX3zEucIre7QXGd0MyLEpZsdFxw92ErABm72LR5EseyCGIeGk0kWwY+GqwEaemJKjjBHLCMQBwofcPSR6525vBA5jgrdIMMl0J3aB5XX52VEYqLYC2u3EJRSZ8UVE3vnr52qFYsuwvhpnSMVhRggw0WZkTEHbF+/w2QEdBYvcRIoJznwK5q5KpGrmrkqkauauSqRq5q5KpGrmrkqkauauSqRq5q5KpG/r5rZBdKH0AU2/3e/Zd2Z/0IMy719vzp/9H76S/spatjIOWt8YP31PdSqPbWq/cG1XuD6r1B9d6gem9QvTeo3htU7w2q9wbVe4PqvUH13qB6b1C9N6j21qsauaqRqxq5qpGrGrmqkasauaqRqxq5qpGrGrmqkasauaqR31gjQw65CRM+w/7t88P24DGUy131vYQ2JMYagPO2v+MJ/9vAc3NiTi7NufP1O/evk3rjH/gXbwt3/Xf7/h8K/wVQSwcIHSQ16x0MAACFYQAAUEsBAhQAFAAICAgAc0cyRR0kNesdDAAAhWEAAAAAAAAAAAAAAAAAAAAAAAAAAFBLBQYAAAAAAQABAC4AAABLDAAAAAA=" diagramViewStyleString="UEsDBBQACAgIAHNHMkUAAAAAAAAAAAAAAAAAAAAA7ZdNT+MwEIbP8Ct6y4k2/krsVVoENKwqLVC13Q8uWN7EFEtJHCUpFH49JiktARVa2l2JXU6W63lnxs/EM6q3P42jxrXMcqWTtgWattWQSaBDlYzb1vfR8R619ju7u14/06nMitsfKleFzg6CQKZm7ezueHHoRzKWSdGQ1XoUiTxvW0MVp5EcFreRtIzdjpeIWHaGo/NvPu/2Dr4ODk54f3DW9wejnj/0WuXxg10oL8UkKhrTWH25FtFEtq1LEeXSapXHy+I9pngiEjGWWRlzFpQDym0OIEY2YpIDbDuYURdB6rjcQQg6lGOIySKJHS+tu+t1l3hhCGDIOHEoZohjDIyXl9rS5bLMTyfxb5k95l8lvkjAqO+0jo9FYIAvfM+cLuy6Mg8ylRamkjUJ7/rDo0GvP+qdnS7kdevKUwn7KXbYRK7r2pQBQBlxCaxKYEyL2/SZpT0/i/TNQCTj2jloYhtARrGDEcQUuP4eJnPFlRpfvZAgI4EUIuw4iBJIqeMjOpN4rTnL19Eeah1JkbzCNlRinIn4LJWJDFfGW1NtQLjIJnL7dzJ1V9dy5ctU5qveYuU83/ysZxCHQaajqK9NZzFRfq1bg2fyDYoBHELf+I73YBNgF1PkYOqzdSv3PiLnmxE534CI65I/CuToSqtAvg3kp0pCfXOoJ0mYr0vjqXZNFB2vVa3Vb0GZba3tXUB8wQC7MF1yjsnEk9MaIzCHuMVHHoupitXdGk1rrnjnU3++3cYkBsB+aPEUEsKpzSBzOUaUrjmJSy/EpYQRs0MYYDOJ6T80icGTZ/g5e//b2bulW3y4yWx/juW/h+NzKH/coVzbea1lf9vvAVBLBwjx308xegIAAPgPAABQSwECFAAUAAgICABzRzJF8d9PMXoCAAD4DwAAAAAAAAAAAAAAAAAAAAAAAAAAUEsFBgAAAAABAAEALgAAAKgCAAAAAA=="/>
</filePart>
	</xmi:Extension>
	<xmi:Extension extender='MagicDraw UML 18.0'>
		<filePart name='Records.properties' type='BINARY'>H4sIAAAAAAAAAMVUTY+bMBC98yuQlquRMTaGlTh0oz20h7ba3UtPkbGH4AowMqRt/n2dBLpRdukWNWkvNoxn/Pzm492sTNOJQRe61sPOh3awO+/mqdr6j9D5Uerj9JZlt3Hqr+4fn3yCI+p1YHvTihpJ04StacRGy/CwKiu+h9JYCDtrvoIcQtMN2rR9OMWM9tGcX+4q7/QGqcMGBtEYBfUUn7/l4Ln9xy6sjRT1ev354dOH+9VTUEWcc8qzJKhwgmlQURqnQSUwFkGlSFKWmEupKKwt9GZrJawdUKBGpED9YhOobVOvtwdMZz5ufSu6vjJD/j/Bz3N3fMt0GiropdXdYOzJZ3+ezz8K8kZmaCKG9rzQnhbas0KnpPIlzjPVSzlnLIWMEFpGEVUMKxBRGWciklGUzeVNapekqUECNXbIm+W6EtrzxN3pVlgN/T7bzji4z/x3h97MXIEbraYxrXSI0G50C2B1u8mXub/oG/cS3Q/QuoBDasam6Kz+JgZQ0EGr3Omudl4v+mdJ8GWrPTMlfSUsqOffq9R+Gbb3WgMsqPtrenos7Zkw/2X8DP6e4VFzD+sMypmXd/f+47uHL4hJCWVUSEQzyRDFnKBMldiJQkR4STmNgeQLfGd6SDCCMc5KJ75F4WSWJjILqiLBTngLlvCEk0QUpLywdFwbdsqiLFiaJgSQjFWCaClKlDESo5jJWDotjZjM8gW+V8riRUby3z7C+wm4ownaTAkAAA==</filePart>
	</xmi:Extension>
</xmi:XMI>